Unity Player [version: Unity 5.6.0f3_497a0f351392]

d3d11.dll caused an Access Violation (0xc0000005)
  in module d3d11.dll at 0023:6e30c7ba.

Error occurred at 2017-04-07_142048.
C:\Users\williamd\Documents\robot-sim\Scene_Test000.exe, run by williamd.
84% memory in use.
0 MB physical memory [1265 MB free].
0 MB paging file [1561 MB free].
0 MB user address space [29 MB free].
Read from location 0000009d caused an access violation.

Context:
EDI:    0xcb58d234  ESI: 0x043bd5d0  EAX:   0x9578e4ed
EBX:    0x00000000  ECX: 0x00000000  EDX:   0x08264ebc
EIP:    0x6e30c7ba  EBP: 0x00bae918  SegCs: 0x00000023
EFlags: 0x00210286  ESP: 0x00bae90c  SegSs: 0x0000002b

Bytes at CS:EIP:
0f be 81 9d 00 00 00 81 c2 5c ff ff ff 51 52 8b 

Stack:
0x00bae90c: 00000000 043bd5d0 9578e4ed 00bae92c ......;...x.,...
0x00bae91c: 01632c19 08264ebc 00000000 00000000 .,c..N&.........
0x00bae92c: 00bae948 0171a048 044ba230 00000000 H...H.q.0.K.....
0x00bae93c: 00baeccc 043bd5d0 00000900 00bae97c ......;.....|...
0x00bae94c: 017229d8 00baeccc 00000000 00000000 .)r.............
0x00bae95c: 00000948 00000018 00000364 00000000 H.......d.......
0x00bae96c: 00000000 000291d5 00000000 00034540 ............@E..
0x00bae97c: 00bae9bc 016129bd 00005160 00000364 .....)a.`Q..d...
0x00bae98c: 00000948 00000000 00001290 05034540 H...........@E..
0x00bae99c: 00000000 00000000 04dd4058 05035624 ........X@..$V..
0x00bae9ac: 0000000c 00000000 00000948 00000018 ........H.......
0x00bae9bc: 00bae9fc 0166e5fd 05034540 016119f0 ......f.@E....a.
0x00bae9cc: 016d5530 00000000 04dd4040 00000001 0Um.....@@......
0x00bae9dc: 00000000 00baeccc 05032d20 021c77a8 ........ -...w..
0x00bae9ec: 00000036 00baea14 014671cf 000211e8 6........qF.....
0x00bae9fc: 00baed70 01612127 016119f0 016d5530 p...'!a...a.0Um.
0x00baea0c: 00000000 04dd4040 00000001 00000000 ....@@..........
0x00baea1c: 00baeccc 11466d70 11466d70 11466d70 ....pmF.pmF.pmF.
0x00baea2c: 11466d70 114687b0 114687b0 114687b0 pmF...F...F...F.
0x00baea3c: 114687b0 114687b0 114687b0 114687b0 ..F...F...F...F.
0x00baea4c: 114687b0 00000007 01611dfd 00000948 ..F.......a.H...
0x00baea5c: 00000364 048b60a0 000211e8 00000003 d....`..........
0x00baea6c: 00000004 ffffffff 00000000 00000008 ................
0x00baea7c: 00baed80 00000000 00000008 000000f0 ................
0x00baea8c: 00000000 00000000 000000f8 000210f0 ................
0x00baea9c: 00000004 043a5290 043a5290 049df760 .....R:..R:.`...
0x00baeaac: 050352e8 05034540 0a949c00 00000170 .R..@E......p...
0x00baeabc: 00000170 08264e18 074d7940 00000000 p....N&.@yM.....
0x00baeacc: 3f800000 bf800000 00000000 00000000 ...?............
0x00baeadc: 00baebfc 08264e18 00000100 00baeb00 .....N&.........
0x00baeaec: 6e2fe715 00000001 00baeb84 6e2fb105 ../n........../n
0x00baeafc: 0826b938 0c84da30 00000000 00000004 8.&.0...........
0x00baeb0c: 00000000 00baeb50 08264e18 6e2fafe0 ....P....N&.../n
0x00baeb1c: 6e2fb17c 0c84da30 00000000 00000000 |./n0...........
0x00baeb2c: 00baeb00 00000001 00000000 00baebfc ................
0x00baeb3c: 0c84d8e0 00000000 08264e18 00000001 .........N&.....
0x00baeb4c: 00baeb5c 0a43a700 000000a0 000000a0 \.....C.........
0x00baeb5c: 00000000 0c84d8e0 074d7ce0 00000000 .........|M.....
0x00baeb6c: 00baeb84 6e2fe715 00000001 0c84d8e0 ....../n........
0x00baeb7c: 08264e18 00baebc0 6e2fb243 0826b938 .N&.....C./n8.&.
0x00baeb8c: 0c84da30 00000000 08264ebc 043a6290 0........N&..b:.
0x00baeb9c: 6e2fb25f 08264e18 00000001 6e30e700 _./n.N&.......0n
0x00baebac: 00000001 00000000 0a43a700 000000a0 ..........C.....
0x00baebbc: 9578e635 00baebdc 6e30c816 08264e18 5.x.......0n.N&.
0x00baebcc: 0c84d8e0 043a6250 043a6250 08264ebc ....Pb:.Pb:..N&.
0x00baebdc: 00baec14 016321aa 08264ebc 043a6250 .....!c..N&.Pb:.
0x00baebec: 000000f0 049df7d0 00baec64 05034540 ........d...@E..
0x00baebfc: 0a43a700 000000a0 000000a0 00000004 ..C.............
0x00baec0c: 05035b20 00000004 00baec88 0163d4d2  [............c.
0x00baec1c: 00baec3c 6e30b1e4 0826b938 0000060c <.....0n8.&.....
0x00baec2c: 000000c4 00000000 6e30b1ef 9578e1c9 ..........0n..x.
0x00baec3c: 00baec74 01634619 08264ebc 0000060c t....Fc..N&.....
0x00baec4c: 00000000 00000000 05034540 043d5630 ........@E..0V=.
0x00baec5c: 08264ebc 00000000 ba231899 b93cdb68 .N&.......#.h.<.
0x00baec6c: 00000001 03000000 03000c00 00000000 ................
0x00baec7c: 02001800 00000000 00000000 00000000 ................
0x00baec8c: 04002000 0000008b 00000000 00300000 . ............0.
0x00baec9c: 00000000 00000000 00000000 00000000 ................
0x00baecac: 00000000 00000000 00000000 00000000 ................
0x00baecbc: 00000000 0ebb9dc0 00000a80 00000038 ............8...
0x00baeccc: 00000000 00000000 000291d5 00000000 ................
0x00baecdc: 047af1f0 00000038 043bd630 06bdbe20 ..z.8...0.;. ...
0x00baecec: 00000000 05032d20 00000364 00000948 .... -..d...H...
0x00baecfc: 00000003 00000000 00000000 00000005 ................
0x00baed0c: 000011db 00baea20 00000000 00000001 .... ...........
0x00baed1c: 03000000 03000c00 00000000 00000000 ................
0x00baed2c: 00000000 00000000 00000000 00000000 ................
0x00baed3c: 00000078 114688b0 00000018 0000000c x.....F.........
0x00baed4c: 048b60a0 00000948 00000364 0000000c .`..H...d.......
0x00baed5c: 0000000c 00000364 00000000 00000948 ....d.......H...
0x00baed6c: 00000000 00baee40 01614738 05032d20 ....@...8Ga. -..
0x00baed7c: 11b53798 04dd4040 0000000c 00000003 .7..@@..........
0x00baed8c: 00000003 00baeda4 00000000 00baee9c ................
0x00baed9c: 047af1f0 048b6040 03000300 02000000 ..z.@`..........
0x00baedac: 00000000 04000000 06bdb080 00000001 ................
0x00baedbc: 06bdb020 00000030 00000000 00000000  ...0...........
0x00baedcc: 00000000 00000000 00000000 00000000 ................
0x00baeddc: 06bdbe20 06bdb800 00000001 06bdb7a0  ...............
0x00baedec: 00000030 00000000 00000000 00000000 0...............
0x00baedfc: 00000000 00000000 00000000 06bdbe20 ............ ...
0x00baee0c: 047b2220 05032d20 00000000 047af1f0  "{. -........z.
0x00baee1c: 00000000 048b60a0 00000364 00000003 .....`..d.......
0x00baee2c: 00000000 00000003 00000948 114687b0 ........H.....F.
0x00baee3c: 048b6040 00baee70 0157e665 11b53798 @`..p...e.W..7..
0x00baee4c: 00baee60 00000003 00000000 00baee9c `...............
0x00baee5c: 00000000 048b6040 0000000c 00000001 ....@`..........
0x00baee6c: 00000000 00baeff8 01582ec0 048b6040 ..........X.@`..
0x00baee7c: 0000000c 00000003 047ae950 015942e1 ........P.z..BY.
0x00baee8c: 00000003 00000000 047c5930 05032d20 ........0Y|. -..
0x00baee9c: 05032d2c 05032d20 021de788 00000001 ,-.. -..........
0x00baeeac: 00000000 00000000 00000000 00000000 ................
0x00baeebc: 00000000 00000000 00000000 00000001 ................
0x00baeecc: 00000000 00000000 00000000 00000001 ................
0x00baeedc: 00000000 00000000 00000000 00000001 ................
0x00baeeec: 00000000 00000000 00000000 00000000 ................
0x00baeefc: 00000001 01535f01 00000000 00000001 ....._S.........
0x00baef0c: 00000000 00000000 048b6040 00000001 ........@`......
0x00baef1c: 0000000c 00000080 00000101 00baeff3 ................
0x00baef2c: 11b53798 016af8d0 01614290 00000003 .7....j..Ba.....
0x00baef3c: 00000000 00000003 f26d3d91 00000000 .........=m.....
0x00baef4c: 00000000 00000000 00000000 00000000 ................
0x00baef5c: 00000000 00000000 00000000 00000000 ................
0x00baef6c: 00000000 00000000 00000000 00000000 ................
0x00baef7c: 00000000 00000000 76beaea6 00000000 ...........v....
0x00baef8c: 00000000 00000000 00000014 00baee9c ................
0x00baef9c: 05032d2c 00000000 11b53798 047c5810 ,-.......7...X|.
0x00baefac: 00000003 11464280 043c10b0 04a8fc70 .....BF...<.p...
0x00baefbc: 00000000 ffffffff 114640d0 043c10b0 .........@F...<.
0x00baefcc: 04a8fc70 00000000 ffffffff 00000000 p...............
0x00baefdc: 00000000 00000036 00000000 00000009 ....6...........
0x00baefec: 047c5940 00baf000 05032d20 00baf014 @Y|..... -......
0x00baeffc: 01610fb1 00001080 047c4710 05032d20 ..a......G|. -..
0x00baf00c: 047c472c 00baf080 00baf064 0167a44f ,G|.....d...O.g.
0x00baf01c: 00000001 01594130 00baf080 047c4710 ....0AY......G|.
0x00baf02c: 047c472c 047c4710 047c5b40 049dab64 ,G|..G|.@[|.d...
0x00baf03c: 000002c8 00baf060 0192411f 047c5b40 ....`....A..@[|.
0x00baf04c: 04a9c780 05032d20 049dab40 047c5940 .... -..@...@Y|.
0x00baf05c: 00baf080 00baf074 00baf0c4 01594ba8 ....t........KY.
0x00baf06c: 00000001 01594130 00baf080 047c4710 ....0AY......G|.
0x00baf07c: 047c472c 047c5930 00baf0c4 00000001 ,G|.0Y|.........
0x00baf08c: 01594aa5 11b53798 047c4710 05032d20 .JY..7...G|. -..
0x00baf09c: 00000000 00000000 00000000 00000005 ................
0x00baf0ac: 047c4710 000000b9 00000001 00baf000 .G|.............
0x00baf0bc: 000000b9 00000001 00baf0d8 01594ccd .............LY.
0x00baf0cc: 049dab40 049dab40 06a041a0 00bb71e8 @...@....A...q..
0x00baf0dc: 0153a76c 11b53790 00bbf778 00000000 l.S..7..x.......
0x00baf0ec: 049dab40 00bbf330 00000005 11b53790 @...0........7..
0x00baf0fc: 00000000 00000001 00000000 00000000 ................
0x00baf10c: 00000001 021dde64 44b34000 44320000 ....d....@.D..2D
0x00baf11c: 00000000 00000000 0000059a 000002c8 ................
0x00baf12c: 049dab44 00baf1d4 0153b24a 049dab40 D.......J.S.@...
0x00baf13c: 00baf148 00000004 00000012 bf800000 H...............
0x00baf14c: 00000000 00000000 00000000 00000000 ................
0x00baf15c: 3f800000 00000000 00000000 00000000 ...?............
0x00baf16c: 00000000 3f800000 00000000 3d64ab99 .......?......d=
0x00baf17c: bf09c6be 4229dd65 3f800000 3f5c280d ....e.)B...?.(\?
0x00baf18c: 00000000 00000000 00000000 00000000 ................
0x00baf19c: 3fddb3d7 00000000 049dab40 00baf1f0 ...?....@.......
0x00baf1ac: 00baf1bc 01a72552 00000000 00000001 ....R%..........
0x00baf1bc: 00baf1e0 049dab40 00baf1f0 00baf1d8 ....@...........
0x00baf1cc: 01a72552 00000000 00000001 00bb7220 R%.......... r..
0x00baf1dc: 0155ac18 00000000 00000001 06a041a0 ..U..........A..
0x00baf1ec: 0159113b 00000000 00000001 00000000 ;.Y.............
0x00baf1fc: 00000000 00000001 021dde64 00000000 ........d.......
0x00baf20c: 00000000 00000000 00000000 00000000 ................
0x00baf21c: 00000000 00000000 00000000 00000000 ................
0x00baf22c: 00000000 00000000 00000000 00000000 ................
0x00baf23c: 00000000 00000000 00000000 00000000 ................
0x00baf24c: 00000000 00000000 00000000 00000000 ................
0x00baf25c: 00000000 00000000 00000000 00000000 ................
0x00baf26c: 00000000 00000000 00000000 00000000 ................
0x00baf27c: 00000000 00000000 00000000 00000000 ................
0x00baf28c: 00000000 00000000 00000000 00000000 ................
0x00baf29c: 00000000 00000000 00000000 00000000 ................
0x00baf2ac: 00000000 00000000 00000000 00000000 ................
0x00baf2bc: 00000000 00000000 00000000 00000000 ................
0x00baf2cc: 00000000 00000000 00000000 00000000 ................
0x00baf2dc: 00000000 00000000 00000000 00000000 ................
0x00baf2ec: 00000000 00000000 00000000 00000000 ................
0x00baf2fc: 00000000 00000000 00000000 00000000 ................
0x00baf30c: 00000000 00000000 00000000 00000000 ................
0x00baf31c: 00000000 00000000 00000000 00000000 ................
0x00baf32c: 00000000 00000000 00000000 00000000 ................
0x00baf33c: 00000000 00000000 00000000 00000000 ................
0x00baf34c: 00000000 00000000 00000000 00000000 ................
0x00baf35c: 00000000 00000000 00000000 00000000 ................
0x00baf36c: 00000000 00000000 00000000 00000000 ................
0x00baf37c: 00000000 00000000 00000000 00000000 ................
0x00baf38c: 00000000 00000000 00000000 00000000 ................
0x00baf39c: 00000000 00000000 00000000 00000000 ................
0x00baf3ac: 00000000 00000000 00000000 00000000 ................
0x00baf3bc: 00000000 00000000 00000000 00000000 ................
0x00baf3cc: 00000000 00000000 00000000 00000000 ................
0x00baf3dc: 00000000 00000000 00000000 00000000 ................
0x00baf3ec: 00000000 00000000 00000000 00000000 ................
0x00baf3fc: 00000000 00000000 00000000 00000000 ................
0x00baf40c: 00000000 00000000 00000000 00000000 ................
0x00baf41c: 00000000 00000000 00000000 00000000 ................
0x00baf42c: 00000000 00000000 00000000 00000000 ................
0x00baf43c: 00000000 00000000 00000000 00000000 ................
0x00baf44c: 00000000 00000000 00000000 00000000 ................
0x00baf45c: 00000000 00000000 00000000 00000000 ................
0x00baf46c: 00000000 00000000 00000000 00000000 ................
0x00baf47c: 00000000 00000000 00000000 00000000 ................
0x00baf48c: 00000000 00000000 00000000 00000000 ................
0x00baf49c: 00000000 00000000 00000000 00000000 ................
0x00baf4ac: 00000000 00000000 00000000 00000000 ................
0x00baf4bc: 00000000 00000000 00000000 00000000 ................
0x00baf4cc: 00000000 00000000 00000000 00000000 ................
0x00baf4dc: 00000000 00000000 00000000 00000000 ................
0x00baf4ec: 00000000 00000000 00000000 00000000 ................
0x00baf4fc: 00000000 00000000 00000000 00000000 ................
0x00baf50c: 00000000 00000000 00000000 00000000 ................
0x00baf51c: 00000000 00000000 00000000 00000000 ................
0x00baf52c: 00000000 00000000 00000000 00000000 ................
0x00baf53c: 00000000 00000000 00000000 00000000 ................
0x00baf54c: 00000000 00000000 00000000 00000000 ................
0x00baf55c: 00000000 00000000 00000000 00000000 ................
0x00baf56c: 00000000 00000000 00000000 00000000 ................
0x00baf57c: 00000000 00000000 00000000 00000000 ................
0x00baf58c: 00000000 00000000 00000000 00000000 ................
0x00baf59c: 00000000 00000000 00000000 00000000 ................
0x00baf5ac: 00000000 00000000 00000000 00000000 ................
0x00baf5bc: 00000000 00000000 00000000 00000000 ................
0x00baf5cc: 00000000 00000000 00000000 00000000 ................
0x00baf5dc: 00000000 00000000 00000000 00000000 ................
0x00baf5ec: 00000000 00000000 00000000 00000000 ................
0x00baf5fc: 00000000 00000000 00000000 00000000 ................
0x00baf60c: 00000000 00000000 00000000 00000000 ................
0x00baf61c: 00000000 00000000 00000000 00000000 ................
0x00baf62c: 00000000 00000000 00000000 00000000 ................
0x00baf63c: 00000000 00000000 00000000 00000000 ................
0x00baf64c: 00000000 00000000 00000000 00000000 ................
0x00baf65c: 00000000 00000000 00000000 00000000 ................
0x00baf66c: 00000000 00000000 00000000 00000000 ................
0x00baf67c: 00000000 00000000 00000000 00000000 ................
0x00baf68c: 00000000 00000000 00000000 00000000 ................
0x00baf69c: 00000000 00000000 00000000 00000000 ................
0x00baf6ac: 00000000 00000000 00000000 00000000 ................
0x00baf6bc: 00000000 00000000 00000000 00000000 ................
0x00baf6cc: 00000000 00000000 00000000 00000000 ................
0x00baf6dc: 00000000 00000000 00000000 00000000 ................
0x00baf6ec: 00000000 00000000 00000000 00000000 ................
0x00baf6fc: 00000000 00000000 00000000 00000000 ................
0x00baf70c: 00000000 00000000 00000000 00000000 ................
0x00baf71c: 00000000 00000000 00000000 00000000 ................
0x00baf72c: 00000000 00000000 00000000 00000000 ................
0x00baf73c: 00000000 00000000 00000000 00000000 ................
0x00baf74c: 00000000 00000000 00000000 00000000 ................
0x00baf75c: 00000000 00000000 00000000 00000000 ................
0x00baf76c: 00000000 00000000 00000000 00000000 ................
0x00baf77c: 00000000 00000000 00000000 00000000 ................
0x00baf78c: 00000000 00000000 00000000 00000000 ................
0x00baf79c: 00000000 00000000 00000000 00000000 ................
0x00baf7ac: 00000000 00000000 00000000 00000000 ................
0x00baf7bc: 00000000 00000000 00000000 00000000 ................
0x00baf7cc: 00000000 00000000 00000000 00000000 ................
0x00baf7dc: 00000000 00000000 00000000 00000000 ................
0x00baf7ec: 00000000 00000000 00000000 00000000 ................
0x00baf7fc: 00000000 00000000 00000000 00000000 ................
0x00baf80c: 00000000 00000000 00000000 00000000 ................
0x00baf81c: 00000000 00000000 00000000 00000000 ................
0x00baf82c: 00000000 00000000 00000000 00000000 ................
0x00baf83c: 00000000 00000000 00000000 00000000 ................
0x00baf84c: 00000000 00000000 00000000 00000000 ................
0x00baf85c: 00000000 00000000 00000000 00000000 ................
0x00baf86c: 00000000 00000000 00000000 00000000 ................
0x00baf87c: 00000000 00000000 00000000 00000000 ................
0x00baf88c: 00000000 00000000 00000000 00000000 ................
0x00baf89c: 00000000 00000000 00000000 00000000 ................
0x00baf8ac: 00000000 00000000 00000000 00000000 ................
0x00baf8bc: 00000000 00000000 00000000 00000000 ................
0x00baf8cc: 00000000 00000000 00000000 00000000 ................
0x00baf8dc: 00000000 00000000 00000000 00000000 ................
0x00baf8ec: 00000000 00000000 00000000 00000000 ................
0x00baf8fc: 00000000 00000000 00000000 00000000 ................
0x00baf90c: 00000000 00000000 00000000 00000000 ................
0x00baf91c: 00000000 00000000 00000000 00000000 ................
0x00baf92c: 00000000 00000000 00000000 00000000 ................
0x00baf93c: 00000000 00000000 00000000 00000000 ................
0x00baf94c: 00000000 00000000 00000000 00000000 ................
0x00baf95c: 00000000 00000000 00000000 00000000 ................
0x00baf96c: 00000000 00000000 00000000 00000000 ................
0x00baf97c: 00000000 00000000 00000000 00000000 ................
0x00baf98c: 00000000 00000000 00000000 00000000 ................
0x00baf99c: 00000000 00000000 00000000 00000000 ................
0x00baf9ac: 00000000 00000000 00000000 00000000 ................
0x00baf9bc: 00000000 00000000 00000000 00000000 ................
0x00baf9cc: 00000000 00000000 00000000 00000000 ................
0x00baf9dc: 00000000 00000000 00000000 00000000 ................
0x00baf9ec: 00000000 00000000 00000000 00000000 ................
0x00baf9fc: 00000000 00000000 00000000 00000000 ................
0x00bafa0c: 00000000 00000000 00000000 00000000 ................
0x00bafa1c: 00000000 00000000 00000000 00000000 ................
0x00bafa2c: 00000000 00000000 00000000 00000000 ................
0x00bafa3c: 00000000 00000000 00000000 00000000 ................
0x00bafa4c: 00000000 00000000 00000000 00000000 ................
0x00bafa5c: 00000000 00000000 00000000 00000000 ................
0x00bafa6c: 00000000 00000000 00000000 00000000 ................
0x00bafa7c: 00000000 00000000 00000000 00000000 ................
0x00bafa8c: 00000000 00000000 00000000 00000000 ................
0x00bafa9c: 00000000 00000000 00000000 00000000 ................
0x00bafaac: 00000000 00000000 00000000 00000000 ................
0x00bafabc: 00000000 00000000 00000000 00000000 ................
0x00bafacc: 00000000 00000000 00000000 00000000 ................
0x00bafadc: 00000000 00000000 00000000 00000000 ................
0x00bafaec: 00000000 00000000 00000000 00000000 ................
0x00bafafc: 00000000 00000000 00000000 00000000 ................
0x00bafb0c: 00000000 00000000 00000000 00000000 ................
0x00bafb1c: 00000000 00000000 00000000 00000000 ................
0x00bafb2c: 00000000 00000000 00000000 00000000 ................
0x00bafb3c: 00000000 00000000 00000000 00000000 ................
0x00bafb4c: 00000000 00000000 00000000 00000000 ................
0x00bafb5c: 00000000 00000000 00000000 00000000 ................
0x00bafb6c: 00000000 00000000 00000000 00000000 ................
0x00bafb7c: 00000000 00000000 00000000 00000000 ................
0x00bafb8c: 00000000 00000000 00000000 00000000 ................
0x00bafb9c: 00000000 00000000 00000000 00000000 ................
0x00bafbac: 00000000 00000000 00000000 00000000 ................
0x00bafbbc: 00000000 00000000 00000000 00000000 ................
0x00bafbcc: 00000000 00000000 00000000 00000000 ................
0x00bafbdc: 00000000 00000000 00000000 00000000 ................
0x00bafbec: 00000000 00000000 00000000 00000000 ................
0x00bafbfc: 00000000 00000000 00000000 00000000 ................
0x00bafc0c: 00000000 00000000 00000000 00000000 ................
0x00bafc1c: 00000000 00000000 00000000 00000000 ................
0x00bafc2c: 00000000 00000000 00000000 00000000 ................
0x00bafc3c: 00000000 00000000 00000000 00000000 ................
0x00bafc4c: 00000000 00000000 00000000 00000000 ................
0x00bafc5c: 00000000 00000000 00000000 00000000 ................
0x00bafc6c: 00000000 00000000 00000000 00000000 ................
0x00bafc7c: 00000000 00000000 00000000 00000000 ................
0x00bafc8c: 00000000 00000000 00000000 00000000 ................
0x00bafc9c: 00000000 00000000 00000000 00000000 ................
0x00bafcac: 00000000 00000000 00000000 00000000 ................
0x00bafcbc: 00000000 00000000 00000000 00000000 ................
0x00bafccc: 00000000 00000000 00000000 00000000 ................
0x00bafcdc: 00000000 00000000 00000000 00000000 ................
0x00bafcec: 00000000 00000000 00000000 00000000 ................
0x00bafcfc: 00000000 00000000 00000000 00000000 ................
0x00bafd0c: 00000000 00000000 00000000 00000000 ................
0x00bafd1c: 00000000 00000000 00000000 00000000 ................
0x00bafd2c: 00000000 00000000 00000000 00000000 ................
0x00bafd3c: 00000000 00000000 00000000 00000000 ................
0x00bafd4c: 00000000 00000000 00000000 00000000 ................
0x00bafd5c: 00000000 00000000 00000000 00000000 ................
0x00bafd6c: 00000000 00000000 00000000 00000000 ................
0x00bafd7c: 00000000 00000000 00000000 00000000 ................
0x00bafd8c: 00000000 00000000 00000000 00000000 ................
0x00bafd9c: 00000000 00000000 00000000 00000000 ................
0x00bafdac: 00000000 00000000 00000000 00000000 ................
0x00bafdbc: 00000000 00000000 00000000 00000000 ................
0x00bafdcc: 00000000 00000000 00000000 00000000 ................
0x00bafddc: 00000000 00000000 00000000 00000000 ................
0x00bafdec: 00000000 00000000 00000000 00000000 ................
0x00bafdfc: 00000000 00000000 00000000 00000000 ................
0x00bafe0c: 00000000 00000000 00000000 00000000 ................
0x00bafe1c: 00000000 00000000 00000000 00000000 ................
0x00bafe2c: 00000000 00000000 00000000 00000000 ................
0x00bafe3c: 00000000 00000000 00000000 00000000 ................
0x00bafe4c: 00000000 00000000 00000000 00000000 ................
0x00bafe5c: 00000000 00000000 00000000 00000000 ................
0x00bafe6c: 00000000 00000000 00000000 00000000 ................
0x00bafe7c: 00000000 00000000 00000000 00000000 ................
0x00bafe8c: 00000000 00000000 00000000 00000000 ................
0x00bafe9c: 00000000 00000000 00000000 00000000 ................
0x00bafeac: 00000000 00000000 00000000 00000000 ................
0x00bafebc: 00000000 00000000 00000000 00000000 ................
0x00bafecc: 00000000 00000000 00000000 00000000 ................
0x00bafedc: 00000000 00000000 00000000 00000000 ................
0x00bafeec: 00000000 00000000 00000000 00000000 ................
0x00bafefc: 00000000 00000000 00000000 00000000 ................
0x00baff0c: 00000000 00000000 00000000 00000000 ................
0x00baff1c: 00000000 00000000 00000000 00000000 ................
0x00baff2c: 00000000 00000000 00000000 00000000 ................
0x00baff3c: 00000000 00000000 00000000 00000000 ................
0x00baff4c: 00000000 00000000 00000000 00000000 ................
0x00baff5c: 00000000 00000000 00000000 00000000 ................
0x00baff6c: 00000000 00000000 00000000 00000000 ................
0x00baff7c: 00000000 00000000 00000000 00000000 ................
0x00baff8c: 00000000 00000000 00000000 00000000 ................
0x00baff9c: 00000000 00000000 00000000 00000000 ................
0x00baffac: 00000000 00000000 00000000 00000000 ................
0x00baffbc: 00000000 00000000 00000000 00000000 ................
0x00baffcc: 00000000 00000000 00000000 00000000 ................
0x00baffdc: 00000000 00000000 00000000 00000000 ................
0x00baffec: 00000000 00000000 00000000 00000000 ................
0x00bafffc: 00000000 00000000 00000000 00000000 ................
0x00bb000c: 00000000 00000000 00000000 00000000 ................
0x00bb001c: 00000000 00000000 00000000 00000000 ................
0x00bb002c: 00000000 00000000 00000000 00000000 ................
0x00bb003c: 00000000 00000000 00000000 00000000 ................
0x00bb004c: 00000000 00000000 00000000 00000000 ................
0x00bb005c: 00000000 00000000 00000000 00000000 ................
0x00bb006c: 00000000 00000000 00000000 00000000 ................
0x00bb007c: 00000000 00000000 00000000 00000000 ................
0x00bb008c: 00000000 00000000 00000000 00000000 ................
0x00bb009c: 00000000 00000000 00000000 00000000 ................
0x00bb00ac: 00000000 00000000 00000000 00000000 ................
0x00bb00bc: 00000000 00000000 00000000 00000000 ................
0x00bb00cc: 00000000 00000000 00000000 00000000 ................
0x00bb00dc: 00000000 00000000 00000000 00000000 ................
0x00bb00ec: 00000000 00000000 00000000 00000000 ................
0x00bb00fc: 00000000 00000000 00000000 00000000 ................
0x00bb010c: 00000000 00000000 00000000 00000000 ................
0x00bb011c: 00000000 00000000 00000000 00000000 ................
0x00bb012c: 00000000 00000000 00000000 00000000 ................
0x00bb013c: 00000000 00000000 00000000 00000000 ................
0x00bb014c: 00000000 00000000 00000000 00000000 ................
0x00bb015c: 00000000 00000000 00000000 00000000 ................
0x00bb016c: 00000000 00000000 00000000 00000000 ................
0x00bb017c: 00000000 00000000 00000000 00000000 ................
0x00bb018c: 00000000 00000000 00000000 00000000 ................
0x00bb019c: 00000000 00000000 00000000 00000000 ................
0x00bb01ac: 00000000 00000000 00000000 00000000 ................
0x00bb01bc: 00000000 00000000 00000000 00000000 ................
0x00bb01cc: 00000000 00000000 00000000 00000000 ................
0x00bb01dc: 00000000 00000000 00000000 00000000 ................
0x00bb01ec: 00000000 00000000 00000000 00000000 ................
0x00bb01fc: 00000000 00000000 00000000 00000000 ................
0x00bb020c: 00000000 00000000 00000000 00000000 ................
0x00bb021c: 00000000 00000000 00000000 00000000 ................
0x00bb022c: 00000000 00000000 00000000 00000000 ................
0x00bb023c: 00000000 00000000 00000000 00000000 ................
0x00bb024c: 00000000 00000000 00000000 00000000 ................
0x00bb025c: 00000000 00000000 00000000 00000000 ................
0x00bb026c: 00000000 00000000 00000000 00000000 ................
0x00bb027c: 00000000 00000000 00000000 00000000 ................
0x00bb028c: 00000000 00000000 00000000 00000000 ................
0x00bb029c: 00000000 00000000 00000000 00000000 ................
0x00bb02ac: 00000000 00000000 00000000 00000000 ................
0x00bb02bc: 00000000 00000000 00000000 00000000 ................
0x00bb02cc: 00000000 00000000 00000000 00000000 ................
0x00bb02dc: 00000000 00000000 00000000 00000000 ................
0x00bb02ec: 00000000 00000000 00000000 00000000 ................
0x00bb02fc: 00000000 00000000 00000000 00000000 ................
0x00bb030c: 00000000 00000000 00000000 00000000 ................
0x00bb031c: 00000000 00000000 00000000 00000000 ................
0x00bb032c: 00000000 00000000 00000000 00000000 ................
0x00bb033c: 00000000 00000000 00000000 00000000 ................
0x00bb034c: 00000000 00000000 00000000 00000000 ................
0x00bb035c: 00000000 00000000 00000000 00000000 ................
0x00bb036c: 00000000 00000000 00000000 00000000 ................
0x00bb037c: 00000000 00000000 00000000 00000000 ................
0x00bb038c: 00000000 00000000 00000000 00000000 ................
0x00bb039c: 00000000 00000000 00000000 00000000 ................
0x00bb03ac: 00000000 00000000 00000000 00000000 ................
0x00bb03bc: 00000000 00000000 00000000 00000000 ................
0x00bb03cc: 00000000 00000000 00000000 00000000 ................
0x00bb03dc: 00000000 00000000 00000000 00000000 ................
0x00bb03ec: 00000000 00000000 00000000 00000000 ................
0x00bb03fc: 00000000 00000000 00000000 00000000 ................
0x00bb040c: 00000000 00000000 00000000 00000000 ................
0x00bb041c: 00000000 00000000 00000000 00000000 ................
0x00bb042c: 00000000 00000000 00000000 00000000 ................
0x00bb043c: 00000000 00000000 00000000 00000000 ................
0x00bb044c: 00000000 00000000 00000000 00000000 ................
0x00bb045c: 00000000 00000000 00000000 00000000 ................
0x00bb046c: 00000000 00000000 00000000 00000000 ................
0x00bb047c: 00000000 00000000 00000000 00000000 ................
0x00bb048c: 00000000 00000000 00000000 00000000 ................
0x00bb049c: 00000000 00000000 00000000 00000000 ................
0x00bb04ac: 00000000 00000000 00000000 00000000 ................
0x00bb04bc: 00000000 00000000 00000000 00000000 ................
0x00bb04cc: 00000000 00000000 00000000 00000000 ................
0x00bb04dc: 00000000 00000000 00000000 00000000 ................
0x00bb04ec: 00000000 00000000 00000000 00000000 ................
0x00bb04fc: 00000000 00000000 00000000 00000000 ................
0x00bb050c: 00000000 00000000 00000000 00000000 ................
0x00bb051c: 00000000 00000000 00000000 00000000 ................
0x00bb052c: 00000000 00000000 00000000 00000000 ................
0x00bb053c: 00000000 00000000 00000000 00000000 ................
0x00bb054c: 00000000 00000000 00000000 00000000 ................
0x00bb055c: 00000000 00000000 00000000 00000000 ................
0x00bb056c: 00000000 00000000 00000000 00000000 ................
0x00bb057c: 00000000 00000000 00000000 00000000 ................
0x00bb058c: 00000000 00000000 00000000 00000000 ................
0x00bb059c: 00000000 00000000 00000000 00000000 ................
0x00bb05ac: 00000000 00000000 00000000 00000000 ................
0x00bb05bc: 00000000 00000000 00000000 00000000 ................
0x00bb05cc: 00000000 00000000 00000000 00000000 ................
0x00bb05dc: 00000000 00000000 00000000 00000000 ................
0x00bb05ec: 00000000 00000000 00000000 00000000 ................
0x00bb05fc: 00000000 00000000 00000000 00000000 ................
0x00bb060c: 00000000 00000000 00000000 00000000 ................
0x00bb061c: 00000000 00000000 00000000 00000000 ................
0x00bb062c: 00000000 00000000 00000000 00000000 ................
0x00bb063c: 00000000 00000000 00000000 00000000 ................
0x00bb064c: 00000000 00000000 00000000 00000000 ................
0x00bb065c: 00000000 00000000 00000000 00000000 ................
0x00bb066c: 00000000 00000000 00000000 00000000 ................
0x00bb067c: 00000000 00000000 00000000 00000000 ................
0x00bb068c: 00000000 00000000 00000000 00000000 ................
0x00bb069c: 00000000 00000000 00000000 00000000 ................
0x00bb06ac: 00000000 00000000 00000000 00000000 ................
0x00bb06bc: 00000000 00000000 00000000 00000000 ................
0x00bb06cc: 00000000 00000000 00000000 00000000 ................
0x00bb06dc: 00000000 00000000 00000000 00000000 ................
0x00bb06ec: 00000000 00000000 00000000 00000000 ................
0x00bb06fc: 00000000 00000000 00000000 00000000 ................
0x00bb070c: 00000000 00000000 00000000 00000000 ................
0x00bb071c: 00000000 00000000 00000000 00000000 ................
0x00bb072c: 00000000 00000000 00000000 00000000 ................
0x00bb073c: 00000000 00000000 00000000 00000000 ................
0x00bb074c: 00000000 00000000 00000000 00000000 ................
0x00bb075c: 00000000 00000000 00000000 00000000 ................
0x00bb076c: 00000000 00000000 00000000 00000000 ................
0x00bb077c: 00000000 00000000 00000000 00000000 ................
0x00bb078c: 00000000 00000000 00000000 00000000 ................
0x00bb079c: 00000000 00000000 00000000 00000000 ................
0x00bb07ac: 00000000 00000000 00000000 00000000 ................
0x00bb07bc: 00000000 00000000 00000000 00000000 ................
0x00bb07cc: 00000000 00000000 00000000 00000000 ................
0x00bb07dc: 00000000 00000000 00000000 00000000 ................
0x00bb07ec: 00000000 00000000 00000000 00000000 ................
0x00bb07fc: 00000000 00000000 00000000 00000000 ................
0x00bb080c: 00000000 00000000 00000000 00000000 ................
0x00bb081c: 00000000 00000000 00000000 00000000 ................
0x00bb082c: 00000000 00000000 00000000 00000000 ................
0x00bb083c: 00000000 00000000 00000000 00000000 ................
0x00bb084c: 00000000 00000000 00000000 00000000 ................
0x00bb085c: 00000000 00000000 00000000 00000000 ................
0x00bb086c: 00000000 00000000 00000000 00000000 ................
0x00bb087c: 00000000 00000000 00000000 00000000 ................
0x00bb088c: 00000000 00000000 00000000 00000000 ................
0x00bb089c: 00000000 00000000 00000000 00000000 ................
0x00bb08ac: 00000000 00000000 00000000 00000000 ................
0x00bb08bc: 00000000 00000000 00000000 00000000 ................
0x00bb08cc: 00000000 00000000 00000000 00000000 ................
0x00bb08dc: 00000000 00000000 00000000 00000000 ................
0x00bb08ec: 00000000 00000000 00000000 00000000 ................
0x00bb08fc: 00000000 00000000 00000000 00000000 ................

Module 1
C:\Users\williamd\Documents\robot-sim\Scene_Test000.exe
Image Base: 0x01390000  Image Size: 0x01219000
File Size:  18136576    File Time:  2017-03-30_152054
Version:
   Company:    
   Product:    
   FileDesc:   
   FileVer:    5.6.0.31247
   ProdVer:    5.6.0.31247

Module 2
C:\Windows\System32\DriverStore\FileRepository\nvmiwu.inf_amd64_01856dcc82b1034f\nvwgf2um.dll
Image Base: 0x06ce0000  Image Size: 0x013bb000
File Size:  20939056    File Time:  2017-01-17_055134
Version:
   Company:    NVIDIA Corporation
   Product:    NVIDIA D3D10 drivers
   FileDesc:   NVIDIA D3D10 Driver, Version 376.54 
   FileVer:    21.21.13.7654
   ProdVer:    21.21.13.7654

Module 3
C:\Users\williamd\Documents\robot-sim\Scene_Test000_Data\Mono\mono.dll
Image Base: 0x10000000  Image Size: 0x00231000
File Size:  2115008     File Time:  2017-03-30_152856
Version:
   Company:    Unity Technologies
   Product:    libmono
   FileDesc:   Unity Technologies fork of mono runtime
   FileVer:    1.0.0.1
   ProdVer:    1.0.0.1

Module 4
C:\Windows\SYSTEM32\dbghelp.dll
Image Base: 0x3caf0000  Image Size: 0x00145000
File Size:  1220608     File Time:  2016-07-16_194258
Version:
   Company:    Microsoft
   Product:    MicrosoftR WindowsR Operating System
   FileDesc:   Windows Image Helper
   FileVer:    10.0.14321.1024
   ProdVer:    10.0.14321.1024

Module 5
C:\Windows\SYSTEM32\midimap.dll
Image Base: 0x54f70000  Image Size: 0x00008000
File Size:  18944       File Time:  2016-07-16_194250
Version:
   Company:    Microsoft Corporation
   Product:    MicrosoftR WindowsR Operating System
   FileDesc:   Microsoft MIDI Mapper
   FileVer:    10.0.14393.0
   ProdVer:    10.0.14393.0

Module 6
C:\Windows\SYSTEM32\msacm32.drv
Image Base: 0x54f80000  Image Size: 0x0000a000
File Size:  24576       File Time:  2016-07-16_194250
Version:
   Company:    Microsoft Corporation
   Product:    MicrosoftR WindowsR Operating System
   FileDesc:   Microsoft 音效對應表
   FileVer:    10.0.14393.0
   ProdVer:    10.0.14393.0

Module 7
C:\Windows\SYSTEM32\wdmaud.drv
Image Base: 0x54f90000  Image Size: 0x00039000
File Size:  207360      File Time:  2016-07-16_194250
Version:
   Company:    Microsoft Corporation
   Product:    MicrosoftR WindowsR Operating System
   FileDesc:   Winmm 音訊系統驅動程式
   FileVer:    10.0.14393.0
   ProdVer:    10.0.14393.0

Module 8
C:\Windows\SYSTEM32\DDRAW.dll
Image Base: 0x54fd0000  Image Size: 0x000ed000
File Size:  548352      File Time:  2017-03-04_141812
Version:
   Company:    Microsoft Corporation
   Product:    MicrosoftR WindowsR Operating System
   FileDesc:   Microsoft DirectDraw
   FileVer:    10.0.14393.953
   ProdVer:    10.0.14393.953

Module 9
C:\Windows\SYSTEM32\GLU32.dll
Image Base: 0x550c0000  Image Size: 0x00025000
File Size:  141312      File Time:  2016-07-16_194306
Version:
   Company:    Microsoft Corporation
   Product:    MicrosoftR WindowsR Operating System
   FileDesc:   OpenGL 公用程式程式庫 DLL
   FileVer:    10.0.14393.0
   ProdVer:    10.0.14393.0

Module 10
C:\Windows\SYSTEM32\OPENGL32.dll
Image Base: 0x550f0000  Image Size: 0x000e0000
File Size:  786944      File Time:  2016-07-16_194306
Version:
   Company:    Microsoft Corporation
   Product:    MicrosoftR WindowsR Operating System
   FileDesc:   OpenGL Client DLL
   FileVer:    10.0.14393.0
   ProdVer:    10.0.14393.0

Module 11
C:\Windows\SYSTEM32\DCIMAN32.dll
Image Base: 0x55570000  Image Size: 0x00007000
File Size:  11776       File Time:  2016-07-16_194250
Version:
   Company:    Microsoft Corporation
   Product:    MicrosoftR WindowsR Operating System
   FileDesc:   DCI Manager
   FileVer:    10.0.14393.0
   ProdVer:    10.0.14393.0

Module 12
C:\Windows\SYSTEM32\HID.DLL
Image Base: 0x55880000  Image Size: 0x0000a000
File Size:  25600       File Time:  2016-07-16_194250
Version:
   Company:    Microsoft Corporation
   Product:    MicrosoftR WindowsR Operating System
   FileDesc:   Hid 使用者程式庫
   FileVer:    10.0.14393.0
   ProdVer:    10.0.14393.0

Module 13
C:\Windows\system32\nvapi.dll
Image Base: 0x69390000  Image Size: 0x00386000
File Size:  3509152     File Time:  2017-01-17_055030
Version:
   Company:    NVIDIA Corporation
   Product:    NVIDIA Windows drivers
   FileDesc:   NVIDIA NVAPI Library, Version 376.54 
   FileVer:    21.21.13.7654
   ProdVer:    21.21.13.7654

Module 14
C:\Windows\system32\nvspcap.dll
Image Base: 0x69720000  Image Size: 0x00151000
File Size:  1377752     File Time:  2016-12-14_094542
Version:
   Company:    NVIDIA Corporation
   Product:    NVIDIA GeForce Experience
   FileDesc:   NVIDIA Capture Server Proxy
   FileVer:    2.11.4.125
   ProdVer:    2.11.4.125

Module 15
C:\Windows\SYSTEM32\AVRT.dll
Image Base: 0x6d360000  Image Size: 0x00009000
File Size:  29448       File Time:  2016-07-16_194250
Version:
   Company:    Microsoft Corporation
   Product:    MicrosoftR WindowsR Operating System
   FileDesc:   Multimedia Realtime Runtime
   FileVer:    10.0.14393.0
   ProdVer:    10.0.14393.0

Module 16
C:\Windows\SYSTEM32\MSACM32.dll
Image Base: 0x6d400000  Image Size: 0x00018000
File Size:  90912       File Time:  2016-07-16_194250
Version:
   Company:    Microsoft Corporation
   Product:    MicrosoftR WindowsR Operating System
   FileDesc:   Microsoft ACM 音訊篩選器
   FileVer:    10.0.14393.0
   ProdVer:    10.0.14393.0

Module 17
C:\Program Files\Nahimic\Nahimic2\UserInterface\Nahimic2DevProps.dll
Image Base: 0x6d440000  Image Size: 0x0002e000
File Size:  176312      File Time:  2016-11-23_034106
Version:
   Company:    
   Product:    
   FileDesc:   
   FileVer:    0.0.0.0
   ProdVer:    0.0.0.0

Module 18
C:\Program Files\Nahimic\Nahimic2\UserInterface\Nahimic2OSD.dll
Image Base: 0x6d470000  Image Size: 0x00042000
File Size:  250552      File Time:  2016-11-23_033910
Version:
   Company:    
   Product:    
   FileDesc:   
   FileVer:    0.0.0.0
   ProdVer:    0.0.0.0

Module 19
C:\Windows\SYSTEM32\wintypes.dll
Image Base: 0x6d4c0000  Image Size: 0x000cf000
File Size:  846560      File Time:  2017-03-04_145046
Version:
   Company:    Microsoft Corporation
   Product:    MicrosoftR WindowsR Operating System
   FileDesc:   Windows 基底類型 DLL
   FileVer:    10.0.14393.953
   ProdVer:    10.0.14393.953

Module 20
C:\Windows\SYSTEM32\AUDIOSES.DLL
Image Base: 0x6d590000  Image Size: 0x0007b000
File Size:  484584      File Time:  2017-03-04_155742
Version:
   Company:    Microsoft Corporation
   Product:    MicrosoftR WindowsR Operating System
   FileDesc:   音訊工作階段
   FileVer:    10.0.14393.953
   ProdVer:    10.0.14393.953

Module 21
C:\Windows\System32\MMDevApi.dll
Image Base: 0x6d610000  Image Size: 0x00058000
File Size:  352760      File Time:  2017-03-04_144734
Version:
   Company:    Microsoft Corporation
   Product:    MicrosoftR WindowsR Operating System
   FileDesc:   MMDevice API
   FileVer:    10.0.14393.953
   ProdVer:    10.0.14393.953

Module 22
C:\Windows\SYSTEM32\ksuser.dll
Image Base: 0x6d8f0000  Image Size: 0x00007000
File Size:  20672       File Time:  2016-07-16_194250
Version:
   Company:    Microsoft Corporation
   Product:    MicrosoftR WindowsR Operating System
   FileDesc:   User CSA Library
   FileVer:    10.0.14393.0
   ProdVer:    10.0.14393.0

Module 23
C:\Windows\SYSTEM32\d3d11.dll
Image Base: 0x6e1b0000  Image Size: 0x00230000
File Size:  2277288     File Time:  2017-03-04_145414
Version:
   Company:    Microsoft Corporation
   Product:    MicrosoftR WindowsR Operating System
   FileDesc:   Direct3D 11 Runtime
   FileVer:    10.0.14393.953
   ProdVer:    10.0.14393.953

Module 24
C:\Windows\SYSTEM32\dxgi.dll
Image Base: 0x6e820000  Image Size: 0x00083000
File Size:  524776      File Time:  2017-03-04_145404
Version:
   Company:    Microsoft Corporation
   Product:    MicrosoftR WindowsR Operating System
   FileDesc:   DirectX Graphics Infrastructure
   FileVer:    10.0.14393.953
   ProdVer:    10.0.14393.953

Module 25
C:\Windows\system32\wbem\fastprox.dll
Image Base: 0x70190000  Image Size: 0x000c2000
File Size:  779776      File Time:  2016-07-16_194258
Version:
   Company:    Microsoft Corporation
   Product:    MicrosoftR WindowsR Operating System
   FileDesc:   WMI Custom Marshaller
   FileVer:    10.0.14393.0
   ProdVer:    10.0.14393.0

Module 26
C:\Windows\system32\wbem\wbemsvc.dll
Image Base: 0x70260000  Image Size: 0x00010000
File Size:  48640       File Time:  2016-07-16_194258
Version:
   Company:    Microsoft Corporation
   Product:    MicrosoftR WindowsR Operating System
   FileDesc:   WMI
   FileVer:    10.0.14393.0
   ProdVer:    10.0.14393.0

Module 27
C:\Windows\system32\wbem\wbemprox.dll
Image Base: 0x70270000  Image Size: 0x0000d000
File Size:  35328       File Time:  2016-07-16_194258
Version:
   Company:    Microsoft Corporation
   Product:    MicrosoftR WindowsR Operating System
   FileDesc:   WMI
   FileVer:    10.0.14393.0
   ProdVer:    10.0.14393.0

Module 28
C:\Windows\SYSTEM32\wbemcomn.dll
Image Base: 0x70280000  Image Size: 0x00067000
File Size:  391168      File Time:  2016-07-16_194258
Version:
   Company:    Microsoft Corporation
   Product:    MicrosoftR WindowsR Operating System
   FileDesc:   WMI
   FileVer:    10.0.14393.0
   ProdVer:    10.0.14393.0

Module 29
C:\Windows\System32\DEVOBJ.dll
Image Base: 0x70320000  Image Size: 0x00022000
File Size:  132232      File Time:  2016-07-16_194256
Version:
   Company:    Microsoft Corporation
   Product:    MicrosoftR WindowsR Operating System
   FileDesc:   Device Information Set DLL
   FileVer:    10.0.14393.0
   ProdVer:    10.0.14393.0

Module 30
C:\Windows\SYSTEM32\DNSAPI.dll
Image Base: 0x704b0000  Image Size: 0x0007d000
File Size:  497416      File Time:  2017-03-04_150934
Version:
   Company:    Microsoft Corporation
   Product:    MicrosoftR WindowsR Operating System
   FileDesc:   DNS 用戶端 API DLL
   FileVer:    10.0.14393.953
   ProdVer:    10.0.14393.953

Module 31
C:\Windows\System32\PROPSYS.dll
Image Base: 0x71110000  Image Size: 0x0014f000
File Size:  1375456     File Time:  2016-07-16_194256
Version:
   Company:    Microsoft Corporation
   Product:    WindowsR Search
   FileDesc:   Microsoft 內容系統
   FileVer:    7.0.14393.0
   ProdVer:    7.0.14393.0

Module 32
C:\Windows\SYSTEM32\ntmarta.dll
Image Base: 0x725a0000  Image Size: 0x00028000
File Size:  154432      File Time:  2016-07-16_194256
Version:
   Company:    Microsoft Corporation
   Product:    MicrosoftR WindowsR Operating System
   FileDesc:   Windows NT MARTA 提供者
   FileVer:    10.0.14393.0
   ProdVer:    10.0.14393.0

Module 33
C:\Windows\system32\dwmapi.dll
Image Base: 0x725d0000  Image Size: 0x0001f000
File Size:  113504      File Time:  2016-12-16_034004
Version:
   Company:    Microsoft Corporation
   Product:    MicrosoftR WindowsR Operating System
   FileDesc:   Microsoft 桌面視窗管理員 API
   FileVer:    10.0.14393.206
   ProdVer:    10.0.14393.206

Module 34
C:\Windows\system32\uxtheme.dll
Image Base: 0x725f0000  Image Size: 0x00075000
File Size:  457728      File Time:  2016-07-16_194306
Version:
   Company:    Microsoft Corporation
   Product:    MicrosoftR WindowsR Operating System
   FileDesc:   Microsoft UxTheme 程式庫
   FileVer:    10.0.14393.0
   ProdVer:    10.0.14393.0

Module 35
C:\Windows\SYSTEM32\VERSION.dll
Image Base: 0x72e60000  Image Size: 0x00008000
File Size:  27360       File Time:  2016-07-16_194306
Version:
   Company:    Microsoft Corporation
   Product:    MicrosoftR WindowsR Operating System
   FileDesc:   Version Checking and File Installation Libraries
   FileVer:    10.0.14393.0
   ProdVer:    10.0.14393.0

Module 36
C:\Windows\SYSTEM32\WINMMBASE.dll
Image Base: 0x72e70000  Image Size: 0x00023000
File Size:  131208      File Time:  2016-07-16_194250
Version:
   Company:    Microsoft Corporation
   Product:    MicrosoftR WindowsR Operating System
   FileDesc:   Base Multimedia Extension API DLL
   FileVer:    10.0.14393.0
   ProdVer:    10.0.14393.0

Module 37
C:\Windows\SYSTEM32\WINMM.dll
Image Base: 0x72fd0000  Image Size: 0x00024000
File Size:  135376      File Time:  2016-07-16_194250
Version:
   Company:    Microsoft Corporation
   Product:    MicrosoftR WindowsR Operating System
   FileDesc:   MCI 應用程式介面動態連結程式庫
   FileVer:    10.0.14393.0
   ProdVer:    10.0.14393.0

Module 38
C:\Windows\SYSTEM32\MSWSOCK.dll
Image Base: 0x73000000  Image Size: 0x0004e000
File Size:  306016      File Time:  2016-07-16_194256
Version:
   Company:    Microsoft Corporation
   Product:    MicrosoftR WindowsR Operating System
   FileDesc:   Microsoft Windows Sockets 2.0 服務提供者
   FileVer:    10.0.14393.0
   ProdVer:    10.0.14393.0

Module 39
C:\Windows\SYSTEM32\bcrypt.dll
Image Base: 0x733d0000  Image Size: 0x0001b000
File Size:  106896      File Time:  2016-12-09_180100
Version:
   Company:    Microsoft Corporation
   Product:    MicrosoftR WindowsR Operating System
   FileDesc:   Windows 密碼編譯基本程式庫
   FileVer:    10.0.14393.576
   ProdVer:    10.0.14393.576

Module 40
C:\Windows\SYSTEM32\WINHTTP.dll
Image Base: 0x73470000  Image Size: 0x000a0000
File Size:  636928      File Time:  2017-03-04_141630
Version:
   Company:    Microsoft Corporation
   Product:    MicrosoftR WindowsR Operating System
   FileDesc:   Windows HTTP 服務
   FileVer:    10.0.14393.953
   ProdVer:    10.0.14393.953

Module 41
C:\Windows\SYSTEM32\IPHLPAPI.DLL
Image Base: 0x73900000  Image Size: 0x0002f000
File Size:  184416      File Time:  2017-03-04_150254
Version:
   Company:    Microsoft Corporation
   Product:    MicrosoftR WindowsR Operating System
   FileDesc:   IP 協助程式 API
   FileVer:    10.0.14393.953
   ProdVer:    10.0.14393.953

Module 42
C:\Windows\System32\CRYPTBASE.dll
Image Base: 0x73990000  Image Size: 0x0000a000
File Size:  31528       File Time:  2016-07-16_194250
Version:
   Company:    Microsoft Corporation
   Product:    MicrosoftR WindowsR Operating System
   FileDesc:   Base cryptographic API DLL
   FileVer:    10.0.14393.0
   ProdVer:    10.0.14393.0

Module 43
C:\Windows\System32\SspiCli.dll
Image Base: 0x739a0000  Image Size: 0x0001e000
File Size:  117240      File Time:  2016-12-09_175110
Version:
   Company:    Microsoft Corporation
   Product:    MicrosoftR WindowsR Operating System
   FileDesc:   Security Support Provider Interface
   FileVer:    10.0.14393.576
   ProdVer:    10.0.14393.576

Module 44
C:\Windows\System32\PSAPI.DLL
Image Base: 0x739c0000  Image Size: 0x00006000
File Size:  17048       File Time:  2016-07-16_194246
Version:
   Company:    Microsoft Corporation
   Product:    MicrosoftR WindowsR Operating System
   FileDesc:   Process Status Helper
   FileVer:    10.0.14393.0
   ProdVer:    10.0.14393.0

Module 45
C:\Windows\System32\windows.storage.dll
Image Base: 0x739d0000  Image Size: 0x0056e000
File Size:  5722320     File Time:  2017-03-04_145320
Version:
   Company:    Microsoft Corporation
   Product:    MicrosoftR WindowsR Operating System
   FileDesc:   Microsoft WinRT 儲存 API
   FileVer:    10.0.14393.953
   ProdVer:    10.0.14393.953

Module 46
C:\Windows\System32\combase.dll
Image Base: 0x73f40000  Image Size: 0x00211000
File Size:  2166752     File Time:  2016-12-09_175926
Version:
   Company:    Microsoft Corporation
   Product:    MicrosoftR WindowsR Operating System
   FileDesc:   用於 Windows 的 Microsoft COM
   FileVer:    10.0.14393.576
   ProdVer:    10.0.14393.576

Module 47
C:\Windows\System32\cfgmgr32.dll
Image Base: 0x74160000  Image Size: 0x00036000
File Size:  213848      File Time:  2016-07-16_194256
Version:
   Company:    Microsoft Corporation
   Product:    MicrosoftR WindowsR Operating System
   FileDesc:   Configuration Manager DLL
   FileVer:    10.0.14393.0
   ProdVer:    10.0.14393.0

Module 48
C:\Windows\System32\ole32.dll
Image Base: 0x741a0000  Image Size: 0x000ea000
File Size:  959112      File Time:  2016-12-09_175616
Version:
   Company:    Microsoft Corporation
   Product:    MicrosoftR WindowsR Operating System
   FileDesc:   用於 Windows 的 Microsoft OLE
   FileVer:    10.0.14393.576
   ProdVer:    10.0.14393.576

Module 49
C:\Windows\System32\USER32.dll
Image Base: 0x74290000  Image Size: 0x0015f000
File Size:  1435896     File Time:  2016-12-09_175222
Version:
   Company:    Microsoft Corporation
   Product:    MicrosoftR WindowsR Operating System
   FileDesc:   多使用者 Windows USER API 用戶端 DLL
   FileVer:    10.0.14393.576
   ProdVer:    10.0.14393.576

Module 50
C:\Windows\System32\gdi32full.dll
Image Base: 0x743f0000  Image Size: 0x0015b000
File Size:  1415240     File Time:  2017-03-04_144240
Version:
   Company:    Microsoft Corporation
   Product:    MicrosoftR WindowsR Operating System
   FileDesc:   GDI Client DLL
   FileVer:    10.0.14393.953
   ProdVer:    10.0.14393.953

Module 51
C:\Windows\System32\SETUPAPI.dll
Image Base: 0x745b0000  Image Size: 0x0040b000
File Size:  4268368     File Time:  2016-07-16_194246
Version:
   Company:    Microsoft Corporation
   Product:    MicrosoftR WindowsR Operating System
   FileDesc:   Windows 安裝程式 API
   FileVer:    10.0.14393.0
   ProdVer:    10.0.14393.0

Module 52
C:\Windows\System32\win32u.dll
Image Base: 0x749c0000  Image Size: 0x00015000
File Size:  79536       File Time:  2016-12-16_034004
Version:
   Company:    Microsoft Corporation
   Product:    MicrosoftR WindowsR Operating System
   FileDesc:   Win32u
   FileVer:    10.0.14393.51
   ProdVer:    10.0.14393.51

Module 53
C:\Windows\System32\bcryptPrimitives.dll
Image Base: 0x749e0000  Image Size: 0x0005a000
File Size:  367208      File Time:  2016-07-16_194228
Version:
   Company:    Microsoft Corporation
   Product:    MicrosoftR WindowsR Operating System
   FileDesc:   Windows Cryptographic Primitives Library
   FileVer:    10.0.14393.0
   ProdVer:    10.0.14393.0

Module 54
C:\Windows\System32\msvcp_win.dll
Image Base: 0x74a40000  Image Size: 0x0007b000
File Size:  498408      File Time:  2016-07-16_194256
Version:
   Company:    Microsoft Corporation
   Product:    MicrosoftR WindowsR Operating System
   FileDesc:   MicrosoftR C Runtime Library
   FileVer:    10.0.14393.0
   ProdVer:    10.0.14393.0

Module 55
C:\Windows\System32\msvcrt.dll
Image Base: 0x74ac0000  Image Size: 0x000be000
File Size:  773168      File Time:  2016-07-16_194250
Version:
   Company:    Microsoft Corporation
   Product:    MicrosoftR WindowsR Operating System
   FileDesc:   Windows NT CRT DLL
   FileVer:    7.0.14393.0
   ProdVer:    10.0.14393.0

Module 56
C:\Windows\System32\MSCTF.dll
Image Base: 0x74b80000  Image Size: 0x00135000
File Size:  1260784     File Time:  2017-03-04_144230
Version:
   Company:    Microsoft Corporation
   Product:    MicrosoftR WindowsR Operating System
   FileDesc:   MSCTF 伺服器 DLL
   FileVer:    10.0.14393.953
   ProdVer:    10.0.14393.953

Module 57
C:\Windows\System32\IMM32.dll
Image Base: 0x74d20000  Image Size: 0x00025000
File Size:  144632      File Time:  2016-07-16_194250
Version:
   Company:    Microsoft Corporation
   Product:    MicrosoftR WindowsR Operating System
   FileDesc:   Multi-User Windows IMM32 API Client DLL
   FileVer:    10.0.14393.0
   ProdVer:    10.0.14393.0

Module 58
C:\Windows\System32\OLEAUT32.dll
Image Base: 0x74d50000  Image Size: 0x00094000
File Size:  601712      File Time:  2016-12-16_035446
Version:
   Company:    Microsoft Corporation
   Product:    MicrosoftR WindowsR Operating System
   FileDesc:   OLEAUT32.DLL
   FileVer:    10.0.14393.447
   ProdVer:    10.0.14393.447

Module 59
C:\Windows\System32\RPCRT4.dll
Image Base: 0x74df0000  Image Size: 0x000c1000
File Size:  790760      File Time:  2016-12-16_034016
Version:
   Company:    Microsoft Corporation
   Product:    MicrosoftR WindowsR Operating System
   FileDesc:   遠端程序呼叫執行階段
   FileVer:    10.0.14393.82
   ProdVer:    10.0.14393.82

Module 60
C:\Windows\System32\profapi.dll
Image Base: 0x74ed0000  Image Size: 0x0000f000
File Size:  54752       File Time:  2016-07-16_194250
Version:
   Company:    Microsoft Corporation
   Product:    MicrosoftR WindowsR Operating System
   FileDesc:   User Profile Basic API
   FileVer:    10.0.14393.0
   ProdVer:    10.0.14393.0

Module 61
C:\Windows\System32\WINTRUST.dll
Image Base: 0x74ee0000  Image Size: 0x00044000
File Size:  272720      File Time:  2017-03-04_145204
Version:
   Company:    Microsoft Corporation
   Product:    MicrosoftR WindowsR Operating System
   FileDesc:   Microsoft Trust Verification APIs
   FileVer:    10.0.14393.953
   ProdVer:    10.0.14393.953

Module 62
C:\Windows\System32\ADVAPI32.dll
Image Base: 0x74f30000  Image Size: 0x00077000
File Size:  482392      File Time:  2016-07-16_194250
Version:
   Company:    Microsoft Corporation
   Product:    MicrosoftR WindowsR Operating System
   FileDesc:   進階 Windows 32 基礎 API
   FileVer:    10.0.14393.0
   ProdVer:    10.0.14393.0

Module 63
C:\Windows\System32\NSI.dll
Image Base: 0x74fb0000  Image Size: 0x00007000
File Size:  20152       File Time:  2016-07-16_194228
Version:
   Company:    Microsoft Corporation
   Product:    MicrosoftR WindowsR Operating System
   FileDesc:   NSI User-mode interface DLL
   FileVer:    10.0.14393.0
   ProdVer:    10.0.14393.0

Module 64
C:\Windows\System32\SHLWAPI.dll
Image Base: 0x74fc0000  Image Size: 0x00046000
File Size:  284056      File Time:  2016-07-16_194304
Version:
   Company:    Microsoft Corporation
   Product:    MicrosoftR WindowsR Operating System
   FileDesc:   殼層輕型公用程式程式庫
   FileVer:    10.0.14393.0
   ProdVer:    10.0.14393.0

Module 65
C:\Windows\System32\CRYPT32.dll
Image Base: 0x75030000  Image Size: 0x0017d000
File Size:  1556712     File Time:  2016-12-16_034720
Version:
   Company:    Microsoft Corporation
   Product:    MicrosoftR WindowsR Operating System
   FileDesc:   Crypto API32
   FileVer:    10.0.14393.351
   ProdVer:    10.0.14393.351

Module 66
C:\Windows\System32\sechost.dll
Image Base: 0x751b0000  Image Size: 0x00041000
File Size:  255168      File Time:  2016-07-16_194250
Version:
   Company:    Microsoft Corporation
   Product:    MicrosoftR WindowsR Operating System
   FileDesc:   Host for SCM/SDDL/LSA Lookup APIs
   FileVer:    10.0.14393.0
   ProdVer:    10.0.14393.0

Module 67
C:\Windows\System32\SHELL32.dll
Image Base: 0x752f0000  Image Size: 0x013d9000
File Size:  20969928    File Time:  2017-03-04_144726
Version:
   Company:    Microsoft Corporation
   Product:    MicrosoftR WindowsR Operating System
   FileDesc:   Windows 殼層通用 Dll
   FileVer:    10.0.14393.953
   ProdVer:    10.0.14393.953

Module 68
C:\Windows\System32\ucrtbase.dll
Image Base: 0x766d0000  Image Size: 0x000e0000
File Size:  918304      File Time:  2016-07-16_194256
Version:
   Company:    Microsoft Corporation
   Product:    MicrosoftR WindowsR Operating System
   FileDesc:   MicrosoftR C Runtime Library
   FileVer:    10.0.14393.0
   ProdVer:    10.0.14393.0

Module 69
C:\Windows\System32\clbcatq.dll
Image Base: 0x767b0000  Image Size: 0x00084000
File Size:  528360      File Time:  2016-07-16_194248
Version:
   Company:    Microsoft Corporation
   Product:    MicrosoftR WindowsR Operating System
   FileDesc:   COM+ Configuration Catalog
   FileVer:    2001.12.10941.16384
   ProdVer:    10.0.14393.0

Module 70
C:\Windows\System32\WS2_32.dll
Image Base: 0x769b0000  Image Size: 0x00063000
File Size:  402352      File Time:  2016-12-16_034016
Version:
   Company:    Microsoft Corporation
   Product:    MicrosoftR WindowsR Operating System
   FileDesc:   Windows Socket 2.0 32 位元 DLL
   FileVer:    10.0.14393.206
   ProdVer:    10.0.14393.206

Module 71
C:\Windows\System32\KERNELBASE.dll
Image Base: 0x76b20000  Image Size: 0x001a1000
File Size:  1706488     File Time:  2017-03-04_150638
Version:
   Company:    Microsoft Corporation
   Product:    MicrosoftR WindowsR Operating System
   FileDesc:   Windows NT BASE API 用戶端 DLL
   FileVer:    10.0.14393.953
   ProdVer:    10.0.14393.953

Module 72
C:\Windows\System32\kernel.appcore.dll
Image Base: 0x76cd0000  Image Size: 0x0000d000
File Size:  43416       File Time:  2016-07-16_194256
Version:
   Company:    Microsoft Corporation
   Product:    MicrosoftR WindowsR Operating System
   FileDesc:   AppModel API Host
   FileVer:    10.0.14393.0
   ProdVer:    10.0.14393.0

Module 73
C:\Windows\System32\shcore.dll
Image Base: 0x76ce0000  Image Size: 0x00088000
File Size:  549088      File Time:  2017-03-04_145300
Version:
   Company:    Microsoft Corporation
   Product:    MicrosoftR WindowsR Operating System
   FileDesc:   SHCORE
   FileVer:    10.0.14393.953
   ProdVer:    10.0.14393.953

Module 74
C:\Windows\System32\MSASN1.dll
Image Base: 0x76d70000  Image Size: 0x0000e000
File Size:  49080       File Time:  2016-07-16_194256
Version:
   Company:    Microsoft Corporation
   Product:    MicrosoftR WindowsR Operating System
   FileDesc:   ASN.1 Runtime APIs
   FileVer:    10.0.14393.0
   ProdVer:    10.0.14393.0

Module 75
C:\Windows\System32\powrprof.dll
Image Base: 0x76d80000  Image Size: 0x00045000
File Size:  275832      File Time:  2016-07-16_194256
Version:
   Company:    Microsoft Corporation
   Product:    MicrosoftR WindowsR Operating System
   FileDesc:   電源設定檔協助程式 DLL
   FileVer:    10.0.14393.0
   ProdVer:    10.0.14393.0

Module 76
C:\Windows\System32\KERNEL32.DLL
Image Base: 0x76dd0000  Image Size: 0x000e0000
File Size:  616048      File Time:  2016-07-16_194246
Version:
   Company:    Microsoft Corporation
   Product:    MicrosoftR WindowsR Operating System
   FileDesc:   Windows NT BASE API 用戶端 DLL
   FileVer:    10.0.14393.0
   ProdVer:    10.0.14393.0

Module 77
C:\Windows\System32\GDI32.dll
Image Base: 0x76eb0000  Image Size: 0x0002b000
File Size:  170960      File Time:  2016-12-16_034008
Version:
   Company:    Microsoft Corporation
   Product:    MicrosoftR WindowsR Operating System
   FileDesc:   GDI Client DLL
   FileVer:    10.0.14393.206
   ProdVer:    10.0.14393.206

Module 78
C:\Windows\SYSTEM32\ntdll.dll
Image Base: 0x76ee0000  Image Size: 0x00183000
File Size:  1572768     File Time:  2016-11-11_160000
Version:
   Company:    Microsoft Corporation
   Product:    MicrosoftR WindowsR Operating System
   FileDesc:   NT 階層 DLL
   FileVer:    10.0.14393.479
   ProdVer:    10.0.14393.479


== [end of error.log] ==
