Unity Player [version: Unity 5.6.0f3_497a0f351392]

d3d11.dll caused an Access Violation (0xc0000005)
  in module d3d11.dll at 0023:6e30c7ba.

Error occurred at 2017-04-07_141532.
C:\Users\williamd\Documents\robot-sim\Scene_Test000.exe, run by williamd.
98% memory in use.
0 MB physical memory [156 MB free].
0 MB paging file [1155 MB free].
0 MB user address space [27 MB free].
Read from location 0000009d caused an access violation.

Context:
EDI:    0xca5982c4  ESI: 0x048c95d0  EAX:   0x825bdfc6
EBX:    0x00000000  ECX: 0x00000000  EDX:   0x08584fcc
EIP:    0x6e30c7ba  EBP: 0x012f5a28  SegCs: 0x00000023
EFlags: 0x00210286  ESP: 0x012f5a1c  SegSs: 0x0000002b

Bytes at CS:EIP:
0f be 81 9d 00 00 00 81 c2 5c ff ff ff 51 52 8b 

Stack:
0x012f5a1c: 00000000 048c95d0 825bdfc6 012f5a3c ..........[.<Z/.
0x012f5a2c: 01632c19 08584fcc 00000000 00000000 .,c..OX.........
0x012f5a3c: 012f5a58 0171a048 049c59c0 00000000 XZ/.H.q..Y......
0x012f5a4c: 012f5e0c 048c95d0 00001500 012f5a8c .^/..........Z/.
0x012f5a5c: 017229d8 012f5e0c 00000000 00000000 .)r..^/.........
0x012f5a6c: 0000157e 00000018 0000075c 00000000 ~.......\.......
0x012f5a7c: 00000000 000295d9 00000000 00435540 ............@UC.
0x012f5a8c: 012f5acc 016129bd 0000b0a0 0000075c .Z/..)a.....\...
0x012f5a9c: 0000157e 00000000 00002afc 05435540 ~........*..@UC.
0x012f5aac: 00000000 00000000 00000002 05436624 ............$fC.
0x012f5abc: 00000018 00000348 00000000 00000018 ....H...........
0x012f5acc: 012f5b0c 0166e5fd 05435540 016119f0 .[/...f.@UC...a.
0x012f5adc: 016d5530 00000000 0527c250 00000002 0Um.....P.'.....
0x012f5aec: 00000000 012f5e0c 05433d20 021c77a8 .....^/. =C..w..
0x012f5afc: 00000036 012f5b24 014671cf 000423c8 6...$[/..qF..#..
0x012f5b0c: 012f5eb0 01612127 016119f0 016d5530 .^/.'!a...a.0Um.
0x012f5b1c: 00000000 0527c250 00000002 00000000 ....P.'.........
0x012f5b2c: 012f5e0c 11833950 11833d70 11833d70 .^/.P9..p=..p=..
0x012f5b3c: 11833d70 11833d70 11833d70 11833d70 p=..p=..p=..p=..
0x012f5b4c: 11833d70 11833d70 11833d70 11833d70 p=..p=..p=..p=..
0x012f5b5c: 11834b60 11834b60 11834b60 118357b0 `K..`K..`K...W..
0x012f5b6c: 118357b0 118357b0 118357b0 118357b0 .W...W...W...W..
0x012f5b7c: 118357b0 118357b0 118357b0 118357b0 .W...W...W...W..
0x012f5b8c: 118357b0 00000007 01611dfd 0491c290 .W........a.....
0x012f5b9c: 11835ad0 04cb3120 000423c8 00000003 .Z.. 1...#......
0x012f5bac: 00000004 ffffffff 00000000 00000008 ................
0x012f5bbc: 012f5ec0 00000000 00000008 000001e0 .^/.............
0x012f5bcc: 00000000 00000000 000001e8 000421e0 .............!..
0x012f5bdc: 00000004 fa962af0 825bde06 012f5bfc .....*....[..[/.
0x012f5bec: 6e1f040a fa962ae8 6e1f0415 825bde12 ...n.*.....n..[.
0x012f5bfc: 012f5c14 08584f28 07937940 00000000 .\/.(OX.@y......
0x012f5c0c: 3f800000 beaa54d3 bf323748 3f22daf8 ...?.T..H72..."?
0x012f5c1c: 012f5d3c 08584f28 00000100 012f5c40 <]/.(OX.....@\/.
0x012f5c2c: 6e2fe715 00000001 012f5cc4 6e2fb105 ../n.....\/.../n
0x012f5c3c: 0858ba48 0ccc4fb0 00000000 00000004 H.X..O..........
0x012f5c4c: 00000000 012f5c90 08584f28 6e2fafe0 .....\/.(OX.../n
0x012f5c5c: 6e2fb17c 0ccc4fb0 00000000 00000000 |./n.O..........
0x012f5c6c: 012f5c00 00000001 00000000 012f5d3c .\/.........<]/.
0x012f5c7c: 0ccc4e60 00000000 08584f28 00000001 `N......(OX.....
0x012f5c8c: 012f5c9c 0a9c0700 000000a0 000000a0 .\/.............
0x012f5c9c: 00000000 0ccc4e60 07937ce0 00000000 ....`N...|......
0x012f5cac: 012f5cc4 6e2fe715 00000001 0ccc4e60 .\/.../n....`N..
0x012f5cbc: 08584f28 012f5d00 6e2fb243 0858ba48 (OX..]/.C./nH.X.
0x012f5ccc: 0ccc4fb0 00000000 08584fcc 048b2290 .O.......OX.."..
0x012f5cdc: 6e2fb25f 08584f28 00000001 6e30e700 _./n(OX.......0n
0x012f5cec: 00000001 00000000 0a9c0700 000000a0 ................
0x012f5cfc: 825bd8ee 012f5d1c 6e30c816 08584f28 ..[..]/...0n(OX.
0x012f5d0c: 0ccc4e60 048b2250 048b2250 08584fcc `N..P"..P"...OX.
0x012f5d1c: 012f5d54 016321aa 08584fcc 048b2250 T]/..!c..OX.P"..
0x012f5d2c: 048b2250 04ddf7d4 012f5da8 05435540 P".......]/.@UC.
0x012f5d3c: 0a9c0700 000000a0 000000a0 00000004 ................
0x012f5d4c: 05436b20 00000004 012f5dc8 0163d4d2  kC......]/...c.
0x012f5d5c: 012f5d7c 6e30b1e4 0858ba48 00000ea6 |]/...0nH.X.....
0x012f5d6c: 00000000 00000000 6e30b1ef 825bd892 ..........0n..[.
0x012f5d7c: 012f5db4 01634619 08584fcc 00000ea6 .]/..Fc..OX.....
0x012f5d8c: 00000000 00000000 05435540 048f8010 ........@UC.....
0x012f5d9c: 08584fcc 00000000 80000000 40800000 .OX............@
0x012f5dac: 00000001 03000000 03000c00 00000000 ................
0x012f5dbc: 02001800 00000000 00000000 00000000 ................
0x012f5dcc: 04002000 0000008b 00000000 00300000 . ............0.
0x012f5ddc: 00000000 00000000 00000000 00000000 ................
0x012f5dec: 00000000 00000000 00000000 00000000 ................
0x012f5dfc: 00000000 0f013dc0 00000a80 00000038 .....=......8...
0x012f5e0c: 00000000 00000000 000295d9 00000000 ................
0x012f5e1c: 05216200 00000038 048c9630 07036e20 .b!.8...0... n..
0x012f5e2c: 00000000 05433d20 00000188 00000348 .... =C.....H...
0x012f5e3c: 00000003 00000014 00000000 00000005 ................
0x012f5e4c: 000011db 012f5b30 00002c14 00000002 ....0[/..,......
0x012f5e5c: 03000000 03000c00 00000000 00000000 ................
0x012f5e6c: 00000000 00000000 00000000 00000000 ................
0x012f5e7c: 00000078 118358b0 00000018 00000018 x....X..........
0x012f5e8c: 04cb3120 0000157e 0000075c 00000018  1..~...\.......
0x012f5e9c: 00000018 00000188 00000001 00000348 ............H...
0x012f5eac: 00000000 012f5f80 01614738 05433d20 ....._/.8Ga. =C.
0x012f5ebc: 05207e3c 0527c250 00000018 00000003 <~ .P.'.........
0x012f5ecc: 00000003 012f5ee4 00000000 012f6590 .....^/......e/.
0x012f5edc: 05215510 04cb3040 03000300 02000000 .U!.@0..........
0x012f5eec: 00000000 04000000 07035f00 00000001 ........._......
0x012f5efc: 07035ea0 00000030 00000000 00000000 .^..0...........
0x012f5f0c: 00000000 00000000 00000000 00000000 ................
0x012f5f1c: 07036e20 07036800 00000001 070367a0  n...h.......g..
0x012f5f2c: 00000030 00000000 00000000 00000000 0...............
0x012f5f3c: 00000000 00000000 00000000 07036e20 ............ n..
0x012f5f4c: 05219114 05433d20 00000000 05216200 ..!. =C......b!.
0x012f5f5c: 00000000 04cb31c8 0000075c 00000003 .....1..\.......
0x012f5f6c: 00000000 00000003 0000157e 11835ad0 ........~....Z..
0x012f5f7c: 04cb3060 012f5fb0 0157e665 05207e3c `0..._/.e.W.<~ .
0x012f5f8c: 012f5fa0 00000003 05222840 012f6590 ._/.....@("..e/.
0x012f5f9c: 05433d20 04cb3040 00000031 05430001  =C.@0..1.....C.
0x012f5fac: 00000000 012f6704 01582ec0 04cb3040 .....g/...X.@0..
0x012f5fbc: 00000031 00000003 05213120 01574aad 1....... 1!..JW.
0x012f5fcc: 0000000b 01003f94 09d03600 00000030 .....?...6..0...
0x012f5fdc: 00000030 01003fa9 09d03600 00000035 0....?...6..5...
0x012f5fec: 00000035 01003fc2 09d03600 0000003d 5....?...6..=...
0x012f5ffc: 0000003d 0300323d 09d03600 0000004e =...=2...6..N...
0x012f600c: 0000004e 09003fa5 09d03600 00000039 N....?...6..9...
0x012f601c: 00000039 0b003e63 09d03600 00000049 9...c>...6..I...
0x012f602c: 00000049 0b003eef 09d03600 0000001a I....>...6......
0x012f603c: 0000001a 0b003f5a 09d03600 00000020 ....Z?...6.. ...
0x012f604c: 00000020 0b003f90 09d03600 0000001e  ....?...6......
0x012f605c: 0000001e 0b003f9c 09d03600 00000033 .....?...6..3...
0x012f606c: 00000033 0b003fb1 09d03600 0000000f 3....?...6......
0x012f607c: 0000000f 0b003fb4 09d03600 00000005 .....?...6......
0x012f608c: 00000005 0b003fb9 09d03600 00000002 .....?...6......
0x012f609c: 00000002 0b003fb9 09d03600 0000003b .....?...6..;...
0x012f60ac: 0000003b 0b003fc4 09d03600 00000048 ;....?...6..H...
0x012f60bc: 00000048 10003fa1 09d03600 00000018 H....?...6......
0x012f60cc: 00000018 10003fc0 09d03600 00000015 .....?...6......
0x012f60dc: 00000015 10003fc7 09d03600 0000002e .....?...6......
0x012f60ec: 0000002e 15003c4c 09d03600 00000022 ....L<...6.."...
0x012f60fc: 00000022 15003de3 09d03600 00000027 "....=...6..'...
0x012f610c: 00000027 15003e87 09d03600 00000046 '....>...6..F...
0x012f611c: 00000046 15003edf 09d03600 0000004a F....>...6..J...
0x012f612c: 0000004a 15003f17 09d03600 00000000 J....?...6......
0x012f613c: 00000000 15003f3d 09d03600 0000002a ....=?...6..*...
0x012f614c: 0000002a 15003f59 09d03600 0000000e *...Y?...6......
0x012f615c: 0000000e 15003f6e 09d03600 0000004d ....n?...6..M...
0x012f616c: 0000004d 15003f7e 09d03600 00000047 M...~?...6..G...
0x012f617c: 00000047 15003f8b 09d03600 0000001c G....?...6......
0x012f618c: 0000001c 16003a8a 09d03600 0000004b .....:...6..K...
0x012f619c: 0000004b 16003e61 09d03600 00000012 K...a>...6......
0x012f61ac: 00000012 16003eef 09d03600 0000002f .....>...6../...
0x012f61bc: 0000002f 16003f5a 09d03600 0000003c /...Z?...6..<...
0x012f61cc: 0000003c 16003f90 09d03600 0000002c <....?...6..,...
0x012f61dc: 0000002c 16003f9c 09d03600 00000006 ,....?...6......
0x012f61ec: 00000006 16003fb1 09d03600 0000002b .....?...6..+...
0x012f61fc: 0000002b 16003fb4 09d03600 00000021 +....?...6..!...
0x012f620c: 00000021 16003fb9 09d03600 00000028 !....?...6..(...
0x012f621c: 00000028 16003fb9 09d03600 0000000c (....?...6......
0x012f622c: 0000000c 16003fc4 09d03600 00000008 .....?...6......
0x012f623c: 00000008 1a003e62 09d03600 00000014 ....b>...6......
0x012f624c: 00000014 1a003eef 09d03600 00000026 .....>...6..&...
0x012f625c: 00000026 1a003f5a 09d03600 00000043 &...Z?...6..C...
0x012f626c: 00000043 1a003f90 09d03600 00000041 C....?...6..A...
0x012f627c: 00000041 1a003f9c 09d03600 00000036 A....?...6..6...
0x012f628c: 00000036 1a003fb1 09d03600 00000034 6....?...6..4...
0x012f629c: 00000034 1a003fb4 09d03600 00000044 4....?...6..D...
0x012f62ac: 00000044 1a003fb9 09d03600 00000051 D....?...6..Q...
0x012f62bc: 00000051 1a003fb9 09d03600 00000040 Q....?...6..@...
0x012f62cc: 00000040 1a003fc4 09d03600 00000023 @....?...6..#...
0x012f62dc: 00000023 04003f9b 34006800 00000017 #....?...h.4....
0x012f62ec: 00000017 04003fad 34006800 00000004 .....?...h.4....
0x012f62fc: 00000004 04003fb3 34006800 00000045 .....?...h.4E...
0x012f630c: 00000045 04003fb9 34006800 0000004f E....?...h.4O...
0x012f631c: 0000004f 04003fbd 34006800 00000032 O....?...h.42...
0x012f632c: 00000032 04003fc5 34006800 0000000d 2....?...h.4....
0x012f633c: 0000000d 05003fa2 34006800 0000001b .....?...h.4....
0x012f634c: 0000001b 05003fc0 34006800 00000013 .....?...h.4....
0x012f635c: 00000013 05003fc7 34006800 00000010 .....?...h.4....
0x012f636c: 00000010 0a003c4b 34006800 00000016 ....K<...h.4....
0x012f637c: 00000016 0a003de3 34006800 00000042 .....=...h.4B...
0x012f638c: 00000042 0a003e87 34006800 0000003e B....>...h.4>...
0x012f639c: 0000003e 0a003edf 34006800 00000029 >....>...h.4)...
0x012f63ac: 00000029 0a003f17 34006800 00000001 )....?...h.4....
0x012f63bc: 00000001 0a003f3d 34006800 0000000b ....=?...h.4....
0x012f63cc: 0000000b 0a003f59 34006800 00000037 ....Y?...h.47...
0x012f63dc: 00000037 0a003f6e 34006800 0000001d 7...n?...h.4....
0x012f63ec: 0000001d 0a003f7e 34006800 00000009 ....~?...h.4....
0x012f63fc: 00000009 0a003f8b 34006800 0000000a .....?...h.4....
0x012f640c: 0000000a 0d003f93 34006800 0000002d .....?...h.4-...
0x012f641c: 0000002d 0d003fa8 34006800 00000024 -....?...h.4$...
0x012f642c: 00000024 0d003fc2 34006800 00000025 $....?...h.4%...
0x012f643c: 00000025 0f003f9b 34006800 00000038 %....?...h.48...
0x012f644c: 00000038 0f003fad 34006800 0000003f 8....?...h.4?...
0x012f645c: 0000003f 0f003fb3 34006800 00000019 ?....?...h.4....
0x012f646c: 00000019 0f003fb9 34006800 00000031 .....?...h.41...
0x012f647c: 00000031 0f003fbd 34006800 00000007 1....?...h.4....
0x012f648c: 00000007 0f003fc5 34006800 0000003a .....?...h.4:...
0x012f649c: 0000003a 14003fa5 34006800 00000003 :....?...h.4....
0x012f64ac: 00000003 00000ea6 00000000 00000000 ................
0x012f64bc: 6e30b1ef 825be12a 012f64fc 01634619 ..0n*.[..d/..Fc.
0x012f64cc: 08584fcc 00000ea6 00000000 01c1d3bc .OX.............
0x012f64dc: 012f6840 56194b33 3fe8c627 00000003 @h/.3K.V'..?....
0x012f64ec: 80000000 40800000 012f6704 016137cc .......@.g/..7a.
0x012f64fc: 05207e00 015747e3 052238a8 05207e3c .~ ..GW..8".<~ .
0x012f650c: 05223810 3f800000 00000000 00000000 .8"....?........
0x012f651c: 00000000 00000000 3f800000 00000000 ...........?....
0x012f652c: 00000000 00000000 00000000 3f800000 ...............?
0x012f653c: 00000000 00000000 00000000 00000000 ................
0x012f654c: 3f800000 beaa54d3 bf323748 3f22daf8 ...?.T..H72..."?
0x012f655c: 00000000 bf10adbb 3f2fec3b 3ee9b620 ........;./? ..>
0x012f656c: 00000000 3f414383 3e54a661 3f1f3ea0 .....CA?a.T>.>.?
0x012f657c: 00000000 42b358dd 41c1abb2 c247b41c .....X.B...A..G.
0x012f658c: 3f800000 05433d2c 05433d20 021de788 ...?,=C. =C.....
0x012f659c: 00000001 00000000 00000000 00000000 ................
0x012f65ac: 00000000 00000000 00000000 00000000 ................
0x012f65bc: 00000001 00000000 00000000 00000000 ................
0x012f65cc: 00000001 00000000 00000000 00000000 ................
0x012f65dc: 00000001 00000000 00000000 00000000 ................
0x012f65ec: 00000000 00000001 01467901 00000000 .........yF.....
0x012f65fc: 00000001 00000000 00000000 04cb3040 ............@0..
0x012f660c: 00000001 00000031 00000080 ffff0101 ....1...........
0x012f661c: 012f66e7 05207e3c 016af8d0 01614290 .f/.<~ ...j..Ba.
0x012f662c: 00000003 00000000 00000003 01632d11 .............-c.
0x012f663c: 00000000 00000000 00000000 00000000 ................
0x012f664c: 00000000 00000000 00000000 00000000 ................
0x012f665c: 00000000 00000000 00000000 048b6100 .............a..
0x012f666c: 00000000 00000000 00000000 3f800000 ...............?
0x012f667c: 00000000 00000000 00000000 00000014 ................
0x012f668c: 012f6590 05433d2c 00000000 80000000 .e/.,=C.........
0x012f669c: 3f800000 3d254408 00000000 80000000 ...?.D%=........
0x012f66ac: 3f800000 00000000 00000000 00000023 ...?........#...
0x012f66bc: 00000000 012f6770 34006800 00000000 ....pg/..h.4....
0x012f66cc: 00000000 00000017 04e8fc70 0000001d ........p.......
0x012f66dc: 00000003 ffffffff 012f6730 05222840 ........0g/.@(".
0x012f66ec: 00000000 00000005 012f62ec 00000000 .........b/.....
0x012f66fc: 09d03600 0010adbb 012f67f8 01574dc0 .6.......g/..MW.
0x012f670c: 00000003 05207a38 05223820 052238a8 ....8z . 8"..8".
0x012f671c: 05207e00 05207e3c 00000001 00000000 .~ .<~ .........
0x012f672c: 00000000 05223810 05433d20 3ae99650 .....8". =C.P..:
0x012f673c: 00000000 42b358dd 41c1abb2 c247b41c .....X.B...A..G.
0x012f674c: 000002c8 00000010 0241c060 00000001 ........`.A.....
0x012f675c: 012f6794 01a72b2e 000002c8 00000010 .g/..+..........
0x012f676c: 000002c8 00000004 00000000 00000000 ................
0x012f677c: 00000000 3f414383 3e54a661 3f1f3ea0 .....CA?a.T>.>.?
0x012f678c: 00000000 00000000 012f67e0 01a72c04 .........g/..,..
0x012f679c: 000002c8 00000004 00000002 00000000 ................
0x012f67ac: 021c77a8 000001cf 000002c8 05223884 .w...........8".
0x012f67bc: 05223844 05207970 beaa54d3 bf10adbb D8".py ..T......
0x012f67cc: 3f414383 42b358dd bf323748 3f2fec00 .CA?.X.BH72.../?
0x012f67dc: 05207e00 05433d20 00000000 00000000 .~ . =C.........
0x012f67ec: 05223820 05207a38 00000001 012f6814  8".8z ......h/.
0x012f67fc: 01610fb1 05223810 05207970 05433d20 ..a..8".py . =C.
0x012f680c: 012f688c 05207970 012f6864 0167a44f .h/.py .dh/.O.g.
0x012f681c: 00000001 01574c00 012f688c 05207970 .....LW..h/.py .
0x012f682c: 0520ff60 04ddab40 04e9c780 000002c8 `. .@...........
0x012f683c: 04ddab40 05223820 00000001 012f685c @... 8".....\h/.
0x012f684c: 018f1ab2 05433d20 012f688c 00000000 .... =C..h/.....
0x012f685c: 012f6870 0156b39f 012f6978 0157581f ph/...V.xi/..XW.
0x012f686c: 00000001 01574c00 012f688c 05207970 .....LW..h/.py .
0x012f687c: 0520ff60 052235b0 05223680 05223750 `. ..5"..6".P7".
0x012f688c: 05223810 00000004 01575186 06e681a0 .8"......QW.....
0x012f689c: 05207970 051fd650 04ddab44 05433d2c py .P...D...,=C.
0x012f68ac: bf800000 00000000 00000000 00000000 ................
0x012f68bc: 00000000 80000000 3f800000 00000000 ...........?....
0x012f68cc: 3d64ab99 3f09c6be c21d3b35 3fc90fdb ..d=...?5;.....?
0x012f68dc: 00000101 00000800 00000800 00000800 ................
0x012f68ec: 00000800 80000000 00000000 3f800000 ...............?
0x012f68fc: 00000200 00000000 bfddb3d7 00000000 ................
0x012f690c: 00000000 00000004 00000000 00000005 ................
0x012f691c: 00000002 00000001 3ecccccd 00000800 ...........>....
0x012f692c: 04e971a0 012f688c 80000000 3f800000 .q...h/........?
0x012f693c: 3d254408 00000000 00000003 012f6880 .D%=.........h/.
0x012f694c: 05433d20 00000001 000003c0 00000000  =C.............
0x012f695c: 00000800 00000004 00000800 00000800 ................
0x012f696c: 05207e3c 00000001 052103f0 012f6bc8 <~ .......!..k/.
0x012f697c: 01587501 01000001 04ddab40 00000020 .uX.....@... ...
0x012f698c: 04dd9520 051fd650 04ddab40 00000002  ...P...@.......
0x012f699c: 04dc48a0 00000080 00000002 00000040 .H..........@...
0x012f69ac: ffffffff 00000000 00000058 012f6bb4 ........X....k/.
0x012f69bc: 00000000 00000080 00000000 00000048 ............H...
0x012f69cc: 016af8d0 00000000 00000000 00000000 ..j.............
0x012f69dc: 00000000 00000000 00000000 00000000 ................
0x012f69ec: 00000000 00000000 00000000 00000000 ................
0x012f69fc: 00000000 00000000 00000000 00000000 ................
0x012f6a0c: 06e681a0 012f6a48 00000000 012f6a30 ....Hj/.....0j/.
0x012f6a1c: 01615477 012f6a48 012f6a7c ffffffff wTa.Hj/.|j/.....
0x012f6a2c: 048b3ed0 012f6a50 014d87a6 012f6a48 .>..Pj/...M.Hj/.
0x012f6a3c: 012f6a7c 06e681a0 048cbd90 00000bb7 |j/.............
0x012f6a4c: 012f6a70 3f800000 3f800000 01c1d383 pj/....?...?....
0x012f6a5c: 00000000 012f6dc4 54442d18 3ff921fb .....m/..-DT.!.?
0x012f6a6c: 00000003 00000000 bfddb3d7 00000000 ................
0x012f6a7c: 00000000 00000000 00000000 00000000 ................
0x012f6a8c: 00000000 012f6b90 013e44ad 012f6b98 .....k/..D>..k/.
0x012f6a9c: 013e44ad 1202bde0 012f6adc 1202ce2c .D>......j/.,...
0x012f6aac: 012f6ac4 01615477 012f6adc 012f6b10 .j/.wTa..j/..k/.
0x012f6abc: ffffffff 048b3ed0 012f6ae4 00000760 .....>...j/.`...
0x012f6acc: 00000001 76f235e0 1202bde0 048cbd90 .....5.v........
0x012f6adc: 76df9860 76f0aed3 0241c060 00008000 `..v...v`.A.....
0x012f6aec: 00000080 0241c060 00000001 00000000 ....`.A.........
0x012f6afc: 0493fe20 04922510 76f4e65c 76c15674  ....%..\..vtV.v
0x012f6b0c: 0000052c 00000001 00000000 012f6b3c ,...........<k/.
0x012f6b1c: 01793f4a 0000052c 00000001 00000000 J?y.,...........
0x012f6b2c: 00000001 76f4e5fc 9cab3914 012f6ba4 .......v.9...k/.
0x012f6b3c: 76beaec6 76beae66 71fffd5a 76df9860 ...vf..vZ..q`..v
0x012f6b4c: 048bd3d0 048b2910 76f4e65c 76c15674 .....)..\..vtV.v
0x012f6b5c: 0000052c 00000001 00000000 012f6b8c ,............k/.
0x012f6b6c: 01793f4a 0000052c 00000001 00000000 J?y.,...........
0x012f6b7c: 00000001 0493fe20 048b2910 00000001 .... ....)......
0x012f6b8c: 012f6ba8 0179489a 00000001 012f6bec .k/..Hy......k/.
0x012f6b9c: 048b2910 05210990 048b2910 012f6bc4 .)....!..)...k/.
0x012f6bac: 01794944 012f6bec 76f4e65c 06e681a0 DIy..k/.\..v....
0x012f6bbc: 05207970 11865330 00010000 012f6c00 py .0S.......l/.
0x012f6bcc: 0158c8c7 051fd6fc 048b2901 00000001 ..X......)......
0x012f6bdc: 04ddab40 04ddab40 051fd650 05206d60 @...@...P...`m .
0x012f6bec: 3d64ab99 3f09c6be c29e9d9b 3f800000 ..d=...?.......?
0x012f6bfc: 048b2901 012f6c50 0158cc5c 01722160 .)..Pl/.\.X.`!r.
0x012f6c0c: 00000001 00000000 051f7e7c 04ddab40 ........|~..@...
0x012f6c1c: 000008ac 051fd650 05206d60 017932cb ....P...`m ..2y.
0x012f6c2c: 012f6c50 01588690 052206c0 048d4880 Pl/...X..."..H..
0x012f6c3c: 00000002 00000000 000008ac 051fd650 ............P...
0x012f6c4c: 04ddab40 012f6db4 01590fe0 012f6d5c @....m/...Y.\m/.
0x012f6c5c: 04722160 051f7e7c 00000000 00000001 `!r.|~..........
0x012f6c6c: 00000001 00000000 012fefe0 012ff428 ........../.(./.
0x012f6c7c: 0496cdc0 3d64ab99 3f09c6be c29e9d9b ......d=...?....
0x012f6c8c: 3f800000 00000000 00000004 3f360b9f ...?..........6?
0x012f6c9c: 00000000 00000000 00000000 00000000 ................
0x012f6cac: 00000000 00000000 00000000 00000000 ................
0x012f6cbc: 3f360b9f 00000000 00000000 00000000 ..6?............
0x012f6ccc: 00000000 00000000 00000000 00000000 ................
0x012f6cdc: 00000000 3f360b9f 00000000 00000000 ......6?........
0x012f6cec: 00000000 00000000 00000000 00000000 ................
0x012f6cfc: 00000000 00000000 3f800000 00000000 ...........?....
0x012f6d0c: 00000000 00000000 00000000 000007d0 ................
0x012f6d1c: 00000000 40d55555 3d088889 c02aaaab ....UU.@...=..*.
0x012f6d2c: 04e2aee0 000000b8 051f9a10 00002800 .............(..
0x012f6d3c: 00000004 00000000 11830f20 1203dbbc ........ .......
0x012f6d4c: 43160000 42dc0000 1202db40 1202db48 ...C...B@...H...
0x012f6d5c: 048e62c0 000107bc 012fefe0 00000001 .b......../.....
0x012f6d6c: 0496cd00 00000001 0000000b c39ee201 ................
0x012f6d7c: 00000000 00000000 43160000 11871170 ...........Cp...
0x012f6d8c: 00000006 04722160 051fcb18 000000b9 ....`!r.........
0x012f6d9c: 00000000 0491f950 00000006 051fd650 ....P.......P...
0x012f6dac: 00000000 0101ffff 012f6e8c 015951a8 .........n/..QY.
0x012f6dbc: 051f7e70 001fae30 012fefe0 00000001 p~..0...../.....
0x012f6dcc: 00000000 00000001 00000000 012fefe0 ............../.
0x012f6ddc: 06e681a0 00000005 012f6e44 01539b15 ........Dn/...S.
0x012f6dec: 04ddab40 06e681a0 00000005 00000000 @...............
0x012f6dfc: 00000000 44b34000 44320000 000006f8 .....@.D..2D....
0x012f6e0c: 00000010 0241c060 00000001 012f6e50 ....`.A.....Pn/.
0x012f6e1c: 01a72b2e 000006f8 00000010 012fefe0 .+............/.
0x012f6e2c: 06e681a0 00000005 04ddab40 012f6e44 ........@...Dn/.
0x012f6e3c: 00000005 06e681a0 bf800000 00000000 ................
0x012f6e4c: 00000000 012f6e70 01a72840 000006f8 ....pn/.@(......
0x012f6e5c: 00000010 00000002 00000000 021c77a8 .............w..
0x012f6e6c: 0000013b 012f6e00 015929b3 012fefe0 ;....n/..)Y.../.
0x012f6e7c: 06e681a0 012f6e8c 00000000 00000000 .....n/.........
0x012f6e8c: 012f6ea8 0151fc2b 0496cd00 00000001 .n/.+.Q.........
0x012f6e9c: 012fef00 06e681a0 00000000 012f6ec8 ../..........n/.
0x012f6eac: 015362f2 06e681a0 00000001 012fefe0 .bS.........../.
0x012f6ebc: 04ddab40 00000005 06e681a0 012fefb8 @............./.
0x012f6ecc: 0153d242 012fefe0 1202db40 00000005 B.S.../.@.......
0x012f6edc: 023c09d0 04ddab40 060c9201 06e681a0 ..<.@...........
0x012f6eec: 00000000 00000001 00000000 00000000 ................
0x012f6efc: 00000001 021dde64 00000000 00000000 ....d...........
0x012f6f0c: 00000000 00000000 00000000 00000000 ................
0x012f6f1c: 00000000 00000000 00000000 00000000 ................
0x012f6f2c: 00000000 00000000 00000000 00000000 ................
0x012f6f3c: 00000000 00000000 00000000 00000000 ................
0x012f6f4c: 00000000 00000000 00000000 00000000 ................
0x012f6f5c: 00000000 00000000 00000000 00000000 ................
0x012f6f6c: 00000000 00000000 00000000 00000000 ................
0x012f6f7c: 00000000 00000000 00000000 00000000 ................
0x012f6f8c: 00000000 00000000 00000000 00000000 ................
0x012f6f9c: 00000000 00000000 00000000 00000000 ................
0x012f6fac: 00000000 00000000 00000000 00000000 ................
0x012f6fbc: 00000000 00000000 00000000 00000000 ................
0x012f6fcc: 00000000 00000000 00000000 00000000 ................
0x012f6fdc: 00000000 00000000 00000000 00000000 ................
0x012f6fec: 00000000 00000000 00000000 00000000 ................
0x012f6ffc: 00000000 00000000 00000000 00000000 ................
0x012f700c: 00000000 00000000 00000000 00000000 ................
0x012f701c: 00000000 00000000 00000000 00000000 ................
0x012f702c: 00000000 00000000 00000000 00000000 ................
0x012f703c: 00000000 00000000 00000000 00000000 ................
0x012f704c: 00000000 00000000 00000000 00000000 ................
0x012f705c: 00000000 00000000 00000000 00000000 ................
0x012f706c: 00000000 00000000 00000000 00000000 ................
0x012f707c: 00000000 00000000 00000000 00000000 ................
0x012f708c: 00000000 00000000 00000000 00000000 ................
0x012f709c: 00000000 00000000 00000000 00000000 ................
0x012f70ac: 00000000 00000000 00000000 00000000 ................
0x012f70bc: 00000000 00000000 00000000 00000000 ................
0x012f70cc: 00000000 00000000 00000000 00000000 ................
0x012f70dc: 00000000 00000000 00000000 00000000 ................
0x012f70ec: 00000000 00000000 00000000 00000000 ................
0x012f70fc: 00000000 00000000 00000000 00000000 ................
0x012f710c: 00000000 00000000 00000000 00000000 ................
0x012f711c: 00000000 00000000 00000000 00000000 ................
0x012f712c: 00000000 00000000 00000000 00000000 ................
0x012f713c: 00000000 00000000 00000000 00000000 ................
0x012f714c: 00000000 00000000 00000000 00000000 ................
0x012f715c: 00000000 00000000 00000000 00000000 ................
0x012f716c: 00000000 00000000 00000000 00000000 ................
0x012f717c: 00000000 00000000 00000000 00000000 ................
0x012f718c: 00000000 00000000 00000000 00000000 ................
0x012f719c: 00000000 00000000 00000000 00000000 ................
0x012f71ac: 00000000 00000000 00000000 00000000 ................
0x012f71bc: 00000000 00000000 00000000 00000000 ................
0x012f71cc: 00000000 00000000 00000000 00000000 ................
0x012f71dc: 00000000 00000000 00000000 00000000 ................
0x012f71ec: 00000000 00000000 00000000 00000000 ................
0x012f71fc: 00000000 00000000 00000000 00000000 ................
0x012f720c: 00000000 00000000 00000000 00000000 ................
0x012f721c: 00000000 00000000 00000000 00000000 ................
0x012f722c: 00000000 00000000 00000000 00000000 ................
0x012f723c: 00000000 00000000 00000000 00000000 ................
0x012f724c: 00000000 00000000 00000000 00000000 ................
0x012f725c: 00000000 00000000 00000000 00000000 ................
0x012f726c: 00000000 00000000 00000000 00000000 ................
0x012f727c: 00000000 00000000 00000000 00000000 ................
0x012f728c: 00000000 00000000 00000000 00000000 ................
0x012f729c: 00000000 00000000 00000000 00000000 ................
0x012f72ac: 00000000 00000000 00000000 00000000 ................
0x012f72bc: 00000000 00000000 00000000 00000000 ................
0x012f72cc: 00000000 00000000 00000000 00000000 ................
0x012f72dc: 00000000 00000000 00000000 00000000 ................
0x012f72ec: 00000000 00000000 00000000 00000000 ................
0x012f72fc: 00000000 00000000 00000000 00000000 ................
0x012f730c: 00000000 00000000 00000000 00000000 ................
0x012f731c: 00000000 00000000 00000000 00000000 ................
0x012f732c: 00000000 00000000 00000000 00000000 ................
0x012f733c: 00000000 00000000 00000000 00000000 ................
0x012f734c: 00000000 00000000 00000000 00000000 ................
0x012f735c: 00000000 00000000 00000000 00000000 ................
0x012f736c: 00000000 00000000 00000000 00000000 ................
0x012f737c: 00000000 00000000 00000000 00000000 ................
0x012f738c: 00000000 00000000 00000000 00000000 ................
0x012f739c: 00000000 00000000 00000000 00000000 ................
0x012f73ac: 00000000 00000000 00000000 00000000 ................
0x012f73bc: 00000000 00000000 00000000 00000000 ................
0x012f73cc: 00000000 00000000 00000000 00000000 ................
0x012f73dc: 00000000 00000000 00000000 00000000 ................
0x012f73ec: 00000000 00000000 00000000 00000000 ................
0x012f73fc: 00000000 00000000 00000000 00000000 ................
0x012f740c: 00000000 00000000 00000000 00000000 ................
0x012f741c: 00000000 00000000 00000000 00000000 ................
0x012f742c: 00000000 00000000 00000000 00000000 ................
0x012f743c: 00000000 00000000 00000000 00000000 ................
0x012f744c: 00000000 00000000 00000000 00000000 ................
0x012f745c: 00000000 00000000 00000000 00000000 ................
0x012f746c: 00000000 00000000 00000000 00000000 ................
0x012f747c: 00000000 00000000 00000000 00000000 ................
0x012f748c: 00000000 00000000 00000000 00000000 ................
0x012f749c: 00000000 00000000 00000000 00000000 ................
0x012f74ac: 00000000 00000000 00000000 00000000 ................
0x012f74bc: 00000000 00000000 00000000 00000000 ................
0x012f74cc: 00000000 00000000 00000000 00000000 ................
0x012f74dc: 00000000 00000000 00000000 00000000 ................
0x012f74ec: 00000000 00000000 00000000 00000000 ................
0x012f74fc: 00000000 00000000 00000000 00000000 ................
0x012f750c: 00000000 00000000 00000000 00000000 ................
0x012f751c: 00000000 00000000 00000000 00000000 ................
0x012f752c: 00000000 00000000 00000000 00000000 ................
0x012f753c: 00000000 00000000 00000000 00000000 ................
0x012f754c: 00000000 00000000 00000000 00000000 ................
0x012f755c: 00000000 00000000 00000000 00000000 ................
0x012f756c: 00000000 00000000 00000000 00000000 ................
0x012f757c: 00000000 00000000 00000000 00000000 ................
0x012f758c: 00000000 00000000 00000000 00000000 ................
0x012f759c: 00000000 00000000 00000000 00000000 ................
0x012f75ac: 00000000 00000000 00000000 00000000 ................
0x012f75bc: 00000000 00000000 00000000 00000000 ................
0x012f75cc: 00000000 00000000 00000000 00000000 ................
0x012f75dc: 00000000 00000000 00000000 00000000 ................
0x012f75ec: 00000000 00000000 00000000 00000000 ................
0x012f75fc: 00000000 00000000 00000000 00000000 ................
0x012f760c: 00000000 00000000 00000000 00000000 ................
0x012f761c: 00000000 00000000 00000000 00000000 ................
0x012f762c: 00000000 00000000 00000000 00000000 ................
0x012f763c: 00000000 00000000 00000000 00000000 ................
0x012f764c: 00000000 00000000 00000000 00000000 ................
0x012f765c: 00000000 00000000 00000000 00000000 ................
0x012f766c: 00000000 00000000 00000000 00000000 ................
0x012f767c: 00000000 00000000 00000000 00000000 ................
0x012f768c: 00000000 00000000 00000000 00000000 ................
0x012f769c: 00000000 00000000 00000000 00000000 ................
0x012f76ac: 00000000 00000000 00000000 00000000 ................
0x012f76bc: 00000000 00000000 00000000 00000000 ................
0x012f76cc: 00000000 00000000 00000000 00000000 ................
0x012f76dc: 00000000 00000000 00000000 00000000 ................
0x012f76ec: 00000000 00000000 00000000 00000000 ................
0x012f76fc: 00000000 00000000 00000000 00000000 ................
0x012f770c: 00000000 00000000 00000000 00000000 ................
0x012f771c: 00000000 00000000 00000000 00000000 ................
0x012f772c: 00000000 00000000 00000000 00000000 ................
0x012f773c: 00000000 00000000 00000000 00000000 ................
0x012f774c: 00000000 00000000 00000000 00000000 ................
0x012f775c: 00000000 00000000 00000000 00000000 ................
0x012f776c: 00000000 00000000 00000000 00000000 ................
0x012f777c: 00000000 00000000 00000000 00000000 ................
0x012f778c: 00000000 00000000 00000000 00000000 ................
0x012f779c: 00000000 00000000 00000000 00000000 ................
0x012f77ac: 00000000 00000000 00000000 00000000 ................
0x012f77bc: 00000000 00000000 00000000 00000000 ................
0x012f77cc: 00000000 00000000 00000000 00000000 ................
0x012f77dc: 00000000 00000000 00000000 00000000 ................
0x012f77ec: 00000000 00000000 00000000 00000000 ................
0x012f77fc: 00000000 00000000 00000000 00000000 ................
0x012f780c: 00000000 00000000 00000000 00000000 ................
0x012f781c: 00000000 00000000 00000000 00000000 ................
0x012f782c: 00000000 00000000 00000000 00000000 ................
0x012f783c: 00000000 00000000 00000000 00000000 ................
0x012f784c: 00000000 00000000 00000000 00000000 ................
0x012f785c: 00000000 00000000 00000000 00000000 ................
0x012f786c: 00000000 012f7d90 0264c660 54fb5f45 .....}/.`.d.E_.T
0x012f787c: 00000000 00000000 76f092e9 ae39ee11 ...........v..9.
0x012f788c: 012f789c 54fb234b 00000061 012f7e08 .x/.K#.Ta....~/.
0x012f789c: 012f7e30 54fb5f45 00000061 012f7d90 0~/.E_.Ta....}/.
0x012f78ac: 012f794c ae39ee29 012f78c4 54fb234b Ly/.).9..x/.K#.T
0x012f78bc: 00000073 012f7d90 012f7d6c 54fb1af5 s....}/.l}/....T
0x012f78cc: 00000073 012f7d90 012f794c 012f7db0 s....}/.Ly/..}/.
0x012f78dc: 02655420 54fb22e0 00000000 00000000  Te..".T........
0x012f78ec: 00000000 00000000 00000069 00000064 ........i...d...
0x012f78fc: 00000058 0000000b 00ea0000 0000000c X...............
0x012f790c: 00ea0000 00ea0000 012f7930 76f3cee2 ........0y/....v
0x012f791c: 012f792c 02600000 0000000b 00ea0000 ,y/...`.........
0x012f792c: 00ea12b8 012f7a90 76f3ceb4 02604a00 .....z/....v.J`.
0x012f793c: 76f27447 9cab2950 00000060 02600000 Gt.vP)..`.....`.
0x012f794c: 00000054 00000000 ffffffff 02000002 T...............
0x012f795c: 012f7e08 b70003b4 54fbb706 00000000 .~/........T....
0x012f796c: 00000000 02000002 00000000 b70003b4 ................
0x012f797c: 00000000 00000000 fffffc58 02604a00 ........X....J`.
0x012f798c: 00000000 00000000 76f292c9 9cab2950 ...........vP)..
0x012f799c: 02657ef0 02600000 02657ef8 00000000 .~e...`..~e.....
0x012f79ac: 02652b18 2e00002e 00000000 00000000 .+e.............
0x012f79bc: 0000000a b70003b4 00000000 00000000 ................
0x012f79cc: 0000002e 02600000 00000000 b70003b4 ......`.........
0x012f79dc: 00000000 00000001 00000080 0000003a ............:...
0x012f79ec: 026000c0 02600288 00000000 00000000 ..`...`.........
0x012f79fc: 02600000 00000060 000007ff 00000334 ..`.`.......4...
0x012f7a0c: 02657ef0 0000003a 00000000 00000001 .~e.:...........

Module 1
C:\Users\williamd\Documents\robot-sim\Scene_Test000.exe
Image Base: 0x01390000  Image Size: 0x01219000
File Size:  18136576    File Time:  2017-03-30_152054
Version:
   Company:    
   Product:    
   FileDesc:   
   FileVer:    5.6.0.31247
   ProdVer:    5.6.0.31247

Module 2
C:\Windows\System32\DriverStore\FileRepository\nvmiwu.inf_amd64_01856dcc82b1034f\nvwgf2um.dll
Image Base: 0x07140000  Image Size: 0x013bb000
File Size:  20939056    File Time:  2017-01-17_055134
Version:
   Company:    NVIDIA Corporation
   Product:    NVIDIA D3D10 drivers
   FileDesc:   NVIDIA D3D10 Driver, Version 376.54 
   FileVer:    21.21.13.7654
   ProdVer:    21.21.13.7654

Module 3
C:\Users\williamd\Documents\robot-sim\Scene_Test000_Data\Mono\mono.dll
Image Base: 0x10000000  Image Size: 0x00231000
File Size:  2115008     File Time:  2017-03-30_152856
Version:
   Company:    Unity Technologies
   Product:    libmono
   FileDesc:   Unity Technologies fork of mono runtime
   FileVer:    1.0.0.1
   ProdVer:    1.0.0.1

Module 4
C:\Windows\SYSTEM32\midimap.dll
Image Base: 0x54f70000  Image Size: 0x00008000
File Size:  18944       File Time:  2016-07-16_194250
Version:
   Company:    Microsoft Corporation
   Product:    MicrosoftR WindowsR Operating System
   FileDesc:   Microsoft MIDI Mapper
   FileVer:    10.0.14393.0
   ProdVer:    10.0.14393.0

Module 5
C:\Windows\SYSTEM32\msacm32.drv
Image Base: 0x54f80000  Image Size: 0x0000a000
File Size:  24576       File Time:  2016-07-16_194250
Version:
   Company:    Microsoft Corporation
   Product:    MicrosoftR WindowsR Operating System
   FileDesc:   Microsoft 音效對應表
   FileVer:    10.0.14393.0
   ProdVer:    10.0.14393.0

Module 6
C:\Windows\SYSTEM32\wdmaud.drv
Image Base: 0x54f90000  Image Size: 0x00039000
File Size:  207360      File Time:  2016-07-16_194250
Version:
   Company:    Microsoft Corporation
   Product:    MicrosoftR WindowsR Operating System
   FileDesc:   Winmm 音訊系統驅動程式
   FileVer:    10.0.14393.0
   ProdVer:    10.0.14393.0

Module 7
C:\Windows\SYSTEM32\DDRAW.dll
Image Base: 0x54fd0000  Image Size: 0x000ed000
File Size:  548352      File Time:  2017-03-04_141812
Version:
   Company:    Microsoft Corporation
   Product:    MicrosoftR WindowsR Operating System
   FileDesc:   Microsoft DirectDraw
   FileVer:    10.0.14393.953
   ProdVer:    10.0.14393.953

Module 8
C:\Windows\SYSTEM32\GLU32.dll
Image Base: 0x550c0000  Image Size: 0x00025000
File Size:  141312      File Time:  2016-07-16_194306
Version:
   Company:    Microsoft Corporation
   Product:    MicrosoftR WindowsR Operating System
   FileDesc:   OpenGL 公用程式程式庫 DLL
   FileVer:    10.0.14393.0
   ProdVer:    10.0.14393.0

Module 9
C:\Windows\SYSTEM32\OPENGL32.dll
Image Base: 0x550f0000  Image Size: 0x000e0000
File Size:  786944      File Time:  2016-07-16_194306
Version:
   Company:    Microsoft Corporation
   Product:    MicrosoftR WindowsR Operating System
   FileDesc:   OpenGL Client DLL
   FileVer:    10.0.14393.0
   ProdVer:    10.0.14393.0

Module 10
C:\Windows\SYSTEM32\dbghelp.dll
Image Base: 0x553f0000  Image Size: 0x00145000
File Size:  1220608     File Time:  2016-07-16_194258
Version:
   Company:    Microsoft
   Product:    MicrosoftR WindowsR Operating System
   FileDesc:   Windows Image Helper
   FileVer:    10.0.14321.1024
   ProdVer:    10.0.14321.1024

Module 11
C:\Windows\SYSTEM32\DCIMAN32.dll
Image Base: 0x55570000  Image Size: 0x00007000
File Size:  11776       File Time:  2016-07-16_194250
Version:
   Company:    Microsoft Corporation
   Product:    MicrosoftR WindowsR Operating System
   FileDesc:   DCI Manager
   FileVer:    10.0.14393.0
   ProdVer:    10.0.14393.0

Module 12
C:\Windows\SYSTEM32\HID.DLL
Image Base: 0x55880000  Image Size: 0x0000a000
File Size:  25600       File Time:  2016-07-16_194250
Version:
   Company:    Microsoft Corporation
   Product:    MicrosoftR WindowsR Operating System
   FileDesc:   Hid 使用者程式庫
   FileVer:    10.0.14393.0
   ProdVer:    10.0.14393.0

Module 13
C:\Windows\system32\nvapi.dll
Image Base: 0x69390000  Image Size: 0x00386000
File Size:  3509152     File Time:  2017-01-17_055030
Version:
   Company:    NVIDIA Corporation
   Product:    NVIDIA Windows drivers
   FileDesc:   NVIDIA NVAPI Library, Version 376.54 
   FileVer:    21.21.13.7654
   ProdVer:    21.21.13.7654

Module 14
C:\Windows\system32\nvspcap.dll
Image Base: 0x69720000  Image Size: 0x00151000
File Size:  1377752     File Time:  2016-12-14_094542
Version:
   Company:    NVIDIA Corporation
   Product:    NVIDIA GeForce Experience
   FileDesc:   NVIDIA Capture Server Proxy
   FileVer:    2.11.4.125
   ProdVer:    2.11.4.125

Module 15
C:\Windows\SYSTEM32\AVRT.dll
Image Base: 0x6d360000  Image Size: 0x00009000
File Size:  29448       File Time:  2016-07-16_194250
Version:
   Company:    Microsoft Corporation
   Product:    MicrosoftR WindowsR Operating System
   FileDesc:   Multimedia Realtime Runtime
   FileVer:    10.0.14393.0
   ProdVer:    10.0.14393.0

Module 16
C:\Windows\SYSTEM32\MSACM32.dll
Image Base: 0x6d400000  Image Size: 0x00018000
File Size:  90912       File Time:  2016-07-16_194250
Version:
   Company:    Microsoft Corporation
   Product:    MicrosoftR WindowsR Operating System
   FileDesc:   Microsoft ACM 音訊篩選器
   FileVer:    10.0.14393.0
   ProdVer:    10.0.14393.0

Module 17
C:\Program Files\Nahimic\Nahimic2\UserInterface\Nahimic2DevProps.dll
Image Base: 0x6d440000  Image Size: 0x0002e000
File Size:  176312      File Time:  2016-11-23_034106
Version:
   Company:    
   Product:    
   FileDesc:   
   FileVer:    0.0.0.0
   ProdVer:    0.0.0.0

Module 18
C:\Program Files\Nahimic\Nahimic2\UserInterface\Nahimic2OSD.dll
Image Base: 0x6d470000  Image Size: 0x00042000
File Size:  250552      File Time:  2016-11-23_033910
Version:
   Company:    
   Product:    
   FileDesc:   
   FileVer:    0.0.0.0
   ProdVer:    0.0.0.0

Module 19
C:\Windows\SYSTEM32\wintypes.dll
Image Base: 0x6d4c0000  Image Size: 0x000cf000
File Size:  846560      File Time:  2017-03-04_145046
Version:
   Company:    Microsoft Corporation
   Product:    MicrosoftR WindowsR Operating System
   FileDesc:   Windows 基底類型 DLL
   FileVer:    10.0.14393.953
   ProdVer:    10.0.14393.953

Module 20
C:\Windows\SYSTEM32\AUDIOSES.DLL
Image Base: 0x6d590000  Image Size: 0x0007b000
File Size:  484584      File Time:  2017-03-04_155742
Version:
   Company:    Microsoft Corporation
   Product:    MicrosoftR WindowsR Operating System
   FileDesc:   音訊工作階段
   FileVer:    10.0.14393.953
   ProdVer:    10.0.14393.953

Module 21
C:\Windows\System32\MMDevApi.dll
Image Base: 0x6d610000  Image Size: 0x00058000
File Size:  352760      File Time:  2017-03-04_144734
Version:
   Company:    Microsoft Corporation
   Product:    MicrosoftR WindowsR Operating System
   FileDesc:   MMDevice API
   FileVer:    10.0.14393.953
   ProdVer:    10.0.14393.953

Module 22
C:\Windows\SYSTEM32\ksuser.dll
Image Base: 0x6d8f0000  Image Size: 0x00007000
File Size:  20672       File Time:  2016-07-16_194250
Version:
   Company:    Microsoft Corporation
   Product:    MicrosoftR WindowsR Operating System
   FileDesc:   User CSA Library
   FileVer:    10.0.14393.0
   ProdVer:    10.0.14393.0

Module 23
C:\Windows\SYSTEM32\d3d11.dll
Image Base: 0x6e1b0000  Image Size: 0x00230000
File Size:  2277288     File Time:  2017-03-04_145414
Version:
   Company:    Microsoft Corporation
   Product:    MicrosoftR WindowsR Operating System
   FileDesc:   Direct3D 11 Runtime
   FileVer:    10.0.14393.953
   ProdVer:    10.0.14393.953

Module 24
C:\Windows\SYSTEM32\dxgi.dll
Image Base: 0x6e820000  Image Size: 0x00083000
File Size:  524776      File Time:  2017-03-04_145404
Version:
   Company:    Microsoft Corporation
   Product:    MicrosoftR WindowsR Operating System
   FileDesc:   DirectX Graphics Infrastructure
   FileVer:    10.0.14393.953
   ProdVer:    10.0.14393.953

Module 25
C:\Windows\system32\wbem\fastprox.dll
Image Base: 0x70190000  Image Size: 0x000c2000
File Size:  779776      File Time:  2016-07-16_194258
Version:
   Company:    Microsoft Corporation
   Product:    MicrosoftR WindowsR Operating System
   FileDesc:   WMI Custom Marshaller
   FileVer:    10.0.14393.0
   ProdVer:    10.0.14393.0

Module 26
C:\Windows\system32\wbem\wbemsvc.dll
Image Base: 0x70260000  Image Size: 0x00010000
File Size:  48640       File Time:  2016-07-16_194258
Version:
   Company:    Microsoft Corporation
   Product:    MicrosoftR WindowsR Operating System
   FileDesc:   WMI
   FileVer:    10.0.14393.0
   ProdVer:    10.0.14393.0

Module 27
C:\Windows\system32\wbem\wbemprox.dll
Image Base: 0x70270000  Image Size: 0x0000d000
File Size:  35328       File Time:  2016-07-16_194258
Version:
   Company:    Microsoft Corporation
   Product:    MicrosoftR WindowsR Operating System
   FileDesc:   WMI
   FileVer:    10.0.14393.0
   ProdVer:    10.0.14393.0

Module 28
C:\Windows\SYSTEM32\wbemcomn.dll
Image Base: 0x70280000  Image Size: 0x00067000
File Size:  391168      File Time:  2016-07-16_194258
Version:
   Company:    Microsoft Corporation
   Product:    MicrosoftR WindowsR Operating System
   FileDesc:   WMI
   FileVer:    10.0.14393.0
   ProdVer:    10.0.14393.0

Module 29
C:\Windows\System32\DEVOBJ.dll
Image Base: 0x70320000  Image Size: 0x00022000
File Size:  132232      File Time:  2016-07-16_194256
Version:
   Company:    Microsoft Corporation
   Product:    MicrosoftR WindowsR Operating System
   FileDesc:   Device Information Set DLL
   FileVer:    10.0.14393.0
   ProdVer:    10.0.14393.0

Module 30
C:\Windows\SYSTEM32\DNSAPI.dll
Image Base: 0x704b0000  Image Size: 0x0007d000
File Size:  497416      File Time:  2017-03-04_150934
Version:
   Company:    Microsoft Corporation
   Product:    MicrosoftR WindowsR Operating System
   FileDesc:   DNS 用戶端 API DLL
   FileVer:    10.0.14393.953
   ProdVer:    10.0.14393.953

Module 31
C:\Windows\System32\PROPSYS.dll
Image Base: 0x71110000  Image Size: 0x0014f000
File Size:  1375456     File Time:  2016-07-16_194256
Version:
   Company:    Microsoft Corporation
   Product:    WindowsR Search
   FileDesc:   Microsoft 內容系統
   FileVer:    7.0.14393.0
   ProdVer:    7.0.14393.0

Module 32
C:\Windows\SYSTEM32\ntmarta.dll
Image Base: 0x725a0000  Image Size: 0x00028000
File Size:  154432      File Time:  2016-07-16_194256
Version:
   Company:    Microsoft Corporation
   Product:    MicrosoftR WindowsR Operating System
   FileDesc:   Windows NT MARTA 提供者
   FileVer:    10.0.14393.0
   ProdVer:    10.0.14393.0

Module 33
C:\Windows\system32\dwmapi.dll
Image Base: 0x725d0000  Image Size: 0x0001f000
File Size:  113504      File Time:  2016-12-16_034004
Version:
   Company:    Microsoft Corporation
   Product:    MicrosoftR WindowsR Operating System
   FileDesc:   Microsoft 桌面視窗管理員 API
   FileVer:    10.0.14393.206
   ProdVer:    10.0.14393.206

Module 34
C:\Windows\system32\uxtheme.dll
Image Base: 0x725f0000  Image Size: 0x00075000
File Size:  457728      File Time:  2016-07-16_194306
Version:
   Company:    Microsoft Corporation
   Product:    MicrosoftR WindowsR Operating System
   FileDesc:   Microsoft UxTheme 程式庫
   FileVer:    10.0.14393.0
   ProdVer:    10.0.14393.0

Module 35
C:\Windows\SYSTEM32\VERSION.dll
Image Base: 0x72e60000  Image Size: 0x00008000
File Size:  27360       File Time:  2016-07-16_194306
Version:
   Company:    Microsoft Corporation
   Product:    MicrosoftR WindowsR Operating System
   FileDesc:   Version Checking and File Installation Libraries
   FileVer:    10.0.14393.0
   ProdVer:    10.0.14393.0

Module 36
C:\Windows\SYSTEM32\WINMMBASE.dll
Image Base: 0x72e70000  Image Size: 0x00023000
File Size:  131208      File Time:  2016-07-16_194250
Version:
   Company:    Microsoft Corporation
   Product:    MicrosoftR WindowsR Operating System
   FileDesc:   Base Multimedia Extension API DLL
   FileVer:    10.0.14393.0
   ProdVer:    10.0.14393.0

Module 37
C:\Windows\SYSTEM32\WINMM.dll
Image Base: 0x72fd0000  Image Size: 0x00024000
File Size:  135376      File Time:  2016-07-16_194250
Version:
   Company:    Microsoft Corporation
   Product:    MicrosoftR WindowsR Operating System
   FileDesc:   MCI 應用程式介面動態連結程式庫
   FileVer:    10.0.14393.0
   ProdVer:    10.0.14393.0

Module 38
C:\Windows\SYSTEM32\MSWSOCK.dll
Image Base: 0x73000000  Image Size: 0x0004e000
File Size:  306016      File Time:  2016-07-16_194256
Version:
   Company:    Microsoft Corporation
   Product:    MicrosoftR WindowsR Operating System
   FileDesc:   Microsoft Windows Sockets 2.0 服務提供者
   FileVer:    10.0.14393.0
   ProdVer:    10.0.14393.0

Module 39
C:\Windows\SYSTEM32\bcrypt.dll
Image Base: 0x733d0000  Image Size: 0x0001b000
File Size:  106896      File Time:  2016-12-09_180100
Version:
   Company:    Microsoft Corporation
   Product:    MicrosoftR WindowsR Operating System
   FileDesc:   Windows 密碼編譯基本程式庫
   FileVer:    10.0.14393.576
   ProdVer:    10.0.14393.576

Module 40
C:\Windows\SYSTEM32\WINHTTP.dll
Image Base: 0x73470000  Image Size: 0x000a0000
File Size:  636928      File Time:  2017-03-04_141630
Version:
   Company:    Microsoft Corporation
   Product:    MicrosoftR WindowsR Operating System
   FileDesc:   Windows HTTP 服務
   FileVer:    10.0.14393.953
   ProdVer:    10.0.14393.953

Module 41
C:\Windows\SYSTEM32\IPHLPAPI.DLL
Image Base: 0x73900000  Image Size: 0x0002f000
File Size:  184416      File Time:  2017-03-04_150254
Version:
   Company:    Microsoft Corporation
   Product:    MicrosoftR WindowsR Operating System
   FileDesc:   IP 協助程式 API
   FileVer:    10.0.14393.953
   ProdVer:    10.0.14393.953

Module 42
C:\Windows\System32\CRYPTBASE.dll
Image Base: 0x73990000  Image Size: 0x0000a000
File Size:  31528       File Time:  2016-07-16_194250
Version:
   Company:    Microsoft Corporation
   Product:    MicrosoftR WindowsR Operating System
   FileDesc:   Base cryptographic API DLL
   FileVer:    10.0.14393.0
   ProdVer:    10.0.14393.0

Module 43
C:\Windows\System32\SspiCli.dll
Image Base: 0x739a0000  Image Size: 0x0001e000
File Size:  117240      File Time:  2016-12-09_175110
Version:
   Company:    Microsoft Corporation
   Product:    MicrosoftR WindowsR Operating System
   FileDesc:   Security Support Provider Interface
   FileVer:    10.0.14393.576
   ProdVer:    10.0.14393.576

Module 44
C:\Windows\System32\PSAPI.DLL
Image Base: 0x739c0000  Image Size: 0x00006000
File Size:  17048       File Time:  2016-07-16_194246
Version:
   Company:    Microsoft Corporation
   Product:    MicrosoftR WindowsR Operating System
   FileDesc:   Process Status Helper
   FileVer:    10.0.14393.0
   ProdVer:    10.0.14393.0

Module 45
C:\Windows\System32\windows.storage.dll
Image Base: 0x739d0000  Image Size: 0x0056e000
File Size:  5722320     File Time:  2017-03-04_145320
Version:
   Company:    Microsoft Corporation
   Product:    MicrosoftR WindowsR Operating System
   FileDesc:   Microsoft WinRT 儲存 API
   FileVer:    10.0.14393.953
   ProdVer:    10.0.14393.953

Module 46
C:\Windows\System32\combase.dll
Image Base: 0x73f40000  Image Size: 0x00211000
File Size:  2166752     File Time:  2016-12-09_175926
Version:
   Company:    Microsoft Corporation
   Product:    MicrosoftR WindowsR Operating System
   FileDesc:   用於 Windows 的 Microsoft COM
   FileVer:    10.0.14393.576
   ProdVer:    10.0.14393.576

Module 47
C:\Windows\System32\cfgmgr32.dll
Image Base: 0x74160000  Image Size: 0x00036000
File Size:  213848      File Time:  2016-07-16_194256
Version:
   Company:    Microsoft Corporation
   Product:    MicrosoftR WindowsR Operating System
   FileDesc:   Configuration Manager DLL
   FileVer:    10.0.14393.0
   ProdVer:    10.0.14393.0

Module 48
C:\Windows\System32\ole32.dll
Image Base: 0x741a0000  Image Size: 0x000ea000
File Size:  959112      File Time:  2016-12-09_175616
Version:
   Company:    Microsoft Corporation
   Product:    MicrosoftR WindowsR Operating System
   FileDesc:   用於 Windows 的 Microsoft OLE
   FileVer:    10.0.14393.576
   ProdVer:    10.0.14393.576

Module 49
C:\Windows\System32\USER32.dll
Image Base: 0x74290000  Image Size: 0x0015f000
File Size:  1435896     File Time:  2016-12-09_175222
Version:
   Company:    Microsoft Corporation
   Product:    MicrosoftR WindowsR Operating System
   FileDesc:   多使用者 Windows USER API 用戶端 DLL
   FileVer:    10.0.14393.576
   ProdVer:    10.0.14393.576

Module 50
C:\Windows\System32\gdi32full.dll
Image Base: 0x743f0000  Image Size: 0x0015b000
File Size:  1415240     File Time:  2017-03-04_144240
Version:
   Company:    Microsoft Corporation
   Product:    MicrosoftR WindowsR Operating System
   FileDesc:   GDI Client DLL
   FileVer:    10.0.14393.953
   ProdVer:    10.0.14393.953

Module 51
C:\Windows\System32\SETUPAPI.dll
Image Base: 0x745b0000  Image Size: 0x0040b000
File Size:  4268368     File Time:  2016-07-16_194246
Version:
   Company:    Microsoft Corporation
   Product:    MicrosoftR WindowsR Operating System
   FileDesc:   Windows 安裝程式 API
   FileVer:    10.0.14393.0
   ProdVer:    10.0.14393.0

Module 52
C:\Windows\System32\win32u.dll
Image Base: 0x749c0000  Image Size: 0x00015000
File Size:  79536       File Time:  2016-12-16_034004
Version:
   Company:    Microsoft Corporation
   Product:    MicrosoftR WindowsR Operating System
   FileDesc:   Win32u
   FileVer:    10.0.14393.51
   ProdVer:    10.0.14393.51

Module 53
C:\Windows\System32\bcryptPrimitives.dll
Image Base: 0x749e0000  Image Size: 0x0005a000
File Size:  367208      File Time:  2016-07-16_194228
Version:
   Company:    Microsoft Corporation
   Product:    MicrosoftR WindowsR Operating System
   FileDesc:   Windows Cryptographic Primitives Library
   FileVer:    10.0.14393.0
   ProdVer:    10.0.14393.0

Module 54
C:\Windows\System32\msvcp_win.dll
Image Base: 0x74a40000  Image Size: 0x0007b000
File Size:  498408      File Time:  2016-07-16_194256
Version:
   Company:    Microsoft Corporation
   Product:    MicrosoftR WindowsR Operating System
   FileDesc:   MicrosoftR C Runtime Library
   FileVer:    10.0.14393.0
   ProdVer:    10.0.14393.0

Module 55
C:\Windows\System32\msvcrt.dll
Image Base: 0x74ac0000  Image Size: 0x000be000
File Size:  773168      File Time:  2016-07-16_194250
Version:
   Company:    Microsoft Corporation
   Product:    MicrosoftR WindowsR Operating System
   FileDesc:   Windows NT CRT DLL
   FileVer:    7.0.14393.0
   ProdVer:    10.0.14393.0

Module 56
C:\Windows\System32\MSCTF.dll
Image Base: 0x74b80000  Image Size: 0x00135000
File Size:  1260784     File Time:  2017-03-04_144230
Version:
   Company:    Microsoft Corporation
   Product:    MicrosoftR WindowsR Operating System
   FileDesc:   MSCTF 伺服器 DLL
   FileVer:    10.0.14393.953
   ProdVer:    10.0.14393.953

Module 57
C:\Windows\System32\IMM32.dll
Image Base: 0x74d20000  Image Size: 0x00025000
File Size:  144632      File Time:  2016-07-16_194250
Version:
   Company:    Microsoft Corporation
   Product:    MicrosoftR WindowsR Operating System
   FileDesc:   Multi-User Windows IMM32 API Client DLL
   FileVer:    10.0.14393.0
   ProdVer:    10.0.14393.0

Module 58
C:\Windows\System32\OLEAUT32.dll
Image Base: 0x74d50000  Image Size: 0x00094000
File Size:  601712      File Time:  2016-12-16_035446
Version:
   Company:    Microsoft Corporation
   Product:    MicrosoftR WindowsR Operating System
   FileDesc:   OLEAUT32.DLL
   FileVer:    10.0.14393.447
   ProdVer:    10.0.14393.447

Module 59
C:\Windows\System32\RPCRT4.dll
Image Base: 0x74df0000  Image Size: 0x000c1000
File Size:  790760      File Time:  2016-12-16_034016
Version:
   Company:    Microsoft Corporation
   Product:    MicrosoftR WindowsR Operating System
   FileDesc:   遠端程序呼叫執行階段
   FileVer:    10.0.14393.82
   ProdVer:    10.0.14393.82

Module 60
C:\Windows\System32\profapi.dll
Image Base: 0x74ed0000  Image Size: 0x0000f000
File Size:  54752       File Time:  2016-07-16_194250
Version:
   Company:    Microsoft Corporation
   Product:    MicrosoftR WindowsR Operating System
   FileDesc:   User Profile Basic API
   FileVer:    10.0.14393.0
   ProdVer:    10.0.14393.0

Module 61
C:\Windows\System32\WINTRUST.dll
Image Base: 0x74ee0000  Image Size: 0x00044000
File Size:  272720      File Time:  2017-03-04_145204
Version:
   Company:    Microsoft Corporation
   Product:    MicrosoftR WindowsR Operating System
   FileDesc:   Microsoft Trust Verification APIs
   FileVer:    10.0.14393.953
   ProdVer:    10.0.14393.953

Module 62
C:\Windows\System32\ADVAPI32.dll
Image Base: 0x74f30000  Image Size: 0x00077000
File Size:  482392      File Time:  2016-07-16_194250
Version:
   Company:    Microsoft Corporation
   Product:    MicrosoftR WindowsR Operating System
   FileDesc:   進階 Windows 32 基礎 API
   FileVer:    10.0.14393.0
   ProdVer:    10.0.14393.0

Module 63
C:\Windows\System32\NSI.dll
Image Base: 0x74fb0000  Image Size: 0x00007000
File Size:  20152       File Time:  2016-07-16_194228
Version:
   Company:    Microsoft Corporation
   Product:    MicrosoftR WindowsR Operating System
   FileDesc:   NSI User-mode interface DLL
   FileVer:    10.0.14393.0
   ProdVer:    10.0.14393.0

Module 64
C:\Windows\System32\SHLWAPI.dll
Image Base: 0x74fc0000  Image Size: 0x00046000
File Size:  284056      File Time:  2016-07-16_194304
Version:
   Company:    Microsoft Corporation
   Product:    MicrosoftR WindowsR Operating System
   FileDesc:   殼層輕型公用程式程式庫
   FileVer:    10.0.14393.0
   ProdVer:    10.0.14393.0

Module 65
C:\Windows\System32\CRYPT32.dll
Image Base: 0x75030000  Image Size: 0x0017d000
File Size:  1556712     File Time:  2016-12-16_034720
Version:
   Company:    Microsoft Corporation
   Product:    MicrosoftR WindowsR Operating System
   FileDesc:   Crypto API32
   FileVer:    10.0.14393.351
   ProdVer:    10.0.14393.351

Module 66
C:\Windows\System32\sechost.dll
Image Base: 0x751b0000  Image Size: 0x00041000
File Size:  255168      File Time:  2016-07-16_194250
Version:
   Company:    Microsoft Corporation
   Product:    MicrosoftR WindowsR Operating System
   FileDesc:   Host for SCM/SDDL/LSA Lookup APIs
   FileVer:    10.0.14393.0
   ProdVer:    10.0.14393.0

Module 67
C:\Windows\System32\SHELL32.dll
Image Base: 0x752f0000  Image Size: 0x013d9000
File Size:  20969928    File Time:  2017-03-04_144726
Version:
   Company:    Microsoft Corporation
   Product:    MicrosoftR WindowsR Operating System
   FileDesc:   Windows 殼層通用 Dll
   FileVer:    10.0.14393.953
   ProdVer:    10.0.14393.953

Module 68
C:\Windows\System32\ucrtbase.dll
Image Base: 0x766d0000  Image Size: 0x000e0000
File Size:  918304      File Time:  2016-07-16_194256
Version:
   Company:    Microsoft Corporation
   Product:    MicrosoftR WindowsR Operating System
   FileDesc:   MicrosoftR C Runtime Library
   FileVer:    10.0.14393.0
   ProdVer:    10.0.14393.0

Module 69
C:\Windows\System32\clbcatq.dll
Image Base: 0x767b0000  Image Size: 0x00084000
File Size:  528360      File Time:  2016-07-16_194248
Version:
   Company:    Microsoft Corporation
   Product:    MicrosoftR WindowsR Operating System
   FileDesc:   COM+ Configuration Catalog
   FileVer:    2001.12.10941.16384
   ProdVer:    10.0.14393.0

Module 70
C:\Windows\System32\WS2_32.dll
Image Base: 0x769b0000  Image Size: 0x00063000
File Size:  402352      File Time:  2016-12-16_034016
Version:
   Company:    Microsoft Corporation
   Product:    MicrosoftR WindowsR Operating System
   FileDesc:   Windows Socket 2.0 32 位元 DLL
   FileVer:    10.0.14393.206
   ProdVer:    10.0.14393.206

Module 71
C:\Windows\System32\KERNELBASE.dll
Image Base: 0x76b20000  Image Size: 0x001a1000
File Size:  1706488     File Time:  2017-03-04_150638
Version:
   Company:    Microsoft Corporation
   Product:    MicrosoftR WindowsR Operating System
   FileDesc:   Windows NT BASE API 用戶端 DLL
   FileVer:    10.0.14393.953
   ProdVer:    10.0.14393.953

Module 72
C:\Windows\System32\kernel.appcore.dll
Image Base: 0x76cd0000  Image Size: 0x0000d000
File Size:  43416       File Time:  2016-07-16_194256
Version:
   Company:    Microsoft Corporation
   Product:    MicrosoftR WindowsR Operating System
   FileDesc:   AppModel API Host
   FileVer:    10.0.14393.0
   ProdVer:    10.0.14393.0

Module 73
C:\Windows\System32\shcore.dll
Image Base: 0x76ce0000  Image Size: 0x00088000
File Size:  549088      File Time:  2017-03-04_145300
Version:
   Company:    Microsoft Corporation
   Product:    MicrosoftR WindowsR Operating System
   FileDesc:   SHCORE
   FileVer:    10.0.14393.953
   ProdVer:    10.0.14393.953

Module 74
C:\Windows\System32\MSASN1.dll
Image Base: 0x76d70000  Image Size: 0x0000e000
File Size:  49080       File Time:  2016-07-16_194256
Version:
   Company:    Microsoft Corporation
   Product:    MicrosoftR WindowsR Operating System
   FileDesc:   ASN.1 Runtime APIs
   FileVer:    10.0.14393.0
   ProdVer:    10.0.14393.0

Module 75
C:\Windows\System32\powrprof.dll
Image Base: 0x76d80000  Image Size: 0x00045000
File Size:  275832      File Time:  2016-07-16_194256
Version:
   Company:    Microsoft Corporation
   Product:    MicrosoftR WindowsR Operating System
   FileDesc:   電源設定檔協助程式 DLL
   FileVer:    10.0.14393.0
   ProdVer:    10.0.14393.0

Module 76
C:\Windows\System32\KERNEL32.DLL
Image Base: 0x76dd0000  Image Size: 0x000e0000
File Size:  616048      File Time:  2016-07-16_194246
Version:
   Company:    Microsoft Corporation
   Product:    MicrosoftR WindowsR Operating System
   FileDesc:   Windows NT BASE API 用戶端 DLL
   FileVer:    10.0.14393.0
   ProdVer:    10.0.14393.0

Module 77
C:\Windows\System32\GDI32.dll
Image Base: 0x76eb0000  Image Size: 0x0002b000
File Size:  170960      File Time:  2016-12-16_034008
Version:
   Company:    Microsoft Corporation
   Product:    MicrosoftR WindowsR Operating System
   FileDesc:   GDI Client DLL
   FileVer:    10.0.14393.206
   ProdVer:    10.0.14393.206

Module 78
C:\Windows\SYSTEM32\ntdll.dll
Image Base: 0x76ee0000  Image Size: 0x00183000
File Size:  1572768     File Time:  2016-11-11_160000
Version:
   Company:    Microsoft Corporation
   Product:    MicrosoftR WindowsR Operating System
   FileDesc:   NT 階層 DLL
   FileVer:    10.0.14393.479
   ProdVer:    10.0.14393.479


== [end of error.log] ==
