Unity Player [version: Unity 5.6.0f3_497a0f351392]

d3d11.dll caused an Access Violation (0xc0000005)
  in module d3d11.dll at 0023:6e30c7ba.

Error occurred at 2017-04-07_141836.
C:\Users\williamd\Documents\robot-sim\Scene_Test000.exe, run by williamd.
84% memory in use.
0 MB physical memory [1271 MB free].
0 MB paging file [1579 MB free].
0 MB user address space [44 MB free].
Read from location 0000009d caused an access violation.

Context:
EDI:    0x040d2380  ESI: 0x03fd55d0  EAX:   0x8ddcdb61
EBX:    0x00000000  ECX: 0x00000000  EDX:   0x07cf4bd4
EIP:    0x6e30c7ba  EBP: 0x008ee708  SegCs: 0x00000023
EFlags: 0x00210282  ESP: 0x008ee6fc  SegSs: 0x0000002b

Bytes at CS:EIP:
0f be 81 9d 00 00 00 81 c2 5c ff ff ff 51 52 8b 

Stack:
0x008ee6fc: 00000000 03fd55d0 8ddcdb61 008ee71c .....U..a.......
0x008ee70c: 01632c19 07cf4bd4 00000000 00000000 .,c..K..........
0x008ee71c: 008ee738 0171a05e 040d2380 00000000 8...^.q..#......
0x008ee72c: 008eeacc 03fd55d0 00000f00 008ee76c .....U......l...
0x008ee73c: 017229d8 008eeacc 00000000 00000000 .)r.............
0x008ee74c: 00000fa8 00000018 00000521 00000000 ........!.......
0x008ee75c: 00000000 0002b0ca 00000000 00b58540 ............@...
0x008ee76c: 008ee7ac 016129bd 00007b18 00000521 .....)a..{..!...
0x008ee77c: 00000fa8 00000000 00001f50 04b58540 ........P...@...
0x008ee78c: 00000000 00000000 03e84808 04b59624 .........H..$...
0x008ee79c: 0000000f 00000000 00000fa8 00000018 ................
0x008ee7ac: 008ee7ec 0166e5fd 04b58540 016119f0 ......f.@.....a.
0x008ee7bc: 016d5530 00000000 03e847f0 00000001 0Um......G......
0x008ee7cc: 00000000 008eeacc 04b56d20 021c77a8 ........ m...w..
0x008ee7dc: 00000036 008ee804 014671cf 00029660 6........qF.`...
0x008ee7ec: 008eeb70 01612127 016119f0 016d5530 p...'!a...a.0Um.
0x008ee7fc: 00000000 03e847f0 00000001 00000000 .....G..........
0x008ee80c: 008eeacc 10e45230 10e45230 10e45230 ....0R..0R..0R..
0x008ee81c: 10e46d70 10e46d70 10e46d70 10e46d70 pm..pm..pm..pm..
0x008ee82c: 10e46d70 10e46d70 10e46d70 10e47b60 pm..pm..pm..`{..
0x008ee83c: 10e47b60 10e487b0 10e487b0 10e487b0 `{..............
0x008ee84c: 00000000 00000007 01611dfd 00000fa8 ..........a.....
0x008ee85c: 00000521 043cf0b8 00029660 00000003 !.....<.`.......
0x008ee86c: 00000004 ffffffff 00000000 00000008 ................
0x008ee87c: 008eeb80 00000000 00000008 0000012c ............,...
0x008ee88c: 00000000 00000000 00000134 0002952c ........4...,...
0x008ee89c: 00000004 03fbd290 03fbd290 04505760 ............`WP.
0x008ee8ac: 04b592e8 04b58540 0a63e200 00000170 ....@.....c.p...
0x008ee8bc: 00000170 07cf4b30 06f67940 00000000 p...0K..@y......
0x008ee8cc: 3f800000 bf800000 00000000 00000000 ...?............
0x008ee8dc: 008ee9fc 07cf4b30 00000100 008ee900 ....0K..........
0x008ee8ec: 6e2fe715 00000001 008ee984 6e2fb105 ../n........../n
0x008ee8fc: 07cfb650 0c357370 00000000 00000004 P...ps5.........
0x008ee90c: 00000000 008ee950 07cf4b30 6e2fafe0 ....P...0K..../n
0x008ee91c: 6e2fb17c 0c357370 00000000 00000000 |./nps5.........
0x008ee92c: 008ee900 00000001 00000000 008ee9fc ................
0x008ee93c: 0c357220 00000000 07cf4b30 00000001  r5.....0K......
0x008ee94c: 008ee95c 0a181a00 000000a0 000000a0 \...............
0x008ee95c: 00000000 0c357220 06f67ce0 00000000 .... r5..|......
0x008ee96c: 008ee984 6e2fe715 00000001 0c357220 ....../n.... r5.
0x008ee97c: 07cf4b30 008ee9c0 6e2fb243 07cfb650 0K......C./nP...
0x008ee98c: 0c357370 00000000 07cf4bd4 03fbe290 ps5......K......
0x008ee99c: 6e2fb25f 07cf4b30 00000001 6e30e700 _./n0K........0n
0x008ee9ac: 00000001 00000000 0a181a00 000000a0 ................
0x008ee9bc: 8ddcd5a9 008ee9dc 6e30c816 07cf4b30 ..........0n0K..
0x008ee9cc: 0c357220 03fbe250 03fbe250 07cf4bd4  r5.P...P....K..
0x008ee9dc: 008eea14 016321aa 07cf4bd4 03fbe250 .....!c..K..P...
0x008ee9ec: 000000f0 045057d0 008eea64 04b58540 .....WP.d...@...
0x008ee9fc: 0a181a00 000000a0 000000a0 00000004 ................
0x008eea0c: 04b59b20 00000004 008eea88 0163d4d2  .............c.
0x008eea1c: 008eea3c 6e30b1e4 07cfb650 00000690 <.....0nP.......
0x008eea2c: 000000c4 00000000 6e30b1ef 8ddcd655 ..........0nU...
0x008eea3c: 008eea74 01634619 07cf4bd4 00000690 t....Fc..K......
0x008eea4c: 00000000 00000000 04b58540 03fed870 ........@...p...
0x008eea5c: 07cf4bd4 00000000 c14baec0 b9146d6f .K........K.om..
0x008eea6c: 00000001 03000000 03000c00 00000000 ................
0x008eea7c: 02001800 00000000 00000000 00000000 ................
0x008eea8c: 04002000 0000008b 00000000 00300000 . ............0.
0x008eea9c: 00000000 00000000 00000000 00000000 ................
0x008eeaac: 00000000 00000000 00000000 00000000 ................
0x008eeabc: 00000000 0e654dc0 00000a80 00000038 .....Me.....8...
0x008eeacc: ff828040 00000000 0002b0ca 00000000 @...............
0x008eeadc: 11549b70 00000038 03fd5630 06664e20 p.T.8...0V.. Nf.
0x008eeaec: 00000000 04b56d20 00000521 00000fa8 .... m..!.......
0x008eeafc: 00000003 00000000 00000000 00000005 ................
0x008eeb0c: 000011db 008ee810 00000000 00000001 ................
0x008eeb1c: 03000000 03000c00 00000000 00000000 ................
0x008eeb2c: 00000000 00000000 00000000 00000000 ................
0x008eeb3c: 00000078 10e488b0 00000018 0000000f x...............
0x008eeb4c: 043cf0b8 00000fa8 00000521 0000000f ..<.....!.......
0x008eeb5c: 0000000f 00000521 00000000 00000fa8 ....!...........
0x008eeb6c: 00000000 008eec40 01614738 04b56d20 ....@...8Ga. m..
0x008eeb7c: 115353a8 03e847f0 0000000f 00000003 .SS..G..........
0x008eeb8c: 00000003 008eeba4 00000000 008eec9c ................
0x008eeb9c: 11549b70 043cf040 03000300 02000000 p.T.@.<.........
0x008eebac: 00000000 04000000 06663900 00000001 .........9f.....
0x008eebbc: 066638a0 00000030 00000000 00000000 .8f.0...........
0x008eebcc: 00000000 00000000 00000000 00000000 ................
0x008eebdc: 06664e20 06664800 00000001 066647a0  Nf..Hf......Gf.
0x008eebec: 00000030 00000000 00000000 00000000 0...............
0x008eebfc: 00000000 00000000 00000000 06664e20 ............ Nf.
0x008eec0c: 115559dc 04b56d20 00000000 11549b70 .YU. m......p.T.
0x008eec1c: 00000000 043cf0b8 00000521 00000003 ......<.!.......
0x008eec2c: 00000000 00000003 00000fa8 10e487b0 ................
0x008eec3c: 043cf040 008eec70 0157e665 115353a8 @.<.p...e.W..SS.
0x008eec4c: 008eec60 00000003 00000000 008eec9c `...............
0x008eec5c: 00000000 043cf040 0000000f 00000001 ....@.<.........
0x008eec6c: 00000000 008eedf8 01582ec0 043cf040 ..........X.@.<.
0x008eec7c: 0000000f 00000003 115543a0 015942e1 .........CU..BY.
0x008eec8c: 00000003 00000000 03e15b80 04b56d20 .........[.. m..
0x008eec9c: 04b56d2c 04b56d20 021de788 00000001 ,m.. m..........
0x008eecac: 00000000 00000000 00000000 00000000 ................
0x008eecbc: 00000000 00000000 00000000 00000001 ................
0x008eeccc: 00000000 00000000 00000000 00000001 ................
0x008eecdc: 00000000 00000000 00000000 00000001 ................
0x008eecec: 00000000 00000000 00000000 00000000 ................
0x008eecfc: 00000001 01535f01 00000000 00000001 ....._S.........
0x008eed0c: 00000000 00000000 043cf040 00000001 ........@.<.....
0x008eed1c: 0000000f 00000080 00000101 008eedf3 ................
0x008eed2c: 115353a8 016af8d0 01614290 00000003 .SS...j..Ba.....
0x008eed3c: 00000000 00000003 2d6a7cc1 00000000 .........|j-....
0x008eed4c: 00000000 00000000 00000000 00000000 ................
0x008eed5c: 00000000 00000000 00000000 00000000 ................
0x008eed6c: 00000000 00000000 00000000 00000000 ................
0x008eed7c: 00000000 00000000 76beaea6 00000000 ...........v....
0x008eed8c: 00000000 00000000 00000014 008eec9c ................
0x008eed9c: 04b56d2c 00000000 115353a8 03e15448 ,m.......SS.HT..
0x008eedac: 00000003 10e44280 03fd90b0 045b5c70 .....B......p\[.
0x008eedbc: 00000000 ffffffff 10e440d0 03fd90b0 .........@......
0x008eedcc: 045b5c70 00000000 ffffffff 00000000 p\[.............
0x008eeddc: 00000000 0000000d 00000000 0000004a ............J...
0x008eedec: 03e15b90 008eee00 04b56d20 008eee14 .[...... m......
0x008eedfc: 01610fb1 00000978 03e14a40 04b56d20 ..a.x...@J.. m..
0x008eee0c: 03e14a5c 008eee80 008eee64 0167a44f \J......d...O.g.
0x008eee1c: 00000001 01594130 008eee80 03e14a40 ....0AY.....@J..
0x008eee2c: 03e14a5c 03e14a40 03e15d90 04500b64 \J..@J...]..d.P.
0x008eee3c: 000002c8 008eee60 0192411f 03e15d90 ....`....A...]..
0x008eee4c: 045c2780 04b56d20 04500b40 03e15b90 .'\. m..@.P..[..
0x008eee5c: 008eee80 008eee74 008eeec4 01594ba8 ....t........KY.
0x008eee6c: 00000001 01594130 008eee80 03e14a40 ....0AY.....@J..
0x008eee7c: 03e14a5c 03e15b80 008eeec4 00000001 \J...[..........
0x008eee8c: 01594aa5 115353a8 03e14a40 04b56d20 .JY..SS.@J.. m..
0x008eee9c: 00000000 00000000 00000000 00000005 ................
0x008eeeac: 03e14a40 000000af 00000001 008eee00 @J..............
0x008eeebc: 000000af 00000001 008eeed8 01594ccd .............LY.
0x008eeecc: 04500b40 04500b40 064991a0 008f6fe8 @.P.@.P...I..o..
0x008eeedc: 0153a76c 115353a0 008ff578 00000000 l.S..SS.x.......
0x008eeeec: 04500b40 008ff130 00000005 115353a0 @.P.0........SS.
0x008eeefc: 00000000 00000001 00000000 00000000 ................
0x008eef0c: 00000001 021dde64 44b34000 44320000 ....d....@.D..2D
0x008eef1c: 00000000 00000000 0000059a 000002c8 ................
0x008eef2c: 04500b44 008eefd4 0153b24a 04500b40 D.P.....J.S.@.P.
0x008eef3c: 008eef48 00000004 00000012 bf800000 H...............
0x008eef4c: 00000000 00000000 00000000 00000000 ................
0x008eef5c: 3f800000 00000000 00000000 00000000 ...?............
0x008eef6c: 00000000 3f800000 00000000 3d64ab99 .......?......d=
0x008eef7c: bf09c6be 42794005 3f800000 3f5c280d .....@yB...?.(\?
0x008eef8c: 00000000 00000000 00000000 00000000 ................
0x008eef9c: 3fddb3d7 00000000 04500b40 008eeff0 ...?....@.P.....
0x008eefac: 008eefbc 01a72552 00000000 00000001 ....R%..........
0x008eefbc: 008eefe0 04500b40 008eeff0 008eefd8 ....@.P.........
0x008eefcc: 01a72552 00000000 00000001 008f7020 R%.......... p..
0x008eefdc: 0155ac18 00000000 00000001 064991a0 ..U...........I.
0x008eefec: 0159113b 00000000 00000001 00000000 ;.Y.............
0x008eeffc: 00000000 00000001 021dde64 00000000 ........d.......
0x008ef00c: 00000000 00000000 00000000 00000000 ................
0x008ef01c: 00000000 00000000 00000000 00000000 ................
0x008ef02c: 00000000 00000000 00000000 00000000 ................
0x008ef03c: 00000000 00000000 00000000 00000000 ................
0x008ef04c: 00000000 00000000 00000000 00000000 ................
0x008ef05c: 00000000 00000000 00000000 00000000 ................
0x008ef06c: 00000000 00000000 00000000 00000000 ................
0x008ef07c: 00000000 00000000 00000000 00000000 ................
0x008ef08c: 00000000 00000000 00000000 00000000 ................
0x008ef09c: 00000000 00000000 00000000 00000000 ................
0x008ef0ac: 00000000 00000000 00000000 00000000 ................
0x008ef0bc: 00000000 00000000 00000000 00000000 ................
0x008ef0cc: 00000000 00000000 00000000 00000000 ................
0x008ef0dc: 00000000 00000000 00000000 00000000 ................
0x008ef0ec: 00000000 00000000 00000000 00000000 ................
0x008ef0fc: 00000000 00000000 00000000 00000000 ................
0x008ef10c: 00000000 00000000 00000000 00000000 ................
0x008ef11c: 00000000 00000000 00000000 00000000 ................
0x008ef12c: 00000000 00000000 00000000 00000000 ................
0x008ef13c: 00000000 00000000 00000000 00000000 ................
0x008ef14c: 00000000 00000000 00000000 00000000 ................
0x008ef15c: 00000000 00000000 00000000 00000000 ................
0x008ef16c: 00000000 00000000 00000000 00000000 ................
0x008ef17c: 00000000 00000000 00000000 00000000 ................
0x008ef18c: 00000000 00000000 00000000 00000000 ................
0x008ef19c: 00000000 00000000 00000000 00000000 ................
0x008ef1ac: 00000000 00000000 00000000 00000000 ................
0x008ef1bc: 00000000 00000000 00000000 00000000 ................
0x008ef1cc: 00000000 00000000 00000000 00000000 ................
0x008ef1dc: 00000000 00000000 00000000 00000000 ................
0x008ef1ec: 00000000 00000000 00000000 00000000 ................
0x008ef1fc: 00000000 00000000 00000000 00000000 ................
0x008ef20c: 00000000 00000000 00000000 00000000 ................
0x008ef21c: 00000000 00000000 00000000 00000000 ................
0x008ef22c: 00000000 00000000 00000000 00000000 ................
0x008ef23c: 00000000 00000000 00000000 00000000 ................
0x008ef24c: 00000000 00000000 00000000 00000000 ................
0x008ef25c: 00000000 00000000 00000000 00000000 ................
0x008ef26c: 00000000 00000000 00000000 00000000 ................
0x008ef27c: 00000000 00000000 00000000 00000000 ................
0x008ef28c: 00000000 00000000 00000000 00000000 ................
0x008ef29c: 00000000 00000000 00000000 00000000 ................
0x008ef2ac: 00000000 00000000 00000000 00000000 ................
0x008ef2bc: 00000000 00000000 00000000 00000000 ................
0x008ef2cc: 00000000 00000000 00000000 00000000 ................
0x008ef2dc: 00000000 00000000 00000000 00000000 ................
0x008ef2ec: 00000000 00000000 00000000 00000000 ................
0x008ef2fc: 00000000 00000000 00000000 00000000 ................
0x008ef30c: 00000000 00000000 00000000 00000000 ................
0x008ef31c: 00000000 00000000 00000000 00000000 ................
0x008ef32c: 00000000 00000000 00000000 00000000 ................
0x008ef33c: 00000000 00000000 00000000 00000000 ................
0x008ef34c: 00000000 00000000 00000000 00000000 ................
0x008ef35c: 00000000 00000000 00000000 00000000 ................
0x008ef36c: 00000000 00000000 00000000 00000000 ................
0x008ef37c: 00000000 00000000 00000000 00000000 ................
0x008ef38c: 00000000 00000000 00000000 00000000 ................
0x008ef39c: 00000000 00000000 00000000 00000000 ................
0x008ef3ac: 00000000 00000000 00000000 00000000 ................
0x008ef3bc: 00000000 00000000 00000000 00000000 ................
0x008ef3cc: 00000000 00000000 00000000 00000000 ................
0x008ef3dc: 00000000 00000000 00000000 00000000 ................
0x008ef3ec: 00000000 00000000 00000000 00000000 ................
0x008ef3fc: 00000000 00000000 00000000 00000000 ................
0x008ef40c: 00000000 00000000 00000000 00000000 ................
0x008ef41c: 00000000 00000000 00000000 00000000 ................
0x008ef42c: 00000000 00000000 00000000 00000000 ................
0x008ef43c: 00000000 00000000 00000000 00000000 ................
0x008ef44c: 00000000 00000000 00000000 00000000 ................
0x008ef45c: 00000000 00000000 00000000 00000000 ................
0x008ef46c: 00000000 00000000 00000000 00000000 ................
0x008ef47c: 00000000 00000000 00000000 00000000 ................
0x008ef48c: 00000000 00000000 00000000 00000000 ................
0x008ef49c: 00000000 00000000 00000000 00000000 ................
0x008ef4ac: 00000000 00000000 00000000 00000000 ................
0x008ef4bc: 00000000 00000000 00000000 00000000 ................
0x008ef4cc: 00000000 00000000 00000000 00000000 ................
0x008ef4dc: 00000000 00000000 00000000 00000000 ................
0x008ef4ec: 00000000 00000000 00000000 00000000 ................
0x008ef4fc: 00000000 00000000 00000000 00000000 ................
0x008ef50c: 00000000 00000000 00000000 00000000 ................
0x008ef51c: 00000000 00000000 00000000 00000000 ................
0x008ef52c: 00000000 00000000 00000000 00000000 ................
0x008ef53c: 00000000 00000000 00000000 00000000 ................
0x008ef54c: 00000000 00000000 00000000 00000000 ................
0x008ef55c: 00000000 00000000 00000000 00000000 ................
0x008ef56c: 00000000 00000000 00000000 00000000 ................
0x008ef57c: 00000000 00000000 00000000 00000000 ................
0x008ef58c: 00000000 00000000 00000000 00000000 ................
0x008ef59c: 00000000 00000000 00000000 00000000 ................
0x008ef5ac: 00000000 00000000 00000000 00000000 ................
0x008ef5bc: 00000000 00000000 00000000 00000000 ................
0x008ef5cc: 00000000 00000000 00000000 00000000 ................
0x008ef5dc: 00000000 00000000 00000000 00000000 ................
0x008ef5ec: 00000000 00000000 00000000 00000000 ................
0x008ef5fc: 00000000 00000000 00000000 00000000 ................
0x008ef60c: 00000000 00000000 00000000 00000000 ................
0x008ef61c: 00000000 00000000 00000000 00000000 ................
0x008ef62c: 00000000 00000000 00000000 00000000 ................
0x008ef63c: 00000000 00000000 00000000 00000000 ................
0x008ef64c: 00000000 00000000 00000000 00000000 ................
0x008ef65c: 00000000 00000000 00000000 00000000 ................
0x008ef66c: 00000000 00000000 00000000 00000000 ................
0x008ef67c: 00000000 00000000 00000000 00000000 ................
0x008ef68c: 00000000 00000000 00000000 00000000 ................
0x008ef69c: 00000000 00000000 00000000 00000000 ................
0x008ef6ac: 00000000 00000000 00000000 00000000 ................
0x008ef6bc: 00000000 00000000 00000000 00000000 ................
0x008ef6cc: 00000000 00000000 00000000 00000000 ................
0x008ef6dc: 00000000 00000000 00000000 00000000 ................
0x008ef6ec: 00000000 00000000 00000000 00000000 ................
0x008ef6fc: 00000000 00000000 00000000 00000000 ................
0x008ef70c: 00000000 00000000 00000000 00000000 ................
0x008ef71c: 00000000 00000000 00000000 00000000 ................
0x008ef72c: 00000000 00000000 00000000 00000000 ................
0x008ef73c: 00000000 00000000 00000000 00000000 ................
0x008ef74c: 00000000 00000000 00000000 00000000 ................
0x008ef75c: 00000000 00000000 00000000 00000000 ................
0x008ef76c: 00000000 00000000 00000000 00000000 ................
0x008ef77c: 00000000 00000000 00000000 00000000 ................
0x008ef78c: 00000000 00000000 00000000 00000000 ................
0x008ef79c: 00000000 00000000 00000000 00000000 ................
0x008ef7ac: 00000000 00000000 00000000 00000000 ................
0x008ef7bc: 00000000 00000000 00000000 00000000 ................
0x008ef7cc: 00000000 00000000 00000000 00000000 ................
0x008ef7dc: 00000000 00000000 00000000 00000000 ................
0x008ef7ec: 00000000 00000000 00000000 00000000 ................
0x008ef7fc: 00000000 00000000 00000000 00000000 ................
0x008ef80c: 00000000 00000000 00000000 00000000 ................
0x008ef81c: 00000000 00000000 00000000 00000000 ................
0x008ef82c: 00000000 00000000 00000000 00000000 ................
0x008ef83c: 00000000 00000000 00000000 00000000 ................
0x008ef84c: 00000000 00000000 00000000 00000000 ................
0x008ef85c: 00000000 00000000 00000000 00000000 ................
0x008ef86c: 00000000 00000000 00000000 00000000 ................
0x008ef87c: 00000000 00000000 00000000 00000000 ................
0x008ef88c: 00000000 00000000 00000000 00000000 ................
0x008ef89c: 00000000 00000000 00000000 00000000 ................
0x008ef8ac: 00000000 00000000 00000000 00000000 ................
0x008ef8bc: 00000000 00000000 00000000 00000000 ................
0x008ef8cc: 00000000 00000000 00000000 00000000 ................
0x008ef8dc: 00000000 00000000 00000000 00000000 ................
0x008ef8ec: 00000000 00000000 00000000 00000000 ................
0x008ef8fc: 00000000 00000000 00000000 00000000 ................
0x008ef90c: 00000000 00000000 00000000 00000000 ................
0x008ef91c: 00000000 00000000 00000000 00000000 ................
0x008ef92c: 00000000 00000000 00000000 00000000 ................
0x008ef93c: 00000000 00000000 00000000 00000000 ................
0x008ef94c: 00000000 00000000 00000000 00000000 ................
0x008ef95c: 00000000 00000000 00000000 00000000 ................
0x008ef96c: 00000000 00000000 00000000 00000000 ................
0x008ef97c: 00000000 00000000 00000000 00000000 ................
0x008ef98c: 00000000 00000000 00000000 00000000 ................
0x008ef99c: 00000000 00000000 00000000 00000000 ................
0x008ef9ac: 00000000 00000000 00000000 00000000 ................
0x008ef9bc: 00000000 00000000 00000000 00000000 ................
0x008ef9cc: 00000000 00000000 00000000 00000000 ................
0x008ef9dc: 00000000 00000000 00000000 00000000 ................
0x008ef9ec: 00000000 00000000 00000000 00000000 ................
0x008ef9fc: 00000000 00000000 00000000 00000000 ................
0x008efa0c: 00000000 00000000 00000000 00000000 ................
0x008efa1c: 00000000 00000000 00000000 00000000 ................
0x008efa2c: 00000000 00000000 00000000 00000000 ................
0x008efa3c: 00000000 00000000 00000000 00000000 ................
0x008efa4c: 00000000 00000000 00000000 00000000 ................
0x008efa5c: 00000000 00000000 00000000 00000000 ................
0x008efa6c: 00000000 00000000 00000000 00000000 ................
0x008efa7c: 00000000 00000000 00000000 00000000 ................
0x008efa8c: 00000000 00000000 00000000 00000000 ................
0x008efa9c: 00000000 00000000 00000000 00000000 ................
0x008efaac: 00000000 00000000 00000000 00000000 ................
0x008efabc: 00000000 00000000 00000000 00000000 ................
0x008efacc: 00000000 00000000 00000000 00000000 ................
0x008efadc: 00000000 00000000 00000000 00000000 ................
0x008efaec: 00000000 00000000 00000000 00000000 ................
0x008efafc: 00000000 00000000 00000000 00000000 ................
0x008efb0c: 00000000 00000000 00000000 00000000 ................
0x008efb1c: 00000000 00000000 00000000 00000000 ................
0x008efb2c: 00000000 00000000 00000000 00000000 ................
0x008efb3c: 00000000 00000000 00000000 00000000 ................
0x008efb4c: 00000000 00000000 00000000 00000000 ................
0x008efb5c: 00000000 00000000 00000000 00000000 ................
0x008efb6c: 00000000 00000000 00000000 00000000 ................
0x008efb7c: 00000000 00000000 00000000 00000000 ................
0x008efb8c: 00000000 00000000 00000000 00000000 ................
0x008efb9c: 00000000 00000000 00000000 00000000 ................
0x008efbac: 00000000 00000000 00000000 00000000 ................
0x008efbbc: 00000000 00000000 00000000 00000000 ................
0x008efbcc: 00000000 00000000 00000000 00000000 ................
0x008efbdc: 00000000 00000000 00000000 00000000 ................
0x008efbec: 00000000 00000000 00000000 00000000 ................
0x008efbfc: 00000000 00000000 00000000 00000000 ................
0x008efc0c: 00000000 00000000 00000000 00000000 ................
0x008efc1c: 00000000 00000000 00000000 00000000 ................
0x008efc2c: 00000000 00000000 00000000 00000000 ................
0x008efc3c: 00000000 00000000 00000000 00000000 ................
0x008efc4c: 00000000 00000000 00000000 00000000 ................
0x008efc5c: 00000000 00000000 00000000 00000000 ................
0x008efc6c: 00000000 00000000 00000000 00000000 ................
0x008efc7c: 00000000 00000000 00000000 00000000 ................
0x008efc8c: 00000000 00000000 00000000 00000000 ................
0x008efc9c: 00000000 00000000 00000000 00000000 ................
0x008efcac: 00000000 00000000 00000000 00000000 ................
0x008efcbc: 00000000 00000000 00000000 00000000 ................
0x008efccc: 00000000 00000000 00000000 00000000 ................
0x008efcdc: 00000000 00000000 00000000 00000000 ................
0x008efcec: 00000000 00000000 00000000 00000000 ................
0x008efcfc: 00000000 00000000 00000000 00000000 ................
0x008efd0c: 00000000 00000000 00000000 00000000 ................
0x008efd1c: 00000000 00000000 00000000 00000000 ................
0x008efd2c: 00000000 00000000 00000000 00000000 ................
0x008efd3c: 00000000 00000000 00000000 00000000 ................
0x008efd4c: 00000000 00000000 00000000 00000000 ................
0x008efd5c: 00000000 00000000 00000000 00000000 ................
0x008efd6c: 00000000 00000000 00000000 00000000 ................
0x008efd7c: 00000000 00000000 00000000 00000000 ................
0x008efd8c: 00000000 00000000 00000000 00000000 ................
0x008efd9c: 00000000 00000000 00000000 00000000 ................
0x008efdac: 00000000 00000000 00000000 00000000 ................
0x008efdbc: 00000000 00000000 00000000 00000000 ................
0x008efdcc: 00000000 00000000 00000000 00000000 ................
0x008efddc: 00000000 00000000 00000000 00000000 ................
0x008efdec: 00000000 00000000 00000000 00000000 ................
0x008efdfc: 00000000 00000000 00000000 00000000 ................
0x008efe0c: 00000000 00000000 00000000 00000000 ................
0x008efe1c: 00000000 00000000 00000000 00000000 ................
0x008efe2c: 00000000 00000000 00000000 00000000 ................
0x008efe3c: 00000000 00000000 00000000 00000000 ................
0x008efe4c: 00000000 00000000 00000000 00000000 ................
0x008efe5c: 00000000 00000000 00000000 00000000 ................
0x008efe6c: 00000000 00000000 00000000 00000000 ................
0x008efe7c: 00000000 00000000 00000000 00000000 ................
0x008efe8c: 00000000 00000000 00000000 00000000 ................
0x008efe9c: 00000000 00000000 00000000 00000000 ................
0x008efeac: 00000000 00000000 00000000 00000000 ................
0x008efebc: 00000000 00000000 00000000 00000000 ................
0x008efecc: 00000000 00000000 00000000 00000000 ................
0x008efedc: 00000000 00000000 00000000 00000000 ................
0x008efeec: 00000000 00000000 00000000 00000000 ................
0x008efefc: 00000000 00000000 00000000 00000000 ................
0x008eff0c: 00000000 00000000 00000000 00000000 ................
0x008eff1c: 00000000 00000000 00000000 00000000 ................
0x008eff2c: 00000000 00000000 00000000 00000000 ................
0x008eff3c: 00000000 00000000 00000000 00000000 ................
0x008eff4c: 00000000 00000000 00000000 00000000 ................
0x008eff5c: 00000000 00000000 00000000 00000000 ................
0x008eff6c: 00000000 00000000 00000000 00000000 ................
0x008eff7c: 00000000 00000000 00000000 00000000 ................
0x008eff8c: 00000000 00000000 00000000 00000000 ................
0x008eff9c: 00000000 00000000 00000000 00000000 ................
0x008effac: 00000000 00000000 00000000 00000000 ................
0x008effbc: 00000000 00000000 00000000 00000000 ................
0x008effcc: 00000000 00000000 00000000 00000000 ................
0x008effdc: 00000000 00000000 00000000 00000000 ................
0x008effec: 00000000 00000000 00000000 00000000 ................
0x008efffc: 00000000 00000000 00000000 00000000 ................
0x008f000c: 00000000 00000000 00000000 00000000 ................
0x008f001c: 00000000 00000000 00000000 00000000 ................
0x008f002c: 00000000 00000000 00000000 00000000 ................
0x008f003c: 00000000 00000000 00000000 00000000 ................
0x008f004c: 00000000 00000000 00000000 00000000 ................
0x008f005c: 00000000 00000000 00000000 00000000 ................
0x008f006c: 00000000 00000000 00000000 00000000 ................
0x008f007c: 00000000 00000000 00000000 00000000 ................
0x008f008c: 00000000 00000000 00000000 00000000 ................
0x008f009c: 00000000 00000000 00000000 00000000 ................
0x008f00ac: 00000000 00000000 00000000 00000000 ................
0x008f00bc: 00000000 00000000 00000000 00000000 ................
0x008f00cc: 00000000 00000000 00000000 00000000 ................
0x008f00dc: 00000000 00000000 00000000 00000000 ................
0x008f00ec: 00000000 00000000 00000000 00000000 ................
0x008f00fc: 00000000 00000000 00000000 00000000 ................
0x008f010c: 00000000 00000000 00000000 00000000 ................
0x008f011c: 00000000 00000000 00000000 00000000 ................
0x008f012c: 00000000 00000000 00000000 00000000 ................
0x008f013c: 00000000 00000000 00000000 00000000 ................
0x008f014c: 00000000 00000000 00000000 00000000 ................
0x008f015c: 00000000 00000000 00000000 00000000 ................
0x008f016c: 00000000 00000000 00000000 00000000 ................
0x008f017c: 00000000 00000000 00000000 00000000 ................
0x008f018c: 00000000 00000000 00000000 00000000 ................
0x008f019c: 00000000 00000000 00000000 00000000 ................
0x008f01ac: 00000000 00000000 00000000 00000000 ................
0x008f01bc: 00000000 00000000 00000000 00000000 ................
0x008f01cc: 00000000 00000000 00000000 00000000 ................
0x008f01dc: 00000000 00000000 00000000 00000000 ................
0x008f01ec: 00000000 00000000 00000000 00000000 ................
0x008f01fc: 00000000 00000000 00000000 00000000 ................
0x008f020c: 00000000 00000000 00000000 00000000 ................
0x008f021c: 00000000 00000000 00000000 00000000 ................
0x008f022c: 00000000 00000000 00000000 00000000 ................
0x008f023c: 00000000 00000000 00000000 00000000 ................
0x008f024c: 00000000 00000000 00000000 00000000 ................
0x008f025c: 00000000 00000000 00000000 00000000 ................
0x008f026c: 00000000 00000000 00000000 00000000 ................
0x008f027c: 00000000 00000000 00000000 00000000 ................
0x008f028c: 00000000 00000000 00000000 00000000 ................
0x008f029c: 00000000 00000000 00000000 00000000 ................
0x008f02ac: 00000000 00000000 00000000 00000000 ................
0x008f02bc: 00000000 00000000 00000000 00000000 ................
0x008f02cc: 00000000 00000000 00000000 00000000 ................
0x008f02dc: 00000000 00000000 00000000 00000000 ................
0x008f02ec: 00000000 00000000 00000000 00000000 ................
0x008f02fc: 00000000 00000000 00000000 00000000 ................
0x008f030c: 00000000 00000000 00000000 00000000 ................
0x008f031c: 00000000 00000000 00000000 00000000 ................
0x008f032c: 00000000 00000000 00000000 00000000 ................
0x008f033c: 00000000 00000000 00000000 00000000 ................
0x008f034c: 00000000 00000000 00000000 00000000 ................
0x008f035c: 00000000 00000000 00000000 00000000 ................
0x008f036c: 00000000 00000000 00000000 00000000 ................
0x008f037c: 00000000 00000000 00000000 00000000 ................
0x008f038c: 00000000 00000000 00000000 00000000 ................
0x008f039c: 00000000 00000000 00000000 00000000 ................
0x008f03ac: 00000000 00000000 00000000 00000000 ................
0x008f03bc: 00000000 00000000 00000000 00000000 ................
0x008f03cc: 00000000 00000000 00000000 00000000 ................
0x008f03dc: 00000000 00000000 00000000 00000000 ................
0x008f03ec: 00000000 00000000 00000000 00000000 ................
0x008f03fc: 00000000 00000000 00000000 00000000 ................
0x008f040c: 00000000 00000000 00000000 00000000 ................
0x008f041c: 00000000 00000000 00000000 00000000 ................
0x008f042c: 00000000 00000000 00000000 00000000 ................
0x008f043c: 00000000 00000000 00000000 00000000 ................
0x008f044c: 00000000 00000000 00000000 00000000 ................
0x008f045c: 00000000 00000000 00000000 00000000 ................
0x008f046c: 00000000 00000000 00000000 00000000 ................
0x008f047c: 00000000 00000000 00000000 00000000 ................
0x008f048c: 00000000 00000000 00000000 00000000 ................
0x008f049c: 00000000 00000000 00000000 00000000 ................
0x008f04ac: 00000000 00000000 00000000 00000000 ................
0x008f04bc: 00000000 00000000 00000000 00000000 ................
0x008f04cc: 00000000 00000000 00000000 00000000 ................
0x008f04dc: 00000000 00000000 00000000 00000000 ................
0x008f04ec: 00000000 00000000 00000000 00000000 ................
0x008f04fc: 00000000 00000000 00000000 00000000 ................
0x008f050c: 00000000 00000000 00000000 00000000 ................
0x008f051c: 00000000 00000000 00000000 00000000 ................
0x008f052c: 00000000 00000000 00000000 00000000 ................
0x008f053c: 00000000 00000000 00000000 00000000 ................
0x008f054c: 00000000 00000000 00000000 00000000 ................
0x008f055c: 00000000 00000000 00000000 00000000 ................
0x008f056c: 00000000 00000000 00000000 00000000 ................
0x008f057c: 00000000 00000000 00000000 00000000 ................
0x008f058c: 00000000 00000000 00000000 00000000 ................
0x008f059c: 00000000 00000000 00000000 00000000 ................
0x008f05ac: 00000000 00000000 00000000 00000000 ................
0x008f05bc: 00000000 00000000 00000000 00000000 ................
0x008f05cc: 00000000 00000000 00000000 00000000 ................
0x008f05dc: 00000000 00000000 00000000 00000000 ................
0x008f05ec: 00000000 00000000 00000000 00000000 ................
0x008f05fc: 00000000 00000000 00000000 00000000 ................
0x008f060c: 00000000 00000000 00000000 00000000 ................
0x008f061c: 00000000 00000000 00000000 00000000 ................
0x008f062c: 00000000 00000000 00000000 00000000 ................
0x008f063c: 00000000 00000000 00000000 00000000 ................
0x008f064c: 00000000 00000000 00000000 00000000 ................
0x008f065c: 00000000 00000000 00000000 00000000 ................
0x008f066c: 00000000 00000000 00000000 00000000 ................
0x008f067c: 00000000 00000000 00000000 00000000 ................
0x008f068c: 00000000 00000000 00000000 00000000 ................
0x008f069c: 00000000 00000000 00000000 00000000 ................
0x008f06ac: 00000000 00000000 00000000 00000000 ................
0x008f06bc: 00000000 00000000 00000000 00000000 ................
0x008f06cc: 00000000 00000000 00000000 00000000 ................
0x008f06dc: 00000000 00000000 00000000 00000000 ................
0x008f06ec: 00000000 00000000 00000000 00000000 ................

Module 1
C:\Users\williamd\Documents\robot-sim\Scene_Test000.exe
Image Base: 0x01390000  Image Size: 0x01219000
File Size:  18136576    File Time:  2017-03-30_152054
Version:
   Company:    
   Product:    
   FileDesc:   
   FileVer:    5.6.0.31247
   ProdVer:    5.6.0.31247

Module 2
C:\Windows\System32\DriverStore\FileRepository\nvmiwu.inf_amd64_01856dcc82b1034f\nvwgf2um.dll
Image Base: 0x06770000  Image Size: 0x013bb000
File Size:  20939056    File Time:  2017-01-17_055134
Version:
   Company:    NVIDIA Corporation
   Product:    NVIDIA D3D10 drivers
   FileDesc:   NVIDIA D3D10 Driver, Version 376.54 
   FileVer:    21.21.13.7654
   ProdVer:    21.21.13.7654

Module 3
C:\Users\williamd\Documents\robot-sim\Scene_Test000_Data\Mono\mono.dll
Image Base: 0x10000000  Image Size: 0x00231000
File Size:  2115008     File Time:  2017-03-30_152856
Version:
   Company:    Unity Technologies
   Product:    libmono
   FileDesc:   Unity Technologies fork of mono runtime
   FileVer:    1.0.0.1
   ProdVer:    1.0.0.1

Module 4
C:\Windows\SYSTEM32\dbghelp.dll
Image Base: 0x3c960000  Image Size: 0x00145000
File Size:  1220608     File Time:  2016-07-16_194258
Version:
   Company:    Microsoft
   Product:    MicrosoftR WindowsR Operating System
   FileDesc:   Windows Image Helper
   FileVer:    10.0.14321.1024
   ProdVer:    10.0.14321.1024

Module 5
C:\Windows\SYSTEM32\midimap.dll
Image Base: 0x54f70000  Image Size: 0x00008000
File Size:  18944       File Time:  2016-07-16_194250
Version:
   Company:    Microsoft Corporation
   Product:    MicrosoftR WindowsR Operating System
   FileDesc:   Microsoft MIDI Mapper
   FileVer:    10.0.14393.0
   ProdVer:    10.0.14393.0

Module 6
C:\Windows\SYSTEM32\msacm32.drv
Image Base: 0x54f80000  Image Size: 0x0000a000
File Size:  24576       File Time:  2016-07-16_194250
Version:
   Company:    Microsoft Corporation
   Product:    MicrosoftR WindowsR Operating System
   FileDesc:   Microsoft 音效對應表
   FileVer:    10.0.14393.0
   ProdVer:    10.0.14393.0

Module 7
C:\Windows\SYSTEM32\wdmaud.drv
Image Base: 0x54f90000  Image Size: 0x00039000
File Size:  207360      File Time:  2016-07-16_194250
Version:
   Company:    Microsoft Corporation
   Product:    MicrosoftR WindowsR Operating System
   FileDesc:   Winmm 音訊系統驅動程式
   FileVer:    10.0.14393.0
   ProdVer:    10.0.14393.0

Module 8
C:\Windows\SYSTEM32\DDRAW.dll
Image Base: 0x54fd0000  Image Size: 0x000ed000
File Size:  548352      File Time:  2017-03-04_141812
Version:
   Company:    Microsoft Corporation
   Product:    MicrosoftR WindowsR Operating System
   FileDesc:   Microsoft DirectDraw
   FileVer:    10.0.14393.953
   ProdVer:    10.0.14393.953

Module 9
C:\Windows\SYSTEM32\GLU32.dll
Image Base: 0x550c0000  Image Size: 0x00025000
File Size:  141312      File Time:  2016-07-16_194306
Version:
   Company:    Microsoft Corporation
   Product:    MicrosoftR WindowsR Operating System
   FileDesc:   OpenGL 公用程式程式庫 DLL
   FileVer:    10.0.14393.0
   ProdVer:    10.0.14393.0

Module 10
C:\Windows\SYSTEM32\OPENGL32.dll
Image Base: 0x550f0000  Image Size: 0x000e0000
File Size:  786944      File Time:  2016-07-16_194306
Version:
   Company:    Microsoft Corporation
   Product:    MicrosoftR WindowsR Operating System
   FileDesc:   OpenGL Client DLL
   FileVer:    10.0.14393.0
   ProdVer:    10.0.14393.0

Module 11
C:\Windows\SYSTEM32\DCIMAN32.dll
Image Base: 0x55570000  Image Size: 0x00007000
File Size:  11776       File Time:  2016-07-16_194250
Version:
   Company:    Microsoft Corporation
   Product:    MicrosoftR WindowsR Operating System
   FileDesc:   DCI Manager
   FileVer:    10.0.14393.0
   ProdVer:    10.0.14393.0

Module 12
C:\Windows\SYSTEM32\HID.DLL
Image Base: 0x55880000  Image Size: 0x0000a000
File Size:  25600       File Time:  2016-07-16_194250
Version:
   Company:    Microsoft Corporation
   Product:    MicrosoftR WindowsR Operating System
   FileDesc:   Hid 使用者程式庫
   FileVer:    10.0.14393.0
   ProdVer:    10.0.14393.0

Module 13
C:\Windows\system32\nvapi.dll
Image Base: 0x69390000  Image Size: 0x00386000
File Size:  3509152     File Time:  2017-01-17_055030
Version:
   Company:    NVIDIA Corporation
   Product:    NVIDIA Windows drivers
   FileDesc:   NVIDIA NVAPI Library, Version 376.54 
   FileVer:    21.21.13.7654
   ProdVer:    21.21.13.7654

Module 14
C:\Windows\system32\nvspcap.dll
Image Base: 0x69720000  Image Size: 0x00151000
File Size:  1377752     File Time:  2016-12-14_094542
Version:
   Company:    NVIDIA Corporation
   Product:    NVIDIA GeForce Experience
   FileDesc:   NVIDIA Capture Server Proxy
   FileVer:    2.11.4.125
   ProdVer:    2.11.4.125

Module 15
C:\Windows\SYSTEM32\AVRT.dll
Image Base: 0x6d360000  Image Size: 0x00009000
File Size:  29448       File Time:  2016-07-16_194250
Version:
   Company:    Microsoft Corporation
   Product:    MicrosoftR WindowsR Operating System
   FileDesc:   Multimedia Realtime Runtime
   FileVer:    10.0.14393.0
   ProdVer:    10.0.14393.0

Module 16
C:\Windows\SYSTEM32\MSACM32.dll
Image Base: 0x6d400000  Image Size: 0x00018000
File Size:  90912       File Time:  2016-07-16_194250
Version:
   Company:    Microsoft Corporation
   Product:    MicrosoftR WindowsR Operating System
   FileDesc:   Microsoft ACM 音訊篩選器
   FileVer:    10.0.14393.0
   ProdVer:    10.0.14393.0

Module 17
C:\Program Files\Nahimic\Nahimic2\UserInterface\Nahimic2DevProps.dll
Image Base: 0x6d440000  Image Size: 0x0002e000
File Size:  176312      File Time:  2016-11-23_034106
Version:
   Company:    
   Product:    
   FileDesc:   
   FileVer:    0.0.0.0
   ProdVer:    0.0.0.0

Module 18
C:\Program Files\Nahimic\Nahimic2\UserInterface\Nahimic2OSD.dll
Image Base: 0x6d470000  Image Size: 0x00042000
File Size:  250552      File Time:  2016-11-23_033910
Version:
   Company:    
   Product:    
   FileDesc:   
   FileVer:    0.0.0.0
   ProdVer:    0.0.0.0

Module 19
C:\Windows\SYSTEM32\wintypes.dll
Image Base: 0x6d4c0000  Image Size: 0x000cf000
File Size:  846560      File Time:  2017-03-04_145046
Version:
   Company:    Microsoft Corporation
   Product:    MicrosoftR WindowsR Operating System
   FileDesc:   Windows 基底類型 DLL
   FileVer:    10.0.14393.953
   ProdVer:    10.0.14393.953

Module 20
C:\Windows\SYSTEM32\AUDIOSES.DLL
Image Base: 0x6d590000  Image Size: 0x0007b000
File Size:  484584      File Time:  2017-03-04_155742
Version:
   Company:    Microsoft Corporation
   Product:    MicrosoftR WindowsR Operating System
   FileDesc:   音訊工作階段
   FileVer:    10.0.14393.953
   ProdVer:    10.0.14393.953

Module 21
C:\Windows\System32\MMDevApi.dll
Image Base: 0x6d610000  Image Size: 0x00058000
File Size:  352760      File Time:  2017-03-04_144734
Version:
   Company:    Microsoft Corporation
   Product:    MicrosoftR WindowsR Operating System
   FileDesc:   MMDevice API
   FileVer:    10.0.14393.953
   ProdVer:    10.0.14393.953

Module 22
C:\Windows\SYSTEM32\ksuser.dll
Image Base: 0x6d8f0000  Image Size: 0x00007000
File Size:  20672       File Time:  2016-07-16_194250
Version:
   Company:    Microsoft Corporation
   Product:    MicrosoftR WindowsR Operating System
   FileDesc:   User CSA Library
   FileVer:    10.0.14393.0
   ProdVer:    10.0.14393.0

Module 23
C:\Windows\SYSTEM32\d3d11.dll
Image Base: 0x6e1b0000  Image Size: 0x00230000
File Size:  2277288     File Time:  2017-03-04_145414
Version:
   Company:    Microsoft Corporation
   Product:    MicrosoftR WindowsR Operating System
   FileDesc:   Direct3D 11 Runtime
   FileVer:    10.0.14393.953
   ProdVer:    10.0.14393.953

Module 24
C:\Windows\SYSTEM32\dxgi.dll
Image Base: 0x6e820000  Image Size: 0x00083000
File Size:  524776      File Time:  2017-03-04_145404
Version:
   Company:    Microsoft Corporation
   Product:    MicrosoftR WindowsR Operating System
   FileDesc:   DirectX Graphics Infrastructure
   FileVer:    10.0.14393.953
   ProdVer:    10.0.14393.953

Module 25
C:\Windows\system32\wbem\fastprox.dll
Image Base: 0x70190000  Image Size: 0x000c2000
File Size:  779776      File Time:  2016-07-16_194258
Version:
   Company:    Microsoft Corporation
   Product:    MicrosoftR WindowsR Operating System
   FileDesc:   WMI Custom Marshaller
   FileVer:    10.0.14393.0
   ProdVer:    10.0.14393.0

Module 26
C:\Windows\system32\wbem\wbemsvc.dll
Image Base: 0x70260000  Image Size: 0x00010000
File Size:  48640       File Time:  2016-07-16_194258
Version:
   Company:    Microsoft Corporation
   Product:    MicrosoftR WindowsR Operating System
   FileDesc:   WMI
   FileVer:    10.0.14393.0
   ProdVer:    10.0.14393.0

Module 27
C:\Windows\system32\wbem\wbemprox.dll
Image Base: 0x70270000  Image Size: 0x0000d000
File Size:  35328       File Time:  2016-07-16_194258
Version:
   Company:    Microsoft Corporation
   Product:    MicrosoftR WindowsR Operating System
   FileDesc:   WMI
   FileVer:    10.0.14393.0
   ProdVer:    10.0.14393.0

Module 28
C:\Windows\SYSTEM32\wbemcomn.dll
Image Base: 0x70280000  Image Size: 0x00067000
File Size:  391168      File Time:  2016-07-16_194258
Version:
   Company:    Microsoft Corporation
   Product:    MicrosoftR WindowsR Operating System
   FileDesc:   WMI
   FileVer:    10.0.14393.0
   ProdVer:    10.0.14393.0

Module 29
C:\Windows\System32\DEVOBJ.dll
Image Base: 0x70320000  Image Size: 0x00022000
File Size:  132232      File Time:  2016-07-16_194256
Version:
   Company:    Microsoft Corporation
   Product:    MicrosoftR WindowsR Operating System
   FileDesc:   Device Information Set DLL
   FileVer:    10.0.14393.0
   ProdVer:    10.0.14393.0

Module 30
C:\Windows\SYSTEM32\DNSAPI.dll
Image Base: 0x704b0000  Image Size: 0x0007d000
File Size:  497416      File Time:  2017-03-04_150934
Version:
   Company:    Microsoft Corporation
   Product:    MicrosoftR WindowsR Operating System
   FileDesc:   DNS 用戶端 API DLL
   FileVer:    10.0.14393.953
   ProdVer:    10.0.14393.953

Module 31
C:\Windows\System32\PROPSYS.dll
Image Base: 0x71110000  Image Size: 0x0014f000
File Size:  1375456     File Time:  2016-07-16_194256
Version:
   Company:    Microsoft Corporation
   Product:    WindowsR Search
   FileDesc:   Microsoft 內容系統
   FileVer:    7.0.14393.0
   ProdVer:    7.0.14393.0

Module 32
C:\Windows\SYSTEM32\ntmarta.dll
Image Base: 0x725a0000  Image Size: 0x00028000
File Size:  154432      File Time:  2016-07-16_194256
Version:
   Company:    Microsoft Corporation
   Product:    MicrosoftR WindowsR Operating System
   FileDesc:   Windows NT MARTA 提供者
   FileVer:    10.0.14393.0
   ProdVer:    10.0.14393.0

Module 33
C:\Windows\system32\dwmapi.dll
Image Base: 0x725d0000  Image Size: 0x0001f000
File Size:  113504      File Time:  2016-12-16_034004
Version:
   Company:    Microsoft Corporation
   Product:    MicrosoftR WindowsR Operating System
   FileDesc:   Microsoft 桌面視窗管理員 API
   FileVer:    10.0.14393.206
   ProdVer:    10.0.14393.206

Module 34
C:\Windows\system32\uxtheme.dll
Image Base: 0x725f0000  Image Size: 0x00075000
File Size:  457728      File Time:  2016-07-16_194306
Version:
   Company:    Microsoft Corporation
   Product:    MicrosoftR WindowsR Operating System
   FileDesc:   Microsoft UxTheme 程式庫
   FileVer:    10.0.14393.0
   ProdVer:    10.0.14393.0

Module 35
C:\Windows\SYSTEM32\VERSION.dll
Image Base: 0x72e60000  Image Size: 0x00008000
File Size:  27360       File Time:  2016-07-16_194306
Version:
   Company:    Microsoft Corporation
   Product:    MicrosoftR WindowsR Operating System
   FileDesc:   Version Checking and File Installation Libraries
   FileVer:    10.0.14393.0
   ProdVer:    10.0.14393.0

Module 36
C:\Windows\SYSTEM32\WINMMBASE.dll
Image Base: 0x72e70000  Image Size: 0x00023000
File Size:  131208      File Time:  2016-07-16_194250
Version:
   Company:    Microsoft Corporation
   Product:    MicrosoftR WindowsR Operating System
   FileDesc:   Base Multimedia Extension API DLL
   FileVer:    10.0.14393.0
   ProdVer:    10.0.14393.0

Module 37
C:\Windows\SYSTEM32\WINMM.dll
Image Base: 0x72fd0000  Image Size: 0x00024000
File Size:  135376      File Time:  2016-07-16_194250
Version:
   Company:    Microsoft Corporation
   Product:    MicrosoftR WindowsR Operating System
   FileDesc:   MCI 應用程式介面動態連結程式庫
   FileVer:    10.0.14393.0
   ProdVer:    10.0.14393.0

Module 38
C:\Windows\SYSTEM32\MSWSOCK.dll
Image Base: 0x73000000  Image Size: 0x0004e000
File Size:  306016      File Time:  2016-07-16_194256
Version:
   Company:    Microsoft Corporation
   Product:    MicrosoftR WindowsR Operating System
   FileDesc:   Microsoft Windows Sockets 2.0 服務提供者
   FileVer:    10.0.14393.0
   ProdVer:    10.0.14393.0

Module 39
C:\Windows\SYSTEM32\bcrypt.dll
Image Base: 0x733d0000  Image Size: 0x0001b000
File Size:  106896      File Time:  2016-12-09_180100
Version:
   Company:    Microsoft Corporation
   Product:    MicrosoftR WindowsR Operating System
   FileDesc:   Windows 密碼編譯基本程式庫
   FileVer:    10.0.14393.576
   ProdVer:    10.0.14393.576

Module 40
C:\Windows\SYSTEM32\WINHTTP.dll
Image Base: 0x73470000  Image Size: 0x000a0000
File Size:  636928      File Time:  2017-03-04_141630
Version:
   Company:    Microsoft Corporation
   Product:    MicrosoftR WindowsR Operating System
   FileDesc:   Windows HTTP 服務
   FileVer:    10.0.14393.953
   ProdVer:    10.0.14393.953

Module 41
C:\Windows\SYSTEM32\IPHLPAPI.DLL
Image Base: 0x73900000  Image Size: 0x0002f000
File Size:  184416      File Time:  2017-03-04_150254
Version:
   Company:    Microsoft Corporation
   Product:    MicrosoftR WindowsR Operating System
   FileDesc:   IP 協助程式 API
   FileVer:    10.0.14393.953
   ProdVer:    10.0.14393.953

Module 42
C:\Windows\System32\CRYPTBASE.dll
Image Base: 0x73990000  Image Size: 0x0000a000
File Size:  31528       File Time:  2016-07-16_194250
Version:
   Company:    Microsoft Corporation
   Product:    MicrosoftR WindowsR Operating System
   FileDesc:   Base cryptographic API DLL
   FileVer:    10.0.14393.0
   ProdVer:    10.0.14393.0

Module 43
C:\Windows\System32\SspiCli.dll
Image Base: 0x739a0000  Image Size: 0x0001e000
File Size:  117240      File Time:  2016-12-09_175110
Version:
   Company:    Microsoft Corporation
   Product:    MicrosoftR WindowsR Operating System
   FileDesc:   Security Support Provider Interface
   FileVer:    10.0.14393.576
   ProdVer:    10.0.14393.576

Module 44
C:\Windows\System32\PSAPI.DLL
Image Base: 0x739c0000  Image Size: 0x00006000
File Size:  17048       File Time:  2016-07-16_194246
Version:
   Company:    Microsoft Corporation
   Product:    MicrosoftR WindowsR Operating System
   FileDesc:   Process Status Helper
   FileVer:    10.0.14393.0
   ProdVer:    10.0.14393.0

Module 45
C:\Windows\System32\windows.storage.dll
Image Base: 0x739d0000  Image Size: 0x0056e000
File Size:  5722320     File Time:  2017-03-04_145320
Version:
   Company:    Microsoft Corporation
   Product:    MicrosoftR WindowsR Operating System
   FileDesc:   Microsoft WinRT 儲存 API
   FileVer:    10.0.14393.953
   ProdVer:    10.0.14393.953

Module 46
C:\Windows\System32\combase.dll
Image Base: 0x73f40000  Image Size: 0x00211000
File Size:  2166752     File Time:  2016-12-09_175926
Version:
   Company:    Microsoft Corporation
   Product:    MicrosoftR WindowsR Operating System
   FileDesc:   用於 Windows 的 Microsoft COM
   FileVer:    10.0.14393.576
   ProdVer:    10.0.14393.576

Module 47
C:\Windows\System32\cfgmgr32.dll
Image Base: 0x74160000  Image Size: 0x00036000
File Size:  213848      File Time:  2016-07-16_194256
Version:
   Company:    Microsoft Corporation
   Product:    MicrosoftR WindowsR Operating System
   FileDesc:   Configuration Manager DLL
   FileVer:    10.0.14393.0
   ProdVer:    10.0.14393.0

Module 48
C:\Windows\System32\ole32.dll
Image Base: 0x741a0000  Image Size: 0x000ea000
File Size:  959112      File Time:  2016-12-09_175616
Version:
   Company:    Microsoft Corporation
   Product:    MicrosoftR WindowsR Operating System
   FileDesc:   用於 Windows 的 Microsoft OLE
   FileVer:    10.0.14393.576
   ProdVer:    10.0.14393.576

Module 49
C:\Windows\System32\USER32.dll
Image Base: 0x74290000  Image Size: 0x0015f000
File Size:  1435896     File Time:  2016-12-09_175222
Version:
   Company:    Microsoft Corporation
   Product:    MicrosoftR WindowsR Operating System
   FileDesc:   多使用者 Windows USER API 用戶端 DLL
   FileVer:    10.0.14393.576
   ProdVer:    10.0.14393.576

Module 50
C:\Windows\System32\gdi32full.dll
Image Base: 0x743f0000  Image Size: 0x0015b000
File Size:  1415240     File Time:  2017-03-04_144240
Version:
   Company:    Microsoft Corporation
   Product:    MicrosoftR WindowsR Operating System
   FileDesc:   GDI Client DLL
   FileVer:    10.0.14393.953
   ProdVer:    10.0.14393.953

Module 51
C:\Windows\System32\SETUPAPI.dll
Image Base: 0x745b0000  Image Size: 0x0040b000
File Size:  4268368     File Time:  2016-07-16_194246
Version:
   Company:    Microsoft Corporation
   Product:    MicrosoftR WindowsR Operating System
   FileDesc:   Windows 安裝程式 API
   FileVer:    10.0.14393.0
   ProdVer:    10.0.14393.0

Module 52
C:\Windows\System32\win32u.dll
Image Base: 0x749c0000  Image Size: 0x00015000
File Size:  79536       File Time:  2016-12-16_034004
Version:
   Company:    Microsoft Corporation
   Product:    MicrosoftR WindowsR Operating System
   FileDesc:   Win32u
   FileVer:    10.0.14393.51
   ProdVer:    10.0.14393.51

Module 53
C:\Windows\System32\bcryptPrimitives.dll
Image Base: 0x749e0000  Image Size: 0x0005a000
File Size:  367208      File Time:  2016-07-16_194228
Version:
   Company:    Microsoft Corporation
   Product:    MicrosoftR WindowsR Operating System
   FileDesc:   Windows Cryptographic Primitives Library
   FileVer:    10.0.14393.0
   ProdVer:    10.0.14393.0

Module 54
C:\Windows\System32\msvcp_win.dll
Image Base: 0x74a40000  Image Size: 0x0007b000
File Size:  498408      File Time:  2016-07-16_194256
Version:
   Company:    Microsoft Corporation
   Product:    MicrosoftR WindowsR Operating System
   FileDesc:   MicrosoftR C Runtime Library
   FileVer:    10.0.14393.0
   ProdVer:    10.0.14393.0

Module 55
C:\Windows\System32\msvcrt.dll
Image Base: 0x74ac0000  Image Size: 0x000be000
File Size:  773168      File Time:  2016-07-16_194250
Version:
   Company:    Microsoft Corporation
   Product:    MicrosoftR WindowsR Operating System
   FileDesc:   Windows NT CRT DLL
   FileVer:    7.0.14393.0
   ProdVer:    10.0.14393.0

Module 56
C:\Windows\System32\MSCTF.dll
Image Base: 0x74b80000  Image Size: 0x00135000
File Size:  1260784     File Time:  2017-03-04_144230
Version:
   Company:    Microsoft Corporation
   Product:    MicrosoftR WindowsR Operating System
   FileDesc:   MSCTF 伺服器 DLL
   FileVer:    10.0.14393.953
   ProdVer:    10.0.14393.953

Module 57
C:\Windows\System32\IMM32.dll
Image Base: 0x74d20000  Image Size: 0x00025000
File Size:  144632      File Time:  2016-07-16_194250
Version:
   Company:    Microsoft Corporation
   Product:    MicrosoftR WindowsR Operating System
   FileDesc:   Multi-User Windows IMM32 API Client DLL
   FileVer:    10.0.14393.0
   ProdVer:    10.0.14393.0

Module 58
C:\Windows\System32\OLEAUT32.dll
Image Base: 0x74d50000  Image Size: 0x00094000
File Size:  601712      File Time:  2016-12-16_035446
Version:
   Company:    Microsoft Corporation
   Product:    MicrosoftR WindowsR Operating System
   FileDesc:   OLEAUT32.DLL
   FileVer:    10.0.14393.447
   ProdVer:    10.0.14393.447

Module 59
C:\Windows\System32\RPCRT4.dll
Image Base: 0x74df0000  Image Size: 0x000c1000
File Size:  790760      File Time:  2016-12-16_034016
Version:
   Company:    Microsoft Corporation
   Product:    MicrosoftR WindowsR Operating System
   FileDesc:   遠端程序呼叫執行階段
   FileVer:    10.0.14393.82
   ProdVer:    10.0.14393.82

Module 60
C:\Windows\System32\profapi.dll
Image Base: 0x74ed0000  Image Size: 0x0000f000
File Size:  54752       File Time:  2016-07-16_194250
Version:
   Company:    Microsoft Corporation
   Product:    MicrosoftR WindowsR Operating System
   FileDesc:   User Profile Basic API
   FileVer:    10.0.14393.0
   ProdVer:    10.0.14393.0

Module 61
C:\Windows\System32\WINTRUST.dll
Image Base: 0x74ee0000  Image Size: 0x00044000
File Size:  272720      File Time:  2017-03-04_145204
Version:
   Company:    Microsoft Corporation
   Product:    MicrosoftR WindowsR Operating System
   FileDesc:   Microsoft Trust Verification APIs
   FileVer:    10.0.14393.953
   ProdVer:    10.0.14393.953

Module 62
C:\Windows\System32\ADVAPI32.dll
Image Base: 0x74f30000  Image Size: 0x00077000
File Size:  482392      File Time:  2016-07-16_194250
Version:
   Company:    Microsoft Corporation
   Product:    MicrosoftR WindowsR Operating System
   FileDesc:   進階 Windows 32 基礎 API
   FileVer:    10.0.14393.0
   ProdVer:    10.0.14393.0

Module 63
C:\Windows\System32\NSI.dll
Image Base: 0x74fb0000  Image Size: 0x00007000
File Size:  20152       File Time:  2016-07-16_194228
Version:
   Company:    Microsoft Corporation
   Product:    MicrosoftR WindowsR Operating System
   FileDesc:   NSI User-mode interface DLL
   FileVer:    10.0.14393.0
   ProdVer:    10.0.14393.0

Module 64
C:\Windows\System32\SHLWAPI.dll
Image Base: 0x74fc0000  Image Size: 0x00046000
File Size:  284056      File Time:  2016-07-16_194304
Version:
   Company:    Microsoft Corporation
   Product:    MicrosoftR WindowsR Operating System
   FileDesc:   殼層輕型公用程式程式庫
   FileVer:    10.0.14393.0
   ProdVer:    10.0.14393.0

Module 65
C:\Windows\System32\CRYPT32.dll
Image Base: 0x75030000  Image Size: 0x0017d000
File Size:  1556712     File Time:  2016-12-16_034720
Version:
   Company:    Microsoft Corporation
   Product:    MicrosoftR WindowsR Operating System
   FileDesc:   Crypto API32
   FileVer:    10.0.14393.351
   ProdVer:    10.0.14393.351

Module 66
C:\Windows\System32\sechost.dll
Image Base: 0x751b0000  Image Size: 0x00041000
File Size:  255168      File Time:  2016-07-16_194250
Version:
   Company:    Microsoft Corporation
   Product:    MicrosoftR WindowsR Operating System
   FileDesc:   Host for SCM/SDDL/LSA Lookup APIs
   FileVer:    10.0.14393.0
   ProdVer:    10.0.14393.0

Module 67
C:\Windows\System32\SHELL32.dll
Image Base: 0x752f0000  Image Size: 0x013d9000
File Size:  20969928    File Time:  2017-03-04_144726
Version:
   Company:    Microsoft Corporation
   Product:    MicrosoftR WindowsR Operating System
   FileDesc:   Windows 殼層通用 Dll
   FileVer:    10.0.14393.953
   ProdVer:    10.0.14393.953

Module 68
C:\Windows\System32\ucrtbase.dll
Image Base: 0x766d0000  Image Size: 0x000e0000
File Size:  918304      File Time:  2016-07-16_194256
Version:
   Company:    Microsoft Corporation
   Product:    MicrosoftR WindowsR Operating System
   FileDesc:   MicrosoftR C Runtime Library
   FileVer:    10.0.14393.0
   ProdVer:    10.0.14393.0

Module 69
C:\Windows\System32\clbcatq.dll
Image Base: 0x767b0000  Image Size: 0x00084000
File Size:  528360      File Time:  2016-07-16_194248
Version:
   Company:    Microsoft Corporation
   Product:    MicrosoftR WindowsR Operating System
   FileDesc:   COM+ Configuration Catalog
   FileVer:    2001.12.10941.16384
   ProdVer:    10.0.14393.0

Module 70
C:\Windows\System32\WS2_32.dll
Image Base: 0x769b0000  Image Size: 0x00063000
File Size:  402352      File Time:  2016-12-16_034016
Version:
   Company:    Microsoft Corporation
   Product:    MicrosoftR WindowsR Operating System
   FileDesc:   Windows Socket 2.0 32 位元 DLL
   FileVer:    10.0.14393.206
   ProdVer:    10.0.14393.206

Module 71
C:\Windows\System32\KERNELBASE.dll
Image Base: 0x76b20000  Image Size: 0x001a1000
File Size:  1706488     File Time:  2017-03-04_150638
Version:
   Company:    Microsoft Corporation
   Product:    MicrosoftR WindowsR Operating System
   FileDesc:   Windows NT BASE API 用戶端 DLL
   FileVer:    10.0.14393.953
   ProdVer:    10.0.14393.953

Module 72
C:\Windows\System32\kernel.appcore.dll
Image Base: 0x76cd0000  Image Size: 0x0000d000
File Size:  43416       File Time:  2016-07-16_194256
Version:
   Company:    Microsoft Corporation
   Product:    MicrosoftR WindowsR Operating System
   FileDesc:   AppModel API Host
   FileVer:    10.0.14393.0
   ProdVer:    10.0.14393.0

Module 73
C:\Windows\System32\shcore.dll
Image Base: 0x76ce0000  Image Size: 0x00088000
File Size:  549088      File Time:  2017-03-04_145300
Version:
   Company:    Microsoft Corporation
   Product:    MicrosoftR WindowsR Operating System
   FileDesc:   SHCORE
   FileVer:    10.0.14393.953
   ProdVer:    10.0.14393.953

Module 74
C:\Windows\System32\MSASN1.dll
Image Base: 0x76d70000  Image Size: 0x0000e000
File Size:  49080       File Time:  2016-07-16_194256
Version:
   Company:    Microsoft Corporation
   Product:    MicrosoftR WindowsR Operating System
   FileDesc:   ASN.1 Runtime APIs
   FileVer:    10.0.14393.0
   ProdVer:    10.0.14393.0

Module 75
C:\Windows\System32\powrprof.dll
Image Base: 0x76d80000  Image Size: 0x00045000
File Size:  275832      File Time:  2016-07-16_194256
Version:
   Company:    Microsoft Corporation
   Product:    MicrosoftR WindowsR Operating System
   FileDesc:   電源設定檔協助程式 DLL
   FileVer:    10.0.14393.0
   ProdVer:    10.0.14393.0

Module 76
C:\Windows\System32\KERNEL32.DLL
Image Base: 0x76dd0000  Image Size: 0x000e0000
File Size:  616048      File Time:  2016-07-16_194246
Version:
   Company:    Microsoft Corporation
   Product:    MicrosoftR WindowsR Operating System
   FileDesc:   Windows NT BASE API 用戶端 DLL
   FileVer:    10.0.14393.0
   ProdVer:    10.0.14393.0

Module 77
C:\Windows\System32\GDI32.dll
Image Base: 0x76eb0000  Image Size: 0x0002b000
File Size:  170960      File Time:  2016-12-16_034008
Version:
   Company:    Microsoft Corporation
   Product:    MicrosoftR WindowsR Operating System
   FileDesc:   GDI Client DLL
   FileVer:    10.0.14393.206
   ProdVer:    10.0.14393.206

Module 78
C:\Windows\SYSTEM32\ntdll.dll
Image Base: 0x76ee0000  Image Size: 0x00183000
File Size:  1572768     File Time:  2016-11-11_160000
Version:
   Company:    Microsoft Corporation
   Product:    MicrosoftR WindowsR Operating System
   FileDesc:   NT 階層 DLL
   FileVer:    10.0.14393.479
   ProdVer:    10.0.14393.479


== [end of error.log] ==
