Unity Player [version: Unity 5.6.0f3_497a0f351392]

d3d11.dll caused an Access Violation (0xc0000005)
  in module d3d11.dll at 0023:6e30c7ba.

Error occurred at 2017-04-07_141700.
C:\Users\williamd\Documents\robot-sim\Scene_Test000.exe, run by williamd.
82% memory in use.
0 MB physical memory [1391 MB free].
0 MB paging file [1520 MB free].
0 MB user address space [40 MB free].
Read from location 0000009d caused an access violation.

Context:
EDI:    0xcb5c2274  ESI: 0x03f2d5d0  EAX:   0x2a8f3305
EBX:    0x00000000  ECX: 0x00000000  EDX:   0x07c10134
EIP:    0x6e30c7ba  EBP: 0x008ee238  SegCs: 0x00000023
EFlags: 0x00210206  ESP: 0x008ee22c  SegSs: 0x0000002b

Bytes at CS:EIP:
0f be 81 9d 00 00 00 81 c2 5c ff ff ff 51 52 8b 

Stack:
0x008ee22c: 00000000 03f2d5d0 2a8f3305 008ee24c .........3.*L...
0x008ee23c: 01632c19 07c10134 00000000 00000000 .,c.4...........
0x008ee24c: 008ee268 0171a048 0402a0b0 00000000 h...H.q.........
0x008ee25c: 008ee5ec 03f2d5d0 00000800 008ee29c ................
0x008ee26c: 017229d8 008ee5ec 00000000 00000000 .)r.............
0x008ee27c: 00000858 00000018 000002f4 00000000 X...............
0x008ee28c: 00000000 0002a565 00000000 00bb4540 ....e.......@E..
0x008ee29c: 008ee2dc 016129bd 000046e0 000002f4 .....)a..F......
0x008ee2ac: 00000858 00000000 000010b0 04bb4540 X...........@E..
0x008ee2bc: 00000000 00000000 043e70f8 04bb5624 .........p>.$V..
0x008ee2cc: 0000000a 00000000 00000858 00000018 ........X.......
0x008ee2dc: 008ee31c 0166e5fd 04bb4540 016119f0 ......f.@E....a.
0x008ee2ec: 016d5530 00000000 043e70e0 00000001 0Um......p>.....
0x008ee2fc: 00000000 008ee5ec 04bb2d20 021c77a8 ........ -...w..
0x008ee30c: 00000036 008ee334 014671cf 0001b998 6...4....qF.....
0x008ee31c: 008ee690 01612127 016119f0 016d5530 ....'!a...a.0Um.
0x008ee32c: 00000000 043e70e0 00000001 00000000 .....p>.........
0x008ee33c: 008ee5ec 0fe35d70 0fe35d70 0fe35d70 ....p]..p]..p]..
0x008ee34c: 0fe35d70 0fe377b0 0fe377b0 0fe377b0 p]...w...w...w..
0x008ee35c: 0fe377b0 0fe377b0 0fe377b0 01611da4 .w...w...w....a.
0x008ee36c: 00000000 00000007 01611dfd 00000858 ..........a.X...
0x008ee37c: 000002f4 04435090 0001b998 00000003 .....PC.........
0x008ee38c: 00000004 ffffffff 00000000 00000008 ................
0x008ee39c: 008ee6a0 00000000 00000008 000000c8 ................
0x008ee3ac: 00000000 00000000 000000d0 0001b8c8 ................
0x008ee3bc: 00000004 03f15290 03f15290 04569760 .....R...R..`.V.
0x008ee3cc: 04bb52e8 04bb4540 0a32a400 00000170 .R..@E....2.p...
0x008ee3dc: 00000170 07c10090 06fc7940 00000000 p.......@y......
0x008ee3ec: 3f800000 bf800000 00000000 00000000 ...?............
0x008ee3fc: 008ee51c 07c10090 00000100 008ee420 ............ ...
0x008ee40c: 6e2fe715 00000001 008ee4a4 6e2fb105 ../n........../n
0x008ee41c: 07c16bb0 0c2945b0 00000000 00000004 .k...E).........
0x008ee42c: 00000000 008ee470 07c10090 6e2fafe0 ....p........./n
0x008ee43c: 6e2fb17c 0c2945b0 00000000 00000000 |./n.E).........
0x008ee44c: 008ee400 00000001 00000000 008ee51c ................
0x008ee45c: 0c294460 00000000 07c10090 00000001 `D).............
0x008ee46c: 008ee47c 09ebe200 000000a0 000000a0 |...............
0x008ee47c: 00000000 0c294460 06fc7ce0 00000000 ....`D)..|......
0x008ee48c: 008ee4a4 6e2fe715 00000001 0c294460 ....../n....`D).
0x008ee49c: 07c10090 008ee4e0 6e2fb243 07c16bb0 ........C./n.k..
0x008ee4ac: 0c2945b0 00000000 07c10134 03f16290 .E).....4....b..
0x008ee4bc: 6e2fb25f 07c10090 00000001 6e30e700 _./n..........0n
0x008ee4cc: 00000001 00000000 09ebe200 000000a0 ................
0x008ee4dc: 2a8f35dd 008ee4fc 6e30c816 07c10090 .5.*......0n....
0x008ee4ec: 0c294460 03f16250 03f16250 07c10134 `D).Pb..Pb..4...
0x008ee4fc: 008ee534 016321aa 07c10134 03f16250 4....!c.4...Pb..
0x008ee50c: 000000f0 045697d0 008ee584 04bb4540 ......V.....@E..
0x008ee51c: 09ebe200 000000a0 000000a0 00000004 ................
0x008ee52c: 04bb5b20 00000004 008ee5a8 0163d4d2  [............c.
0x008ee53c: 008ee55c 6e30b1e4 07c16bb0 0000060c \.....0n.k......
0x008ee54c: 000000c4 00000000 6e30b1ef 2a8f3461 ..........0na4.*
0x008ee55c: 008ee594 01634619 07c10134 0000060c .....Fc.4.......
0x008ee56c: 00000000 00000000 04bb4540 03f45630 ........@E..0V..
0x008ee57c: 07c10134 00000000 ba36d5e0 b953b6da 4.........6...S.
0x008ee58c: 00000001 03000000 03000c00 00000000 ................
0x008ee59c: 02001800 00000000 00000000 00000000 ................
0x008ee5ac: 04002000 0000008b 00000000 00300000 . ............0.
0x008ee5bc: 00000000 00000000 00000000 00000000 ................
0x008ee5cc: 00000000 00000000 00000000 00000000 ................
0x008ee5dc: 00000000 0e692dc0 00000a80 00000038 .....-i.....8...
0x008ee5ec: 00000000 00000000 0002a565 00000000 ........e.......
0x008ee5fc: 1166c3c0 00000038 03f2d630 066cce20 ..f.8...0... .l.
0x008ee60c: 00000000 04bb2d20 000002f4 00000858 .... -......X...
0x008ee61c: 00000003 00000000 00000000 00000005 ................
0x008ee62c: 000011db 008ee340 00000000 00000001 ....@...........
0x008ee63c: 03000000 03000c00 00000000 00000000 ................
0x008ee64c: 00000000 00000000 00000000 00000000 ................
0x008ee65c: 00000078 0fe378b0 00000018 0000000a x....x..........
0x008ee66c: 04435090 00000858 000002f4 0000000a .PC.X...........
0x008ee67c: 0000000a 000002f4 00000000 00000858 ............X...
0x008ee68c: 00000000 008ee760 01614738 04bb2d20 ....`...8Ga. -..
0x008ee69c: 1164ce08 043e70e0 0000000a 00000003 ..d..p>.........
0x008ee6ac: 00000003 008ee6c4 00000000 008ee7bc ................
0x008ee6bc: 1166c3c0 04435040 03000300 02000000 ..f.@PC.........
0x008ee6cc: 00000000 04000000 066cc080 00000001 ..........l.....
0x008ee6dc: 066cc020 00000030 00000000 00000000  .l.0...........
0x008ee6ec: 00000000 00000000 00000000 00000000 ................
0x008ee6fc: 066cce20 066cc800 00000001 066cc7a0  .l...l.......l.
0x008ee70c: 00000030 00000000 00000000 00000000 0...............
0x008ee71c: 00000000 00000000 00000000 066cce20 ............ .l.
0x008ee72c: 1166db64 04bb2d20 00000000 1166c3c0 d.f. -........f.
0x008ee73c: 00000000 04435090 000002f4 00000003 .....PC.........
0x008ee74c: 00000000 00000003 00000858 0fe377b0 ........X....w..
0x008ee75c: 04435040 008ee790 0157e665 1164ce08 @PC.....e.W...d.
0x008ee76c: 008ee780 00000003 00000000 008ee7bc ................
0x008ee77c: 00000000 04435040 0000000a 00000001 ....@PC.........
0x008ee78c: 00000000 008ee918 01582ec0 04435040 ..........X.@PC.
0x008ee79c: 0000000a 00000003 11668d20 015942e1 ........ .f..BY.
0x008ee7ac: 00000003 00000000 11681340 04bb2d20 ........@.h. -..
0x008ee7bc: 04bb2d2c 04bb2d20 021de788 00000001 ,-.. -..........
0x008ee7cc: 00000000 00000000 00000000 00000000 ................
0x008ee7dc: 00000000 00000000 00000000 00000001 ................
0x008ee7ec: 00000000 00000000 00000000 00000001 ................
0x008ee7fc: 00000000 00000000 00000000 00000001 ................
0x008ee80c: 00000000 00000000 00000000 00000000 ................
0x008ee81c: 00000001 11681301 00000000 00000001 ......h.........
0x008ee82c: 00000000 00000000 04435040 00000001 ........@PC.....
0x008ee83c: 0000000a 00000080 11680101 008ee913 ..........h.....
0x008ee84c: 1164ce08 016af8d0 01614290 00000003 ..d...j..Ba.....
0x008ee85c: 00000000 00000003 11681311 00000000 ..........h.....
0x008ee86c: 00000000 00000000 00000000 00000000 ................
0x008ee87c: 00000000 00000000 00000000 00000000 ................
0x008ee88c: 03f22900 00000000 01794c00 00000000 .).......Ly.....
0x008ee89c: 00000000 00000000 03f49c90 00000000 ................
0x008ee8ac: 00000000 00000000 00000014 008ee7bc ................
0x008ee8bc: 04bb2d2c 00000000 1164ce08 11681218 ,-........d...h.
0x008ee8cc: 00000003 0fe33280 03f310b0 04619c70 .....2......p.a.
0x008ee8dc: 00000000 ffffffff 0fe330d0 03f310b0 .........0......
0x008ee8ec: 04619c70 00000000 ffffffff 00000000 p.a.............
0x008ee8fc: 00000000 0000001f 00000000 00000009 ................
0x008ee90c: 11681350 008ee920 04bb2d20 008ee934 P.h. ... -..4...
0x008ee91c: 01610fb1 00000fd8 116801c0 04bb2d20 ..a.......h. -..
0x008ee92c: 116801dc 008ee9a0 008ee984 0167a44f ..h.........O.g.
0x008ee93c: 00000001 01594130 008ee9a0 116801c0 ....0AY.......h.
0x008ee94c: 116801dc 116801c0 11681550 04564b64 ..h...h.P.h.dKV.
0x008ee95c: 000002c8 008ee980 0192411f 11681550 .........A..P.h.
0x008ee96c: 04626780 04bb2d20 04564b40 11681350 .gb. -..@KV.P.h.
0x008ee97c: 008ee9a0 008ee994 008ee9e4 01594ba8 .............KY.
0x008ee98c: 00000001 01594130 008ee9a0 116801c0 ....0AY.......h.
0x008ee99c: 116801dc 11681340 008ee9e4 00000001 ..h.@.h.........
0x008ee9ac: 01594aa5 1164ce08 116801c0 04bb2d20 .JY...d...h. -..
0x008ee9bc: 00000000 00000000 00000000 00000005 ................
0x008ee9cc: 116801c0 000000b2 00000001 008ee900 ..h.............
0x008ee9dc: 000000b2 00000001 008ee9f8 01594ccd .............LY.
0x008ee9ec: 04564b40 04564b40 064f31a0 008f6b08 @KV.@KV..1O..k..
0x008ee9fc: 0153a76c 1164ce00 008ff098 00000000 l.S...d.........
0x008eea0c: 04564b40 008fec50 00000005 1164ce00 @KV.P.........d.
0x008eea1c: 00000000 00000001 00000000 00000000 ................
0x008eea2c: 00000001 021dde64 44b34000 44320000 ....d....@.D..2D
0x008eea3c: 00000000 00000000 0000059a 000002c8 ................
0x008eea4c: 04564b44 008eeaf4 0153b24a 04564b40 DKV.....J.S.@KV.
0x008eea5c: 008eea68 00000004 00000012 bf800000 h...............
0x008eea6c: 00000000 00000000 00000000 00000000 ................
0x008eea7c: 3f800000 00000000 00000000 00000000 ...?............
0x008eea8c: 00000000 3f800000 00000000 3d64ab99 .......?......d=
0x008eea9c: bf09c6be 4267c735 3f800000 3f5c280d ....5.gB...?.(\?
0x008eeaac: 00000000 00000000 00000000 00000000 ................
0x008eeabc: 3fddb3d7 00000000 04564b40 008eeb10 ...?....@KV.....
0x008eeacc: 008eeadc 01a72552 00000000 00000001 ....R%..........
0x008eeadc: 008eeb00 04564b40 008eeb10 008eeaf8 ....@KV.........
0x008eeaec: 01a72552 00000000 00000001 008f6b40 R%..........@k..
0x008eeafc: 0155ac18 00000000 00000001 064f31a0 ..U..........1O.
0x008eeb0c: 0159113b 00000000 00000001 00000000 ;.Y.............
0x008eeb1c: 00000000 00000001 021dde64 00000000 ........d.......
0x008eeb2c: 00000000 00000000 00000000 00000000 ................
0x008eeb3c: 00000000 00000000 00000000 00000000 ................
0x008eeb4c: 00000000 00000000 00000000 00000000 ................
0x008eeb5c: 00000000 00000000 00000000 00000000 ................
0x008eeb6c: 00000000 00000000 00000000 00000000 ................
0x008eeb7c: 00000000 00000000 00000000 00000000 ................
0x008eeb8c: 00000000 00000000 00000000 00000000 ................
0x008eeb9c: 00000000 00000000 00000000 00000000 ................
0x008eebac: 00000000 00000000 00000000 00000000 ................
0x008eebbc: 00000000 00000000 00000000 00000000 ................
0x008eebcc: 00000000 00000000 00000000 00000000 ................
0x008eebdc: 00000000 00000000 00000000 00000000 ................
0x008eebec: 00000000 00000000 00000000 00000000 ................
0x008eebfc: 00000000 00000000 00000000 00000000 ................
0x008eec0c: 00000000 00000000 00000000 00000000 ................
0x008eec1c: 00000000 00000000 00000000 00000000 ................
0x008eec2c: 00000000 00000000 00000000 00000000 ................
0x008eec3c: 00000000 00000000 00000000 00000000 ................
0x008eec4c: 00000000 00000000 00000000 00000000 ................
0x008eec5c: 00000000 00000000 00000000 00000000 ................
0x008eec6c: 00000000 00000000 00000000 00000000 ................
0x008eec7c: 00000000 00000000 00000000 00000000 ................
0x008eec8c: 00000000 00000000 00000000 00000000 ................
0x008eec9c: 00000000 00000000 00000000 00000000 ................
0x008eecac: 00000000 00000000 00000000 00000000 ................
0x008eecbc: 00000000 00000000 00000000 00000000 ................
0x008eeccc: 00000000 00000000 00000000 00000000 ................
0x008eecdc: 00000000 00000000 00000000 00000000 ................
0x008eecec: 00000000 00000000 00000000 00000000 ................
0x008eecfc: 00000000 00000000 00000000 00000000 ................
0x008eed0c: 00000000 00000000 00000000 00000000 ................
0x008eed1c: 00000000 00000000 00000000 00000000 ................
0x008eed2c: 00000000 00000000 00000000 00000000 ................
0x008eed3c: 00000000 00000000 00000000 00000000 ................
0x008eed4c: 00000000 00000000 00000000 00000000 ................
0x008eed5c: 00000000 00000000 00000000 00000000 ................
0x008eed6c: 00000000 00000000 00000000 00000000 ................
0x008eed7c: 00000000 00000000 00000000 00000000 ................
0x008eed8c: 00000000 00000000 00000000 00000000 ................
0x008eed9c: 00000000 00000000 00000000 00000000 ................
0x008eedac: 00000000 00000000 00000000 00000000 ................
0x008eedbc: 00000000 00000000 00000000 00000000 ................
0x008eedcc: 00000000 00000000 00000000 00000000 ................
0x008eeddc: 00000000 00000000 00000000 00000000 ................
0x008eedec: 00000000 00000000 00000000 00000000 ................
0x008eedfc: 00000000 00000000 00000000 00000000 ................
0x008eee0c: 00000000 00000000 00000000 00000000 ................
0x008eee1c: 00000000 00000000 00000000 00000000 ................
0x008eee2c: 00000000 00000000 00000000 00000000 ................
0x008eee3c: 00000000 00000000 00000000 00000000 ................
0x008eee4c: 00000000 00000000 00000000 00000000 ................
0x008eee5c: 00000000 00000000 00000000 00000000 ................
0x008eee6c: 00000000 00000000 00000000 00000000 ................
0x008eee7c: 00000000 00000000 00000000 00000000 ................
0x008eee8c: 00000000 00000000 00000000 00000000 ................
0x008eee9c: 00000000 00000000 00000000 00000000 ................
0x008eeeac: 00000000 00000000 00000000 00000000 ................
0x008eeebc: 00000000 00000000 00000000 00000000 ................
0x008eeecc: 00000000 00000000 00000000 00000000 ................
0x008eeedc: 00000000 00000000 00000000 00000000 ................
0x008eeeec: 00000000 00000000 00000000 00000000 ................
0x008eeefc: 00000000 00000000 00000000 00000000 ................
0x008eef0c: 00000000 00000000 00000000 00000000 ................
0x008eef1c: 00000000 00000000 00000000 00000000 ................
0x008eef2c: 00000000 00000000 00000000 00000000 ................
0x008eef3c: 00000000 00000000 00000000 00000000 ................
0x008eef4c: 00000000 00000000 00000000 00000000 ................
0x008eef5c: 00000000 00000000 00000000 00000000 ................
0x008eef6c: 00000000 00000000 00000000 00000000 ................
0x008eef7c: 00000000 00000000 00000000 00000000 ................
0x008eef8c: 00000000 00000000 00000000 00000000 ................
0x008eef9c: 00000000 00000000 00000000 00000000 ................
0x008eefac: 00000000 00000000 00000000 00000000 ................
0x008eefbc: 00000000 00000000 00000000 00000000 ................
0x008eefcc: 00000000 00000000 00000000 00000000 ................
0x008eefdc: 00000000 00000000 00000000 00000000 ................
0x008eefec: 00000000 00000000 00000000 00000000 ................
0x008eeffc: 00000000 00000000 00000000 00000000 ................
0x008ef00c: 00000000 00000000 00000000 00000000 ................
0x008ef01c: 00000000 00000000 00000000 00000000 ................
0x008ef02c: 00000000 00000000 00000000 00000000 ................
0x008ef03c: 00000000 00000000 00000000 00000000 ................
0x008ef04c: 00000000 00000000 00000000 00000000 ................
0x008ef05c: 00000000 00000000 00000000 00000000 ................
0x008ef06c: 00000000 00000000 00000000 00000000 ................
0x008ef07c: 00000000 00000000 00000000 00000000 ................
0x008ef08c: 00000000 00000000 00000000 00000000 ................
0x008ef09c: 00000000 00000000 00000000 00000000 ................
0x008ef0ac: 00000000 00000000 00000000 00000000 ................
0x008ef0bc: 00000000 00000000 00000000 00000000 ................
0x008ef0cc: 00000000 00000000 00000000 00000000 ................
0x008ef0dc: 00000000 00000000 00000000 00000000 ................
0x008ef0ec: 00000000 00000000 00000000 00000000 ................
0x008ef0fc: 00000000 00000000 00000000 00000000 ................
0x008ef10c: 00000000 00000000 00000000 00000000 ................
0x008ef11c: 00000000 00000000 00000000 00000000 ................
0x008ef12c: 00000000 00000000 00000000 00000000 ................
0x008ef13c: 00000000 00000000 00000000 00000000 ................
0x008ef14c: 00000000 00000000 00000000 00000000 ................
0x008ef15c: 00000000 00000000 00000000 00000000 ................
0x008ef16c: 00000000 00000000 00000000 00000000 ................
0x008ef17c: 00000000 00000000 00000000 00000000 ................
0x008ef18c: 00000000 00000000 00000000 00000000 ................
0x008ef19c: 00000000 00000000 00000000 00000000 ................
0x008ef1ac: 00000000 00000000 00000000 00000000 ................
0x008ef1bc: 00000000 00000000 00000000 00000000 ................
0x008ef1cc: 00000000 00000000 00000000 00000000 ................
0x008ef1dc: 00000000 00000000 00000000 00000000 ................
0x008ef1ec: 00000000 00000000 00000000 00000000 ................
0x008ef1fc: 00000000 00000000 00000000 00000000 ................
0x008ef20c: 00000000 00000000 00000000 00000000 ................
0x008ef21c: 00000000 00000000 00000000 00000000 ................
0x008ef22c: 00000000 00000000 00000000 00000000 ................
0x008ef23c: 00000000 00000000 00000000 00000000 ................
0x008ef24c: 00000000 00000000 00000000 00000000 ................
0x008ef25c: 00000000 00000000 00000000 00000000 ................
0x008ef26c: 00000000 00000000 00000000 00000000 ................
0x008ef27c: 00000000 00000000 00000000 00000000 ................
0x008ef28c: 00000000 00000000 00000000 00000000 ................
0x008ef29c: 00000000 00000000 00000000 00000000 ................
0x008ef2ac: 00000000 00000000 00000000 00000000 ................
0x008ef2bc: 00000000 00000000 00000000 00000000 ................
0x008ef2cc: 00000000 00000000 00000000 00000000 ................
0x008ef2dc: 00000000 00000000 00000000 00000000 ................
0x008ef2ec: 00000000 00000000 00000000 00000000 ................
0x008ef2fc: 00000000 00000000 00000000 00000000 ................
0x008ef30c: 00000000 00000000 00000000 00000000 ................
0x008ef31c: 00000000 00000000 00000000 00000000 ................
0x008ef32c: 00000000 00000000 00000000 00000000 ................
0x008ef33c: 00000000 00000000 00000000 00000000 ................
0x008ef34c: 00000000 00000000 00000000 00000000 ................
0x008ef35c: 00000000 00000000 00000000 00000000 ................
0x008ef36c: 00000000 00000000 00000000 00000000 ................
0x008ef37c: 00000000 00000000 00000000 00000000 ................
0x008ef38c: 00000000 00000000 00000000 00000000 ................
0x008ef39c: 00000000 00000000 00000000 00000000 ................
0x008ef3ac: 00000000 00000000 00000000 00000000 ................
0x008ef3bc: 00000000 00000000 00000000 00000000 ................
0x008ef3cc: 00000000 00000000 00000000 00000000 ................
0x008ef3dc: 00000000 00000000 00000000 00000000 ................
0x008ef3ec: 00000000 00000000 00000000 00000000 ................
0x008ef3fc: 00000000 00000000 00000000 00000000 ................
0x008ef40c: 00000000 00000000 00000000 00000000 ................
0x008ef41c: 00000000 00000000 00000000 00000000 ................
0x008ef42c: 00000000 00000000 00000000 00000000 ................
0x008ef43c: 00000000 00000000 00000000 00000000 ................
0x008ef44c: 00000000 00000000 00000000 00000000 ................
0x008ef45c: 00000000 00000000 00000000 00000000 ................
0x008ef46c: 00000000 00000000 00000000 00000000 ................
0x008ef47c: 00000000 00000000 00000000 00000000 ................
0x008ef48c: 00000000 00000000 00000000 00000000 ................
0x008ef49c: 00000000 00000000 00000000 00000000 ................
0x008ef4ac: 00000000 00000000 00000000 00000000 ................
0x008ef4bc: 00000000 00000000 00000000 00000000 ................
0x008ef4cc: 00000000 00000000 00000000 00000000 ................
0x008ef4dc: 00000000 00000000 00000000 00000000 ................
0x008ef4ec: 00000000 00000000 00000000 00000000 ................
0x008ef4fc: 00000000 00000000 00000000 00000000 ................
0x008ef50c: 00000000 00000000 00000000 00000000 ................
0x008ef51c: 00000000 00000000 00000000 00000000 ................
0x008ef52c: 00000000 00000000 00000000 00000000 ................
0x008ef53c: 00000000 00000000 00000000 00000000 ................
0x008ef54c: 00000000 00000000 00000000 00000000 ................
0x008ef55c: 00000000 00000000 00000000 00000000 ................
0x008ef56c: 00000000 00000000 00000000 00000000 ................
0x008ef57c: 00000000 00000000 00000000 00000000 ................
0x008ef58c: 00000000 00000000 00000000 00000000 ................
0x008ef59c: 00000000 00000000 00000000 00000000 ................
0x008ef5ac: 00000000 00000000 00000000 00000000 ................
0x008ef5bc: 00000000 00000000 00000000 00000000 ................
0x008ef5cc: 00000000 00000000 00000000 00000000 ................
0x008ef5dc: 00000000 00000000 00000000 00000000 ................
0x008ef5ec: 00000000 00000000 00000000 00000000 ................
0x008ef5fc: 00000000 00000000 00000000 00000000 ................
0x008ef60c: 00000000 00000000 00000000 00000000 ................
0x008ef61c: 00000000 00000000 00000000 00000000 ................
0x008ef62c: 00000000 00000000 00000000 00000000 ................
0x008ef63c: 00000000 00000000 00000000 00000000 ................
0x008ef64c: 00000000 00000000 00000000 00000000 ................
0x008ef65c: 00000000 00000000 00000000 00000000 ................
0x008ef66c: 00000000 00000000 00000000 00000000 ................
0x008ef67c: 00000000 00000000 00000000 00000000 ................
0x008ef68c: 00000000 00000000 00000000 00000000 ................
0x008ef69c: 00000000 00000000 00000000 00000000 ................
0x008ef6ac: 00000000 00000000 00000000 00000000 ................
0x008ef6bc: 00000000 00000000 00000000 00000000 ................
0x008ef6cc: 00000000 00000000 00000000 00000000 ................
0x008ef6dc: 00000000 00000000 00000000 00000000 ................
0x008ef6ec: 00000000 00000000 00000000 00000000 ................
0x008ef6fc: 00000000 00000000 00000000 00000000 ................
0x008ef70c: 00000000 00000000 00000000 00000000 ................
0x008ef71c: 00000000 00000000 00000000 00000000 ................
0x008ef72c: 00000000 00000000 00000000 00000000 ................
0x008ef73c: 00000000 00000000 00000000 00000000 ................
0x008ef74c: 00000000 00000000 00000000 00000000 ................
0x008ef75c: 00000000 00000000 00000000 00000000 ................
0x008ef76c: 00000000 00000000 00000000 00000000 ................
0x008ef77c: 00000000 00000000 00000000 00000000 ................
0x008ef78c: 00000000 00000000 00000000 00000000 ................
0x008ef79c: 00000000 00000000 00000000 00000000 ................
0x008ef7ac: 00000000 00000000 00000000 00000000 ................
0x008ef7bc: 00000000 00000000 00000000 00000000 ................
0x008ef7cc: 00000000 00000000 00000000 00000000 ................
0x008ef7dc: 00000000 00000000 00000000 00000000 ................
0x008ef7ec: 00000000 00000000 00000000 00000000 ................
0x008ef7fc: 00000000 00000000 00000000 00000000 ................
0x008ef80c: 00000000 00000000 00000000 00000000 ................
0x008ef81c: 00000000 00000000 00000000 00000000 ................
0x008ef82c: 00000000 00000000 00000000 00000000 ................
0x008ef83c: 00000000 00000000 00000000 00000000 ................
0x008ef84c: 00000000 00000000 00000000 00000000 ................
0x008ef85c: 00000000 00000000 00000000 00000000 ................
0x008ef86c: 00000000 00000000 00000000 00000000 ................
0x008ef87c: 00000000 00000000 00000000 00000000 ................
0x008ef88c: 00000000 00000000 00000000 00000000 ................
0x008ef89c: 00000000 00000000 00000000 00000000 ................
0x008ef8ac: 00000000 00000000 00000000 00000000 ................
0x008ef8bc: 00000000 00000000 00000000 00000000 ................
0x008ef8cc: 00000000 00000000 00000000 00000000 ................
0x008ef8dc: 00000000 00000000 00000000 00000000 ................
0x008ef8ec: 00000000 00000000 00000000 00000000 ................
0x008ef8fc: 00000000 00000000 00000000 00000000 ................
0x008ef90c: 00000000 00000000 00000000 00000000 ................
0x008ef91c: 00000000 00000000 00000000 00000000 ................
0x008ef92c: 00000000 00000000 00000000 00000000 ................
0x008ef93c: 00000000 00000000 00000000 00000000 ................
0x008ef94c: 00000000 00000000 00000000 00000000 ................
0x008ef95c: 00000000 00000000 00000000 00000000 ................
0x008ef96c: 00000000 00000000 00000000 00000000 ................
0x008ef97c: 00000000 00000000 00000000 00000000 ................
0x008ef98c: 00000000 00000000 00000000 00000000 ................
0x008ef99c: 00000000 00000000 00000000 00000000 ................
0x008ef9ac: 00000000 00000000 00000000 00000000 ................
0x008ef9bc: 00000000 00000000 00000000 00000000 ................
0x008ef9cc: 00000000 00000000 00000000 00000000 ................
0x008ef9dc: 00000000 00000000 00000000 00000000 ................
0x008ef9ec: 00000000 00000000 00000000 00000000 ................
0x008ef9fc: 00000000 00000000 00000000 00000000 ................
0x008efa0c: 00000000 00000000 00000000 00000000 ................
0x008efa1c: 00000000 00000000 00000000 00000000 ................
0x008efa2c: 00000000 00000000 00000000 00000000 ................
0x008efa3c: 00000000 00000000 00000000 00000000 ................
0x008efa4c: 00000000 00000000 00000000 00000000 ................
0x008efa5c: 00000000 00000000 00000000 00000000 ................
0x008efa6c: 00000000 00000000 00000000 00000000 ................
0x008efa7c: 00000000 00000000 00000000 00000000 ................
0x008efa8c: 00000000 00000000 00000000 00000000 ................
0x008efa9c: 00000000 00000000 00000000 00000000 ................
0x008efaac: 00000000 00000000 00000000 00000000 ................
0x008efabc: 00000000 00000000 00000000 00000000 ................
0x008efacc: 00000000 00000000 00000000 00000000 ................
0x008efadc: 00000000 00000000 00000000 00000000 ................
0x008efaec: 00000000 00000000 00000000 00000000 ................
0x008efafc: 00000000 00000000 00000000 00000000 ................
0x008efb0c: 00000000 00000000 00000000 00000000 ................
0x008efb1c: 00000000 00000000 00000000 00000000 ................
0x008efb2c: 00000000 00000000 00000000 00000000 ................
0x008efb3c: 00000000 00000000 00000000 00000000 ................
0x008efb4c: 00000000 00000000 00000000 00000000 ................
0x008efb5c: 00000000 00000000 00000000 00000000 ................
0x008efb6c: 00000000 00000000 00000000 00000000 ................
0x008efb7c: 00000000 00000000 00000000 00000000 ................
0x008efb8c: 00000000 00000000 00000000 00000000 ................
0x008efb9c: 00000000 00000000 00000000 00000000 ................
0x008efbac: 00000000 00000000 00000000 00000000 ................
0x008efbbc: 00000000 00000000 00000000 00000000 ................
0x008efbcc: 00000000 00000000 00000000 00000000 ................
0x008efbdc: 00000000 00000000 00000000 00000000 ................
0x008efbec: 00000000 00000000 00000000 00000000 ................
0x008efbfc: 00000000 00000000 00000000 00000000 ................
0x008efc0c: 00000000 00000000 00000000 00000000 ................
0x008efc1c: 00000000 00000000 00000000 00000000 ................
0x008efc2c: 00000000 00000000 00000000 00000000 ................
0x008efc3c: 00000000 00000000 00000000 00000000 ................
0x008efc4c: 00000000 00000000 00000000 00000000 ................
0x008efc5c: 00000000 00000000 00000000 00000000 ................
0x008efc6c: 00000000 00000000 00000000 00000000 ................
0x008efc7c: 00000000 00000000 00000000 00000000 ................
0x008efc8c: 00000000 00000000 00000000 00000000 ................
0x008efc9c: 00000000 00000000 00000000 00000000 ................
0x008efcac: 00000000 00000000 00000000 00000000 ................
0x008efcbc: 00000000 00000000 00000000 00000000 ................
0x008efccc: 00000000 00000000 00000000 00000000 ................
0x008efcdc: 00000000 00000000 00000000 00000000 ................
0x008efcec: 00000000 00000000 00000000 00000000 ................
0x008efcfc: 00000000 00000000 00000000 00000000 ................
0x008efd0c: 00000000 00000000 00000000 00000000 ................
0x008efd1c: 00000000 00000000 00000000 00000000 ................
0x008efd2c: 00000000 00000000 00000000 00000000 ................
0x008efd3c: 00000000 00000000 00000000 00000000 ................
0x008efd4c: 00000000 00000000 00000000 00000000 ................
0x008efd5c: 00000000 00000000 00000000 00000000 ................
0x008efd6c: 00000000 00000000 00000000 00000000 ................
0x008efd7c: 00000000 00000000 00000000 00000000 ................
0x008efd8c: 00000000 00000000 00000000 00000000 ................
0x008efd9c: 00000000 00000000 00000000 00000000 ................
0x008efdac: 00000000 00000000 00000000 00000000 ................
0x008efdbc: 00000000 00000000 00000000 00000000 ................
0x008efdcc: 00000000 00000000 00000000 00000000 ................
0x008efddc: 00000000 00000000 00000000 00000000 ................
0x008efdec: 00000000 00000000 00000000 00000000 ................
0x008efdfc: 00000000 00000000 00000000 00000000 ................
0x008efe0c: 00000000 00000000 00000000 00000000 ................
0x008efe1c: 00000000 00000000 00000000 00000000 ................
0x008efe2c: 00000000 00000000 00000000 00000000 ................
0x008efe3c: 00000000 00000000 00000000 00000000 ................
0x008efe4c: 00000000 00000000 00000000 00000000 ................
0x008efe5c: 00000000 00000000 00000000 00000000 ................
0x008efe6c: 00000000 00000000 00000000 00000000 ................
0x008efe7c: 00000000 00000000 00000000 00000000 ................
0x008efe8c: 00000000 00000000 00000000 00000000 ................
0x008efe9c: 00000000 00000000 00000000 00000000 ................
0x008efeac: 00000000 00000000 00000000 00000000 ................
0x008efebc: 00000000 00000000 00000000 00000000 ................
0x008efecc: 00000000 00000000 00000000 00000000 ................
0x008efedc: 00000000 00000000 00000000 00000000 ................
0x008efeec: 00000000 00000000 00000000 00000000 ................
0x008efefc: 00000000 00000000 00000000 00000000 ................
0x008eff0c: 00000000 00000000 00000000 00000000 ................
0x008eff1c: 00000000 00000000 00000000 00000000 ................
0x008eff2c: 00000000 00000000 00000000 00000000 ................
0x008eff3c: 00000000 00000000 00000000 00000000 ................
0x008eff4c: 00000000 00000000 00000000 00000000 ................
0x008eff5c: 00000000 00000000 00000000 00000000 ................
0x008eff6c: 00000000 00000000 00000000 00000000 ................
0x008eff7c: 00000000 00000000 00000000 00000000 ................
0x008eff8c: 00000000 00000000 00000000 00000000 ................
0x008eff9c: 00000000 00000000 00000000 00000000 ................
0x008effac: 00000000 00000000 00000000 00000000 ................
0x008effbc: 00000000 00000000 00000000 00000000 ................
0x008effcc: 00000000 00000000 00000000 00000000 ................
0x008effdc: 00000000 00000000 00000000 00000000 ................
0x008effec: 00000000 00000000 00000000 00000000 ................
0x008efffc: 00000000 00000000 00000000 00000000 ................
0x008f000c: 00000000 00000000 00000000 00000000 ................
0x008f001c: 00000000 00000000 00000000 00000000 ................
0x008f002c: 00000000 00000000 00000000 00000000 ................
0x008f003c: 00000000 00000000 00000000 00000000 ................
0x008f004c: 00000000 00000000 00000000 00000000 ................
0x008f005c: 00000000 00000000 00000000 00000000 ................
0x008f006c: 00000000 00000000 00000000 00000000 ................
0x008f007c: 00000000 00000000 00000000 00000000 ................
0x008f008c: 00000000 00000000 00000000 00000000 ................
0x008f009c: 00000000 00000000 00000000 00000000 ................
0x008f00ac: 00000000 00000000 00000000 00000000 ................
0x008f00bc: 00000000 00000000 00000000 00000000 ................
0x008f00cc: 00000000 00000000 00000000 00000000 ................
0x008f00dc: 00000000 00000000 00000000 00000000 ................
0x008f00ec: 00000000 00000000 00000000 00000000 ................
0x008f00fc: 00000000 00000000 00000000 00000000 ................
0x008f010c: 00000000 00000000 00000000 00000000 ................
0x008f011c: 00000000 00000000 00000000 00000000 ................
0x008f012c: 00000000 00000000 00000000 00000000 ................
0x008f013c: 00000000 00000000 00000000 00000000 ................
0x008f014c: 00000000 00000000 00000000 00000000 ................
0x008f015c: 00000000 00000000 00000000 00000000 ................
0x008f016c: 00000000 00000000 00000000 00000000 ................
0x008f017c: 00000000 00000000 00000000 00000000 ................
0x008f018c: 00000000 00000000 00000000 00000000 ................
0x008f019c: 00000000 00000000 00000000 00000000 ................
0x008f01ac: 00000000 00000000 00000000 00000000 ................
0x008f01bc: 00000000 00000000 00000000 00000000 ................
0x008f01cc: 00000000 00000000 00000000 00000000 ................
0x008f01dc: 00000000 00000000 00000000 00000000 ................
0x008f01ec: 00000000 00000000 00000000 00000000 ................
0x008f01fc: 00000000 00000000 00000000 00000000 ................
0x008f020c: 00000000 00000000 00000000 00000000 ................
0x008f021c: 00000000 00000000 00000000 00000000 ................

Module 1
C:\Users\williamd\Documents\robot-sim\Scene_Test000.exe
Image Base: 0x01390000  Image Size: 0x01219000
File Size:  18136576    File Time:  2017-03-30_152054
Version:
   Company:    
   Product:    
   FileDesc:   
   FileVer:    5.6.0.31247
   ProdVer:    5.6.0.31247

Module 2
C:\Windows\System32\DriverStore\FileRepository\nvmiwu.inf_amd64_01856dcc82b1034f\nvwgf2um.dll
Image Base: 0x067d0000  Image Size: 0x013bb000
File Size:  20939056    File Time:  2017-01-17_055134
Version:
   Company:    NVIDIA Corporation
   Product:    NVIDIA D3D10 drivers
   FileDesc:   NVIDIA D3D10 Driver, Version 376.54 
   FileVer:    21.21.13.7654
   ProdVer:    21.21.13.7654

Module 3
C:\Users\williamd\Documents\robot-sim\Scene_Test000_Data\Mono\mono.dll
Image Base: 0x10000000  Image Size: 0x00231000
File Size:  2115008     File Time:  2017-03-30_152856
Version:
   Company:    Unity Technologies
   Product:    libmono
   FileDesc:   Unity Technologies fork of mono runtime
   FileVer:    1.0.0.1
   ProdVer:    1.0.0.1

Module 4
C:\Windows\SYSTEM32\dbghelp.dll
Image Base: 0x3bca0000  Image Size: 0x00145000
File Size:  1220608     File Time:  2016-07-16_194258
Version:
   Company:    Microsoft
   Product:    MicrosoftR WindowsR Operating System
   FileDesc:   Windows Image Helper
   FileVer:    10.0.14321.1024
   ProdVer:    10.0.14321.1024

Module 5
C:\Windows\SYSTEM32\midimap.dll
Image Base: 0x54f70000  Image Size: 0x00008000
File Size:  18944       File Time:  2016-07-16_194250
Version:
   Company:    Microsoft Corporation
   Product:    MicrosoftR WindowsR Operating System
   FileDesc:   Microsoft MIDI Mapper
   FileVer:    10.0.14393.0
   ProdVer:    10.0.14393.0

Module 6
C:\Windows\SYSTEM32\msacm32.drv
Image Base: 0x54f80000  Image Size: 0x0000a000
File Size:  24576       File Time:  2016-07-16_194250
Version:
   Company:    Microsoft Corporation
   Product:    MicrosoftR WindowsR Operating System
   FileDesc:   Microsoft 音效對應表
   FileVer:    10.0.14393.0
   ProdVer:    10.0.14393.0

Module 7
C:\Windows\SYSTEM32\wdmaud.drv
Image Base: 0x54f90000  Image Size: 0x00039000
File Size:  207360      File Time:  2016-07-16_194250
Version:
   Company:    Microsoft Corporation
   Product:    MicrosoftR WindowsR Operating System
   FileDesc:   Winmm 音訊系統驅動程式
   FileVer:    10.0.14393.0
   ProdVer:    10.0.14393.0

Module 8
C:\Windows\SYSTEM32\DDRAW.dll
Image Base: 0x54fd0000  Image Size: 0x000ed000
File Size:  548352      File Time:  2017-03-04_141812
Version:
   Company:    Microsoft Corporation
   Product:    MicrosoftR WindowsR Operating System
   FileDesc:   Microsoft DirectDraw
   FileVer:    10.0.14393.953
   ProdVer:    10.0.14393.953

Module 9
C:\Windows\SYSTEM32\GLU32.dll
Image Base: 0x550c0000  Image Size: 0x00025000
File Size:  141312      File Time:  2016-07-16_194306
Version:
   Company:    Microsoft Corporation
   Product:    MicrosoftR WindowsR Operating System
   FileDesc:   OpenGL 公用程式程式庫 DLL
   FileVer:    10.0.14393.0
   ProdVer:    10.0.14393.0

Module 10
C:\Windows\SYSTEM32\OPENGL32.dll
Image Base: 0x550f0000  Image Size: 0x000e0000
File Size:  786944      File Time:  2016-07-16_194306
Version:
   Company:    Microsoft Corporation
   Product:    MicrosoftR WindowsR Operating System
   FileDesc:   OpenGL Client DLL
   FileVer:    10.0.14393.0
   ProdVer:    10.0.14393.0

Module 11
C:\Windows\SYSTEM32\DCIMAN32.dll
Image Base: 0x55570000  Image Size: 0x00007000
File Size:  11776       File Time:  2016-07-16_194250
Version:
   Company:    Microsoft Corporation
   Product:    MicrosoftR WindowsR Operating System
   FileDesc:   DCI Manager
   FileVer:    10.0.14393.0
   ProdVer:    10.0.14393.0

Module 12
C:\Windows\SYSTEM32\HID.DLL
Image Base: 0x55880000  Image Size: 0x0000a000
File Size:  25600       File Time:  2016-07-16_194250
Version:
   Company:    Microsoft Corporation
   Product:    MicrosoftR WindowsR Operating System
   FileDesc:   Hid 使用者程式庫
   FileVer:    10.0.14393.0
   ProdVer:    10.0.14393.0

Module 13
C:\Windows\system32\nvapi.dll
Image Base: 0x69390000  Image Size: 0x00386000
File Size:  3509152     File Time:  2017-01-17_055030
Version:
   Company:    NVIDIA Corporation
   Product:    NVIDIA Windows drivers
   FileDesc:   NVIDIA NVAPI Library, Version 376.54 
   FileVer:    21.21.13.7654
   ProdVer:    21.21.13.7654

Module 14
C:\Windows\system32\nvspcap.dll
Image Base: 0x69720000  Image Size: 0x00151000
File Size:  1377752     File Time:  2016-12-14_094542
Version:
   Company:    NVIDIA Corporation
   Product:    NVIDIA GeForce Experience
   FileDesc:   NVIDIA Capture Server Proxy
   FileVer:    2.11.4.125
   ProdVer:    2.11.4.125

Module 15
C:\Windows\SYSTEM32\AVRT.dll
Image Base: 0x6d360000  Image Size: 0x00009000
File Size:  29448       File Time:  2016-07-16_194250
Version:
   Company:    Microsoft Corporation
   Product:    MicrosoftR WindowsR Operating System
   FileDesc:   Multimedia Realtime Runtime
   FileVer:    10.0.14393.0
   ProdVer:    10.0.14393.0

Module 16
C:\Windows\SYSTEM32\MSACM32.dll
Image Base: 0x6d400000  Image Size: 0x00018000
File Size:  90912       File Time:  2016-07-16_194250
Version:
   Company:    Microsoft Corporation
   Product:    MicrosoftR WindowsR Operating System
   FileDesc:   Microsoft ACM 音訊篩選器
   FileVer:    10.0.14393.0
   ProdVer:    10.0.14393.0

Module 17
C:\Program Files\Nahimic\Nahimic2\UserInterface\Nahimic2DevProps.dll
Image Base: 0x6d440000  Image Size: 0x0002e000
File Size:  176312      File Time:  2016-11-23_034106
Version:
   Company:    
   Product:    
   FileDesc:   
   FileVer:    0.0.0.0
   ProdVer:    0.0.0.0

Module 18
C:\Program Files\Nahimic\Nahimic2\UserInterface\Nahimic2OSD.dll
Image Base: 0x6d470000  Image Size: 0x00042000
File Size:  250552      File Time:  2016-11-23_033910
Version:
   Company:    
   Product:    
   FileDesc:   
   FileVer:    0.0.0.0
   ProdVer:    0.0.0.0

Module 19
C:\Windows\SYSTEM32\wintypes.dll
Image Base: 0x6d4c0000  Image Size: 0x000cf000
File Size:  846560      File Time:  2017-03-04_145046
Version:
   Company:    Microsoft Corporation
   Product:    MicrosoftR WindowsR Operating System
   FileDesc:   Windows 基底類型 DLL
   FileVer:    10.0.14393.953
   ProdVer:    10.0.14393.953

Module 20
C:\Windows\SYSTEM32\AUDIOSES.DLL
Image Base: 0x6d590000  Image Size: 0x0007b000
File Size:  484584      File Time:  2017-03-04_155742
Version:
   Company:    Microsoft Corporation
   Product:    MicrosoftR WindowsR Operating System
   FileDesc:   音訊工作階段
   FileVer:    10.0.14393.953
   ProdVer:    10.0.14393.953

Module 21
C:\Windows\System32\MMDevApi.dll
Image Base: 0x6d610000  Image Size: 0x00058000
File Size:  352760      File Time:  2017-03-04_144734
Version:
   Company:    Microsoft Corporation
   Product:    MicrosoftR WindowsR Operating System
   FileDesc:   MMDevice API
   FileVer:    10.0.14393.953
   ProdVer:    10.0.14393.953

Module 22
C:\Windows\SYSTEM32\ksuser.dll
Image Base: 0x6d8f0000  Image Size: 0x00007000
File Size:  20672       File Time:  2016-07-16_194250
Version:
   Company:    Microsoft Corporation
   Product:    MicrosoftR WindowsR Operating System
   FileDesc:   User CSA Library
   FileVer:    10.0.14393.0
   ProdVer:    10.0.14393.0

Module 23
C:\Windows\SYSTEM32\d3d11.dll
Image Base: 0x6e1b0000  Image Size: 0x00230000
File Size:  2277288     File Time:  2017-03-04_145414
Version:
   Company:    Microsoft Corporation
   Product:    MicrosoftR WindowsR Operating System
   FileDesc:   Direct3D 11 Runtime
   FileVer:    10.0.14393.953
   ProdVer:    10.0.14393.953

Module 24
C:\Windows\SYSTEM32\dxgi.dll
Image Base: 0x6e820000  Image Size: 0x00083000
File Size:  524776      File Time:  2017-03-04_145404
Version:
   Company:    Microsoft Corporation
   Product:    MicrosoftR WindowsR Operating System
   FileDesc:   DirectX Graphics Infrastructure
   FileVer:    10.0.14393.953
   ProdVer:    10.0.14393.953

Module 25
C:\Windows\system32\wbem\fastprox.dll
Image Base: 0x70190000  Image Size: 0x000c2000
File Size:  779776      File Time:  2016-07-16_194258
Version:
   Company:    Microsoft Corporation
   Product:    MicrosoftR WindowsR Operating System
   FileDesc:   WMI Custom Marshaller
   FileVer:    10.0.14393.0
   ProdVer:    10.0.14393.0

Module 26
C:\Windows\system32\wbem\wbemsvc.dll
Image Base: 0x70260000  Image Size: 0x00010000
File Size:  48640       File Time:  2016-07-16_194258
Version:
   Company:    Microsoft Corporation
   Product:    MicrosoftR WindowsR Operating System
   FileDesc:   WMI
   FileVer:    10.0.14393.0
   ProdVer:    10.0.14393.0

Module 27
C:\Windows\system32\wbem\wbemprox.dll
Image Base: 0x70270000  Image Size: 0x0000d000
File Size:  35328       File Time:  2016-07-16_194258
Version:
   Company:    Microsoft Corporation
   Product:    MicrosoftR WindowsR Operating System
   FileDesc:   WMI
   FileVer:    10.0.14393.0
   ProdVer:    10.0.14393.0

Module 28
C:\Windows\SYSTEM32\wbemcomn.dll
Image Base: 0x70280000  Image Size: 0x00067000
File Size:  391168      File Time:  2016-07-16_194258
Version:
   Company:    Microsoft Corporation
   Product:    MicrosoftR WindowsR Operating System
   FileDesc:   WMI
   FileVer:    10.0.14393.0
   ProdVer:    10.0.14393.0

Module 29
C:\Windows\System32\DEVOBJ.dll
Image Base: 0x70320000  Image Size: 0x00022000
File Size:  132232      File Time:  2016-07-16_194256
Version:
   Company:    Microsoft Corporation
   Product:    MicrosoftR WindowsR Operating System
   FileDesc:   Device Information Set DLL
   FileVer:    10.0.14393.0
   ProdVer:    10.0.14393.0

Module 30
C:\Windows\SYSTEM32\DNSAPI.dll
Image Base: 0x704b0000  Image Size: 0x0007d000
File Size:  497416      File Time:  2017-03-04_150934
Version:
   Company:    Microsoft Corporation
   Product:    MicrosoftR WindowsR Operating System
   FileDesc:   DNS 用戶端 API DLL
   FileVer:    10.0.14393.953
   ProdVer:    10.0.14393.953

Module 31
C:\Windows\System32\PROPSYS.dll
Image Base: 0x71110000  Image Size: 0x0014f000
File Size:  1375456     File Time:  2016-07-16_194256
Version:
   Company:    Microsoft Corporation
   Product:    WindowsR Search
   FileDesc:   Microsoft 內容系統
   FileVer:    7.0.14393.0
   ProdVer:    7.0.14393.0

Module 32
C:\Windows\SYSTEM32\ntmarta.dll
Image Base: 0x725a0000  Image Size: 0x00028000
File Size:  154432      File Time:  2016-07-16_194256
Version:
   Company:    Microsoft Corporation
   Product:    MicrosoftR WindowsR Operating System
   FileDesc:   Windows NT MARTA 提供者
   FileVer:    10.0.14393.0
   ProdVer:    10.0.14393.0

Module 33
C:\Windows\system32\dwmapi.dll
Image Base: 0x725d0000  Image Size: 0x0001f000
File Size:  113504      File Time:  2016-12-16_034004
Version:
   Company:    Microsoft Corporation
   Product:    MicrosoftR WindowsR Operating System
   FileDesc:   Microsoft 桌面視窗管理員 API
   FileVer:    10.0.14393.206
   ProdVer:    10.0.14393.206

Module 34
C:\Windows\system32\uxtheme.dll
Image Base: 0x725f0000  Image Size: 0x00075000
File Size:  457728      File Time:  2016-07-16_194306
Version:
   Company:    Microsoft Corporation
   Product:    MicrosoftR WindowsR Operating System
   FileDesc:   Microsoft UxTheme 程式庫
   FileVer:    10.0.14393.0
   ProdVer:    10.0.14393.0

Module 35
C:\Windows\SYSTEM32\VERSION.dll
Image Base: 0x72e60000  Image Size: 0x00008000
File Size:  27360       File Time:  2016-07-16_194306
Version:
   Company:    Microsoft Corporation
   Product:    MicrosoftR WindowsR Operating System
   FileDesc:   Version Checking and File Installation Libraries
   FileVer:    10.0.14393.0
   ProdVer:    10.0.14393.0

Module 36
C:\Windows\SYSTEM32\WINMMBASE.dll
Image Base: 0x72e70000  Image Size: 0x00023000
File Size:  131208      File Time:  2016-07-16_194250
Version:
   Company:    Microsoft Corporation
   Product:    MicrosoftR WindowsR Operating System
   FileDesc:   Base Multimedia Extension API DLL
   FileVer:    10.0.14393.0
   ProdVer:    10.0.14393.0

Module 37
C:\Windows\SYSTEM32\WINMM.dll
Image Base: 0x72fd0000  Image Size: 0x00024000
File Size:  135376      File Time:  2016-07-16_194250
Version:
   Company:    Microsoft Corporation
   Product:    MicrosoftR WindowsR Operating System
   FileDesc:   MCI 應用程式介面動態連結程式庫
   FileVer:    10.0.14393.0
   ProdVer:    10.0.14393.0

Module 38
C:\Windows\SYSTEM32\MSWSOCK.dll
Image Base: 0x73000000  Image Size: 0x0004e000
File Size:  306016      File Time:  2016-07-16_194256
Version:
   Company:    Microsoft Corporation
   Product:    MicrosoftR WindowsR Operating System
   FileDesc:   Microsoft Windows Sockets 2.0 服務提供者
   FileVer:    10.0.14393.0
   ProdVer:    10.0.14393.0

Module 39
C:\Windows\SYSTEM32\bcrypt.dll
Image Base: 0x733d0000  Image Size: 0x0001b000
File Size:  106896      File Time:  2016-12-09_180100
Version:
   Company:    Microsoft Corporation
   Product:    MicrosoftR WindowsR Operating System
   FileDesc:   Windows 密碼編譯基本程式庫
   FileVer:    10.0.14393.576
   ProdVer:    10.0.14393.576

Module 40
C:\Windows\SYSTEM32\WINHTTP.dll
Image Base: 0x73470000  Image Size: 0x000a0000
File Size:  636928      File Time:  2017-03-04_141630
Version:
   Company:    Microsoft Corporation
   Product:    MicrosoftR WindowsR Operating System
   FileDesc:   Windows HTTP 服務
   FileVer:    10.0.14393.953
   ProdVer:    10.0.14393.953

Module 41
C:\Windows\SYSTEM32\IPHLPAPI.DLL
Image Base: 0x73900000  Image Size: 0x0002f000
File Size:  184416      File Time:  2017-03-04_150254
Version:
   Company:    Microsoft Corporation
   Product:    MicrosoftR WindowsR Operating System
   FileDesc:   IP 協助程式 API
   FileVer:    10.0.14393.953
   ProdVer:    10.0.14393.953

Module 42
C:\Windows\System32\CRYPTBASE.dll
Image Base: 0x73990000  Image Size: 0x0000a000
File Size:  31528       File Time:  2016-07-16_194250
Version:
   Company:    Microsoft Corporation
   Product:    MicrosoftR WindowsR Operating System
   FileDesc:   Base cryptographic API DLL
   FileVer:    10.0.14393.0
   ProdVer:    10.0.14393.0

Module 43
C:\Windows\System32\SspiCli.dll
Image Base: 0x739a0000  Image Size: 0x0001e000
File Size:  117240      File Time:  2016-12-09_175110
Version:
   Company:    Microsoft Corporation
   Product:    MicrosoftR WindowsR Operating System
   FileDesc:   Security Support Provider Interface
   FileVer:    10.0.14393.576
   ProdVer:    10.0.14393.576

Module 44
C:\Windows\System32\PSAPI.DLL
Image Base: 0x739c0000  Image Size: 0x00006000
File Size:  17048       File Time:  2016-07-16_194246
Version:
   Company:    Microsoft Corporation
   Product:    MicrosoftR WindowsR Operating System
   FileDesc:   Process Status Helper
   FileVer:    10.0.14393.0
   ProdVer:    10.0.14393.0

Module 45
C:\Windows\System32\windows.storage.dll
Image Base: 0x739d0000  Image Size: 0x0056e000
File Size:  5722320     File Time:  2017-03-04_145320
Version:
   Company:    Microsoft Corporation
   Product:    MicrosoftR WindowsR Operating System
   FileDesc:   Microsoft WinRT 儲存 API
   FileVer:    10.0.14393.953
   ProdVer:    10.0.14393.953

Module 46
C:\Windows\System32\combase.dll
Image Base: 0x73f40000  Image Size: 0x00211000
File Size:  2166752     File Time:  2016-12-09_175926
Version:
   Company:    Microsoft Corporation
   Product:    MicrosoftR WindowsR Operating System
   FileDesc:   用於 Windows 的 Microsoft COM
   FileVer:    10.0.14393.576
   ProdVer:    10.0.14393.576

Module 47
C:\Windows\System32\cfgmgr32.dll
Image Base: 0x74160000  Image Size: 0x00036000
File Size:  213848      File Time:  2016-07-16_194256
Version:
   Company:    Microsoft Corporation
   Product:    MicrosoftR WindowsR Operating System
   FileDesc:   Configuration Manager DLL
   FileVer:    10.0.14393.0
   ProdVer:    10.0.14393.0

Module 48
C:\Windows\System32\ole32.dll
Image Base: 0x741a0000  Image Size: 0x000ea000
File Size:  959112      File Time:  2016-12-09_175616
Version:
   Company:    Microsoft Corporation
   Product:    MicrosoftR WindowsR Operating System
   FileDesc:   用於 Windows 的 Microsoft OLE
   FileVer:    10.0.14393.576
   ProdVer:    10.0.14393.576

Module 49
C:\Windows\System32\USER32.dll
Image Base: 0x74290000  Image Size: 0x0015f000
File Size:  1435896     File Time:  2016-12-09_175222
Version:
   Company:    Microsoft Corporation
   Product:    MicrosoftR WindowsR Operating System
   FileDesc:   多使用者 Windows USER API 用戶端 DLL
   FileVer:    10.0.14393.576
   ProdVer:    10.0.14393.576

Module 50
C:\Windows\System32\gdi32full.dll
Image Base: 0x743f0000  Image Size: 0x0015b000
File Size:  1415240     File Time:  2017-03-04_144240
Version:
   Company:    Microsoft Corporation
   Product:    MicrosoftR WindowsR Operating System
   FileDesc:   GDI Client DLL
   FileVer:    10.0.14393.953
   ProdVer:    10.0.14393.953

Module 51
C:\Windows\System32\SETUPAPI.dll
Image Base: 0x745b0000  Image Size: 0x0040b000
File Size:  4268368     File Time:  2016-07-16_194246
Version:
   Company:    Microsoft Corporation
   Product:    MicrosoftR WindowsR Operating System
   FileDesc:   Windows 安裝程式 API
   FileVer:    10.0.14393.0
   ProdVer:    10.0.14393.0

Module 52
C:\Windows\System32\win32u.dll
Image Base: 0x749c0000  Image Size: 0x00015000
File Size:  79536       File Time:  2016-12-16_034004
Version:
   Company:    Microsoft Corporation
   Product:    MicrosoftR WindowsR Operating System
   FileDesc:   Win32u
   FileVer:    10.0.14393.51
   ProdVer:    10.0.14393.51

Module 53
C:\Windows\System32\bcryptPrimitives.dll
Image Base: 0x749e0000  Image Size: 0x0005a000
File Size:  367208      File Time:  2016-07-16_194228
Version:
   Company:    Microsoft Corporation
   Product:    MicrosoftR WindowsR Operating System
   FileDesc:   Windows Cryptographic Primitives Library
   FileVer:    10.0.14393.0
   ProdVer:    10.0.14393.0

Module 54
C:\Windows\System32\msvcp_win.dll
Image Base: 0x74a40000  Image Size: 0x0007b000
File Size:  498408      File Time:  2016-07-16_194256
Version:
   Company:    Microsoft Corporation
   Product:    MicrosoftR WindowsR Operating System
   FileDesc:   MicrosoftR C Runtime Library
   FileVer:    10.0.14393.0
   ProdVer:    10.0.14393.0

Module 55
C:\Windows\System32\msvcrt.dll
Image Base: 0x74ac0000  Image Size: 0x000be000
File Size:  773168      File Time:  2016-07-16_194250
Version:
   Company:    Microsoft Corporation
   Product:    MicrosoftR WindowsR Operating System
   FileDesc:   Windows NT CRT DLL
   FileVer:    7.0.14393.0
   ProdVer:    10.0.14393.0

Module 56
C:\Windows\System32\MSCTF.dll
Image Base: 0x74b80000  Image Size: 0x00135000
File Size:  1260784     File Time:  2017-03-04_144230
Version:
   Company:    Microsoft Corporation
   Product:    MicrosoftR WindowsR Operating System
   FileDesc:   MSCTF 伺服器 DLL
   FileVer:    10.0.14393.953
   ProdVer:    10.0.14393.953

Module 57
C:\Windows\System32\IMM32.dll
Image Base: 0x74d20000  Image Size: 0x00025000
File Size:  144632      File Time:  2016-07-16_194250
Version:
   Company:    Microsoft Corporation
   Product:    MicrosoftR WindowsR Operating System
   FileDesc:   Multi-User Windows IMM32 API Client DLL
   FileVer:    10.0.14393.0
   ProdVer:    10.0.14393.0

Module 58
C:\Windows\System32\OLEAUT32.dll
Image Base: 0x74d50000  Image Size: 0x00094000
File Size:  601712      File Time:  2016-12-16_035446
Version:
   Company:    Microsoft Corporation
   Product:    MicrosoftR WindowsR Operating System
   FileDesc:   OLEAUT32.DLL
   FileVer:    10.0.14393.447
   ProdVer:    10.0.14393.447

Module 59
C:\Windows\System32\RPCRT4.dll
Image Base: 0x74df0000  Image Size: 0x000c1000
File Size:  790760      File Time:  2016-12-16_034016
Version:
   Company:    Microsoft Corporation
   Product:    MicrosoftR WindowsR Operating System
   FileDesc:   遠端程序呼叫執行階段
   FileVer:    10.0.14393.82
   ProdVer:    10.0.14393.82

Module 60
C:\Windows\System32\profapi.dll
Image Base: 0x74ed0000  Image Size: 0x0000f000
File Size:  54752       File Time:  2016-07-16_194250
Version:
   Company:    Microsoft Corporation
   Product:    MicrosoftR WindowsR Operating System
   FileDesc:   User Profile Basic API
   FileVer:    10.0.14393.0
   ProdVer:    10.0.14393.0

Module 61
C:\Windows\System32\WINTRUST.dll
Image Base: 0x74ee0000  Image Size: 0x00044000
File Size:  272720      File Time:  2017-03-04_145204
Version:
   Company:    Microsoft Corporation
   Product:    MicrosoftR WindowsR Operating System
   FileDesc:   Microsoft Trust Verification APIs
   FileVer:    10.0.14393.953
   ProdVer:    10.0.14393.953

Module 62
C:\Windows\System32\ADVAPI32.dll
Image Base: 0x74f30000  Image Size: 0x00077000
File Size:  482392      File Time:  2016-07-16_194250
Version:
   Company:    Microsoft Corporation
   Product:    MicrosoftR WindowsR Operating System
   FileDesc:   進階 Windows 32 基礎 API
   FileVer:    10.0.14393.0
   ProdVer:    10.0.14393.0

Module 63
C:\Windows\System32\NSI.dll
Image Base: 0x74fb0000  Image Size: 0x00007000
File Size:  20152       File Time:  2016-07-16_194228
Version:
   Company:    Microsoft Corporation
   Product:    MicrosoftR WindowsR Operating System
   FileDesc:   NSI User-mode interface DLL
   FileVer:    10.0.14393.0
   ProdVer:    10.0.14393.0

Module 64
C:\Windows\System32\SHLWAPI.dll
Image Base: 0x74fc0000  Image Size: 0x00046000
File Size:  284056      File Time:  2016-07-16_194304
Version:
   Company:    Microsoft Corporation
   Product:    MicrosoftR WindowsR Operating System
   FileDesc:   殼層輕型公用程式程式庫
   FileVer:    10.0.14393.0
   ProdVer:    10.0.14393.0

Module 65
C:\Windows\System32\CRYPT32.dll
Image Base: 0x75030000  Image Size: 0x0017d000
File Size:  1556712     File Time:  2016-12-16_034720
Version:
   Company:    Microsoft Corporation
   Product:    MicrosoftR WindowsR Operating System
   FileDesc:   Crypto API32
   FileVer:    10.0.14393.351
   ProdVer:    10.0.14393.351

Module 66
C:\Windows\System32\sechost.dll
Image Base: 0x751b0000  Image Size: 0x00041000
File Size:  255168      File Time:  2016-07-16_194250
Version:
   Company:    Microsoft Corporation
   Product:    MicrosoftR WindowsR Operating System
   FileDesc:   Host for SCM/SDDL/LSA Lookup APIs
   FileVer:    10.0.14393.0
   ProdVer:    10.0.14393.0

Module 67
C:\Windows\System32\SHELL32.dll
Image Base: 0x752f0000  Image Size: 0x013d9000
File Size:  20969928    File Time:  2017-03-04_144726
Version:
   Company:    Microsoft Corporation
   Product:    MicrosoftR WindowsR Operating System
   FileDesc:   Windows 殼層通用 Dll
   FileVer:    10.0.14393.953
   ProdVer:    10.0.14393.953

Module 68
C:\Windows\System32\ucrtbase.dll
Image Base: 0x766d0000  Image Size: 0x000e0000
File Size:  918304      File Time:  2016-07-16_194256
Version:
   Company:    Microsoft Corporation
   Product:    MicrosoftR WindowsR Operating System
   FileDesc:   MicrosoftR C Runtime Library
   FileVer:    10.0.14393.0
   ProdVer:    10.0.14393.0

Module 69
C:\Windows\System32\clbcatq.dll
Image Base: 0x767b0000  Image Size: 0x00084000
File Size:  528360      File Time:  2016-07-16_194248
Version:
   Company:    Microsoft Corporation
   Product:    MicrosoftR WindowsR Operating System
   FileDesc:   COM+ Configuration Catalog
   FileVer:    2001.12.10941.16384
   ProdVer:    10.0.14393.0

Module 70
C:\Windows\System32\WS2_32.dll
Image Base: 0x769b0000  Image Size: 0x00063000
File Size:  402352      File Time:  2016-12-16_034016
Version:
   Company:    Microsoft Corporation
   Product:    MicrosoftR WindowsR Operating System
   FileDesc:   Windows Socket 2.0 32 位元 DLL
   FileVer:    10.0.14393.206
   ProdVer:    10.0.14393.206

Module 71
C:\Windows\System32\KERNELBASE.dll
Image Base: 0x76b20000  Image Size: 0x001a1000
File Size:  1706488     File Time:  2017-03-04_150638
Version:
   Company:    Microsoft Corporation
   Product:    MicrosoftR WindowsR Operating System
   FileDesc:   Windows NT BASE API 用戶端 DLL
   FileVer:    10.0.14393.953
   ProdVer:    10.0.14393.953

Module 72
C:\Windows\System32\kernel.appcore.dll
Image Base: 0x76cd0000  Image Size: 0x0000d000
File Size:  43416       File Time:  2016-07-16_194256
Version:
   Company:    Microsoft Corporation
   Product:    MicrosoftR WindowsR Operating System
   FileDesc:   AppModel API Host
   FileVer:    10.0.14393.0
   ProdVer:    10.0.14393.0

Module 73
C:\Windows\System32\shcore.dll
Image Base: 0x76ce0000  Image Size: 0x00088000
File Size:  549088      File Time:  2017-03-04_145300
Version:
   Company:    Microsoft Corporation
   Product:    MicrosoftR WindowsR Operating System
   FileDesc:   SHCORE
   FileVer:    10.0.14393.953
   ProdVer:    10.0.14393.953

Module 74
C:\Windows\System32\MSASN1.dll
Image Base: 0x76d70000  Image Size: 0x0000e000
File Size:  49080       File Time:  2016-07-16_194256
Version:
   Company:    Microsoft Corporation
   Product:    MicrosoftR WindowsR Operating System
   FileDesc:   ASN.1 Runtime APIs
   FileVer:    10.0.14393.0
   ProdVer:    10.0.14393.0

Module 75
C:\Windows\System32\powrprof.dll
Image Base: 0x76d80000  Image Size: 0x00045000
File Size:  275832      File Time:  2016-07-16_194256
Version:
   Company:    Microsoft Corporation
   Product:    MicrosoftR WindowsR Operating System
   FileDesc:   電源設定檔協助程式 DLL
   FileVer:    10.0.14393.0
   ProdVer:    10.0.14393.0

Module 76
C:\Windows\System32\KERNEL32.DLL
Image Base: 0x76dd0000  Image Size: 0x000e0000
File Size:  616048      File Time:  2016-07-16_194246
Version:
   Company:    Microsoft Corporation
   Product:    MicrosoftR WindowsR Operating System
   FileDesc:   Windows NT BASE API 用戶端 DLL
   FileVer:    10.0.14393.0
   ProdVer:    10.0.14393.0

Module 77
C:\Windows\System32\GDI32.dll
Image Base: 0x76eb0000  Image Size: 0x0002b000
File Size:  170960      File Time:  2016-12-16_034008
Version:
   Company:    Microsoft Corporation
   Product:    MicrosoftR WindowsR Operating System
   FileDesc:   GDI Client DLL
   FileVer:    10.0.14393.206
   ProdVer:    10.0.14393.206

Module 78
C:\Windows\SYSTEM32\ntdll.dll
Image Base: 0x76ee0000  Image Size: 0x00183000
File Size:  1572768     File Time:  2016-11-11_160000
Version:
   Company:    Microsoft Corporation
   Product:    MicrosoftR WindowsR Operating System
   FileDesc:   NT 階層 DLL
   FileVer:    10.0.14393.479
   ProdVer:    10.0.14393.479


== [end of error.log] ==
